
===============Init Logging================

09/01/2011 - 08:49:51 	===== Ouverture de session =====
09/01/2011 - 08:52:30 	Début du calcul
09/01/2011 - 08:52:30 	Nombre de positions : 1
09/01/2011 - 08:52:30 	Simulation inactivée
09/01/2011 - 08:52:30 	Lecture des conditions initiales
09/01/2011 - 08:52:30 	Fin du calcul
09/01/2011 - 08:52:47 	Début du calcul
09/01/2011 - 08:52:47 	Nombre de positions : 300
09/01/2011 - 08:52:47 	Simulation inactivée
09/01/2011 - 08:52:47 	Lecture des conditions initiales
09/01/2011 - 08:52:47 	Fin du calcul
09/01/2011 - 08:54:38 	Début du calcul
09/01/2011 - 08:54:38 	Nombre de positions : 300
09/01/2011 - 08:54:38 	Simulation inactivée
09/01/2011 - 08:54:38 	Lecture des conditions initiales
09/01/2011 - 08:54:38 	Fin du calcul
09/01/2011 - 10:11:00 	Début du calcul
09/01/2011 - 10:11:00 	Nombre de positions : 1000
09/01/2011 - 10:11:00 	Simulation inactivée
09/01/2011 - 10:11:00 	Lecture des conditions initiales
09/01/2011 - 10:11:00 	Fin du calcul
09/01/2011 - 12:24:30 	===== Fermeture de session =====

===============Finish Logging================


===============Init Logging================

04/04/2013 - 17:12:30 	===== Ouverture de session =====
04/04/2013 - 17:15:56 	Début du calcul
04/04/2013 - 17:15:56 	Nombre de positions : 1000
04/04/2013 - 17:15:56 	Simulation inactivée
04/04/2013 - 17:15:56 	Lecture des conditions initiales
04/04/2013 - 17:16:06 	Fin du calcul
04/04/2013 - 17:32:28 	Début du calcul
04/04/2013 - 17:32:28 	Nombre de positions : 1000
04/04/2013 - 17:32:28 	Simulation inactivée
04/04/2013 - 17:32:28 	Lecture des conditions initiales
04/04/2013 - 17:32:42 	Fin du calcul
04/04/2013 - 17:37:43 	Début du calcul
04/04/2013 - 17:37:43 	Nombre de positions : 1000
04/04/2013 - 17:37:43 	Simulation inactivée
04/04/2013 - 17:37:43 	Lecture des conditions initiales
04/04/2013 - 17:37:48 	Fin du calcul
04/04/2013 - 17:37:51 	Début du calcul
04/04/2013 - 17:37:51 	Nombre de positions : 1000
04/04/2013 - 17:37:51 	Simulation inactivée
04/04/2013 - 17:37:51 	Lecture des conditions initiales
04/04/2013 - 17:38:00 	Fin du calcul
04/04/2013 - 17:39:28 	Début du calcul
04/04/2013 - 17:39:28 	Nombre de positions : 1000
04/04/2013 - 17:39:28 	Simulation inactivée
04/04/2013 - 17:39:28 	Lecture des conditions initiales
04/04/2013 - 17:39:41 	Fin du calcul
04/04/2013 - 17:43:49 	Début du calcul
04/04/2013 - 17:43:49 	Nombre de positions : 1000
04/04/2013 - 17:43:49 	Simulation inactivée
04/04/2013 - 17:43:49 	Lecture des conditions initiales
04/04/2013 - 17:44:01 	Fin du calcul
04/04/2013 - 17:47:22 	Début du calcul
04/04/2013 - 17:47:22 	Nombre de positions : 1000
04/04/2013 - 17:47:22 	Simulation inactivée
04/04/2013 - 17:47:22 	Lecture des conditions initiales
04/04/2013 - 17:47:35 	Fin du calcul
04/04/2013 - 17:49:42 	Début du calcul
04/04/2013 - 17:49:42 	Nombre de positions : 1000
04/04/2013 - 17:49:42 	Simulation inactivée
04/04/2013 - 17:49:42 	Lecture des conditions initiales
04/04/2013 - 17:49:55 	Fin du calcul
04/04/2013 - 17:49:57 	Début du calcul
04/04/2013 - 17:49:57 	Nombre de positions : 1000
04/04/2013 - 17:49:57 	Simulation inactivée
04/04/2013 - 17:49:57 	Lecture des conditions initiales
04/04/2013 - 17:50:10 	Fin du calcul
04/04/2013 - 17:56:57 	Début du calcul
04/04/2013 - 17:56:57 	Nombre de positions : 1000
04/04/2013 - 17:56:57 	Simulation inactivée
04/04/2013 - 17:56:57 	Lecture des conditions initiales
04/04/2013 - 17:57:10 	Fin du calcul
04/04/2013 - 18:21:37 	===== Fermeture de session =====

===============Finish Logging================


===============Init Logging================

05/04/2013 - 09:38:16 	===== Ouverture de session =====
05/04/2013 - 09:45:14 	Début du calcul
05/04/2013 - 09:45:14 	Nombre de positions : 1000
05/04/2013 - 09:45:14 	Simulation inactivée
05/04/2013 - 09:45:14 	Lecture des conditions initiales
05/04/2013 - 09:45:18 	Fin du calcul
05/04/2013 - 09:47:23 	Début du calcul
05/04/2013 - 09:47:23 	Nombre de positions : 1000
05/04/2013 - 09:47:23 	Simulation inactivée
05/04/2013 - 09:47:23 	Lecture des conditions initiales

===============Init Logging================

05/04/2013 - 10:14:00 	===== Ouverture de session =====
05/04/2013 - 10:15:07 	Début du calcul
05/04/2013 - 10:15:07 	Nombre de positions : 1000
05/04/2013 - 10:15:07 	Simulation inactivée
05/04/2013 - 10:15:07 	Lecture des conditions initiales
05/04/2013 - 10:15:10 	Fin du calcul
05/04/2013 - 10:22:58 	Début du calcul
05/04/2013 - 10:22:58 	Nombre de positions : 1000
05/04/2013 - 10:22:58 	Simulation inactivée
05/04/2013 - 10:22:58 	Lecture des conditions initiales
05/04/2013 - 10:23:02 	Fin du calcul
05/04/2013 - 10:29:08 	Début du calcul
05/04/2013 - 10:29:08 	Nombre de positions : 1000
05/04/2013 - 10:29:08 	Simulation inactivée
05/04/2013 - 10:29:08 	Lecture des conditions initiales
05/04/2013 - 10:29:12 	Fin du calcul
05/04/2013 - 10:30:22 	Début du calcul
05/04/2013 - 10:30:22 	Nombre de positions : 1000
05/04/2013 - 10:30:22 	Simulation inactivée
05/04/2013 - 10:30:22 	Lecture des conditions initiales
05/04/2013 - 10:30:26 	Fin du calcul
05/04/2013 - 10:45:50 	Début du calcul
05/04/2013 - 10:45:50 	Nombre de positions : 1000
05/04/2013 - 10:45:50 	Simulation inactivée
05/04/2013 - 10:45:50 	Lecture des conditions initiales
05/04/2013 - 10:45:56 	Fin du calcul
05/04/2013 - 10:47:27 	Début du calcul
05/04/2013 - 10:47:27 	Nombre de positions : 1000
05/04/2013 - 10:47:27 	Simulation inactivée
05/04/2013 - 10:47:27 	Lecture des conditions initiales
05/04/2013 - 10:47:34 	Fin du calcul
05/04/2013 - 10:47:45 	Début du calcul
05/04/2013 - 10:47:45 	Nombre de positions : 1000
05/04/2013 - 10:47:45 	Simulation inactivée
05/04/2013 - 10:47:45 	Lecture des conditions initiales
05/04/2013 - 10:47:50 	Fin du calcul
05/04/2013 - 11:30:00 	Début du calcul
05/04/2013 - 11:30:00 	Nombre de positions : 1000
05/04/2013 - 11:30:00 	Simulation inactivée
05/04/2013 - 11:30:00 	Lecture des conditions initiales
05/04/2013 - 11:30:06 	Fin du calcul
05/04/2013 - 11:30:46 	Début du calcul
05/04/2013 - 11:30:46 	Nombre de positions : 1000
05/04/2013 - 11:30:46 	Simulation inactivée
05/04/2013 - 11:30:46 	Lecture des conditions initiales
05/04/2013 - 11:30:49 	Fin du calcul
05/04/2013 - 11:30:53 	Début du calcul
05/04/2013 - 11:30:53 	Nombre de positions : 1000
05/04/2013 - 11:30:53 	Simulation inactivée
05/04/2013 - 11:30:53 	Lecture des conditions initiales
05/04/2013 - 11:30:57 	Fin du calcul
05/04/2013 - 11:31:12 	Début du calcul
05/04/2013 - 11:31:12 	Nombre de positions : 1000
05/04/2013 - 11:31:12 	Simulation inactivée
05/04/2013 - 11:31:12 	Lecture des conditions initiales
05/04/2013 - 11:31:16 	Fin du calcul
05/04/2013 - 11:31:38 	Début du calcul
05/04/2013 - 11:31:38 	Nombre de positions : 1000
05/04/2013 - 11:31:38 	Simulation inactivée
05/04/2013 - 11:31:38 	Lecture des conditions initiales
05/04/2013 - 11:31:44 	Fin du calcul
05/04/2013 - 11:40:53 	===== Fermeture de session =====

===============Finish Logging================


===============Init Logging================

09/04/2013 - 14:46:42 	===== Ouverture de session =====
09/04/2013 - 14:47:43 	Début du calcul
09/04/2013 - 14:47:43 	Nombre de positions : 1000
09/04/2013 - 14:47:43 	Simulation inactivée
09/04/2013 - 14:47:43 	Lecture des conditions initiales
09/04/2013 - 14:47:49 	Fin du calcul
09/04/2013 - 14:48:39 	Début du calcul
09/04/2013 - 14:48:39 	Nombre de positions : 1000
09/04/2013 - 14:48:39 	Simulation inactivée
09/04/2013 - 14:48:39 	Lecture des conditions initiales
09/04/2013 - 14:48:48 	Fin du calcul
09/04/2013 - 14:48:51 	Début du calcul
09/04/2013 - 14:48:51 	Nombre de positions : 1000
09/04/2013 - 14:48:51 	Simulation inactivée
09/04/2013 - 14:48:51 	Lecture des conditions initiales
09/04/2013 - 14:48:56 	Fin du calcul
09/04/2013 - 14:49:18 	Début du calcul
09/04/2013 - 14:49:18 	Nombre de positions : 1000
09/04/2013 - 14:49:18 	Simulation inactivée
09/04/2013 - 14:49:18 	Lecture des conditions initiales
09/04/2013 - 14:49:24 	Fin du calcul
09/04/2013 - 14:50:33 	Début du calcul
09/04/2013 - 14:50:33 	Nombre de positions : 1000
09/04/2013 - 14:50:33 	Simulation inactivée
09/04/2013 - 14:50:33 	Lecture des conditions initiales
09/04/2013 - 14:50:40 	Fin du calcul
09/04/2013 - 14:52:33 	Début du calcul
09/04/2013 - 14:52:33 	Nombre de positions : 1000
09/04/2013 - 14:52:33 	Simulation inactivée
09/04/2013 - 14:52:33 	Lecture des conditions initiales
09/04/2013 - 14:52:38 	Fin du calcul
09/04/2013 - 14:53:04 	Début du calcul
09/04/2013 - 14:53:04 	Nombre de positions : 1000
09/04/2013 - 14:53:04 	Simulation inactivée
09/04/2013 - 14:53:04 	Lecture des conditions initiales
09/04/2013 - 14:53:11 	Fin du calcul
09/04/2013 - 14:57:33 	Début du calcul
09/04/2013 - 14:57:33 	Nombre de positions : 1000
09/04/2013 - 14:57:33 	Simulation inactivée
09/04/2013 - 14:57:33 	Lecture des conditions initiales
09/04/2013 - 14:57:38 	Fin du calcul
09/04/2013 - 14:59:28 	Début du calcul
09/04/2013 - 14:59:28 	Nombre de positions : 1000
09/04/2013 - 14:59:28 	Simulation inactivée
09/04/2013 - 14:59:28 	Lecture des conditions initiales
09/04/2013 - 14:59:33 	Fin du calcul
09/04/2013 - 15:03:40 	===== Fermeture de session =====

===============Finish Logging================


===============Init Logging================

09/04/2013 - 15:03:50 	===== Ouverture de session =====
09/04/2013 - 15:05:14 	Début du calcul
09/04/2013 - 15:05:14 	Nombre de positions : 1000
09/04/2013 - 15:05:14 	Simulation inactivée
09/04/2013 - 15:05:14 	Lecture des conditions initiales
09/04/2013 - 15:05:16 	Fin du calcul
09/04/2013 - 15:05:53 	Début du calcul
09/04/2013 - 15:05:53 	Nombre de positions : 200
09/04/2013 - 15:05:53 	Simulation inactivée
09/04/2013 - 15:05:53 	Lecture des conditions initiales
09/04/2013 - 15:05:53 	Fin du calcul
09/04/2013 - 15:05:56 	Début du calcul
09/04/2013 - 15:05:56 	Nombre de positions : 200
09/04/2013 - 15:05:56 	Simulation inactivée
09/04/2013 - 15:05:56 	Lecture des conditions initiales
09/04/2013 - 15:05:57 	Fin du calcul
09/04/2013 - 15:06:26 	Début du calcul
09/04/2013 - 15:06:26 	Nombre de positions : 200
09/04/2013 - 15:06:26 	Simulation inactivée
09/04/2013 - 15:06:26 	Lecture des conditions initiales
09/04/2013 - 15:06:27 	Fin du calcul
09/04/2013 - 15:07:02 	Début du calcul
09/04/2013 - 15:07:02 	Nombre de positions : 200
09/04/2013 - 15:07:02 	Simulation inactivée
09/04/2013 - 15:07:02 	Lecture des conditions initiales
09/04/2013 - 15:07:02 	Fin du calcul
09/04/2013 - 15:12:27 	===== Fermeture de session =====

===============Finish Logging================


===============Init Logging================

09/04/2013 - 15:12:52 	===== Ouverture de session =====
09/04/2013 - 15:19:34 	Début du calcul
09/04/2013 - 15:19:34 	Nombre de positions : 200
09/04/2013 - 15:19:34 	Simulation inactivée
09/04/2013 - 15:19:34 	Lecture des conditions initiales
09/04/2013 - 15:19:35 	Fin du calcul
09/04/2013 - 16:01:29 	===== Fermeture de session =====

===============Finish Logging================


===============Init Logging================

09/04/2013 - 17:35:28 	===== Ouverture de session =====
09/04/2013 - 17:36:02 	Début du calcul
09/04/2013 - 17:36:02 	Nombre de positions : 200
09/04/2013 - 17:36:02 	Simulation inactivée
09/04/2013 - 17:36:02 	Lecture des conditions initiales
09/04/2013 - 17:36:03 	Fin du calcul
09/04/2013 - 17:41:36 	Début du calcul
09/04/2013 - 17:41:36 	Nombre de positions : 200
09/04/2013 - 17:41:36 	Simulation inactivée
09/04/2013 - 17:41:36 	Lecture des conditions initiales
09/04/2013 - 17:41:37 	Fin du calcul
09/04/2013 - 17:44:11 	Début du calcul
09/04/2013 - 17:44:11 	Nombre de positions : 200
09/04/2013 - 17:44:11 	Simulation inactivée
09/04/2013 - 17:44:11 	Lecture des conditions initiales
09/04/2013 - 17:44:11 	Fin du calcul
09/04/2013 - 17:45:15 	===== Fermeture de session =====

===============Finish Logging================


===============Init Logging================

10/04/2013 - 10:55:42 	===== Ouverture de session =====
10/04/2013 - 10:56:40 	Début du calcul
10/04/2013 - 10:56:40 	Nombre de positions : 500
10/04/2013 - 10:56:40 	Simulation inactivée
10/04/2013 - 10:56:40 	Lecture des conditions initiales
10/04/2013 - 10:56:43 	Fin du calcul
10/04/2013 - 11:08:19 	Début du calcul
10/04/2013 - 11:08:19 	Nombre de positions : 500
10/04/2013 - 11:08:19 	Simulation inactivée
10/04/2013 - 11:08:19 	Lecture des conditions initiales
10/04/2013 - 11:08:21 	Fin du calcul
10/04/2013 - 11:08:29 	Début du calcul
10/04/2013 - 11:08:29 	Nombre de positions : 500
10/04/2013 - 11:08:29 	Simulation inactivée
10/04/2013 - 11:08:29 	Lecture des conditions initiales
10/04/2013 - 11:08:31 	Fin du calcul
10/04/2013 - 11:09:01 	Début du calcul
10/04/2013 - 11:09:01 	Nombre de positions : 500
10/04/2013 - 11:09:01 	Simulation inactivée
10/04/2013 - 11:09:01 	Lecture des conditions initiales
10/04/2013 - 11:09:03 	Fin du calcul
10/04/2013 - 11:20:07 	Début du calcul
10/04/2013 - 11:20:07 	Nombre de positions : 500
10/04/2013 - 11:20:07 	Simulation inactivée
10/04/2013 - 11:20:07 	Lecture des conditions initiales
10/04/2013 - 11:20:09 	Fin du calcul
10/04/2013 - 11:25:05 	Début du calcul
10/04/2013 - 11:25:05 	Nombre de positions : 500
10/04/2013 - 11:25:05 	Simulation inactivée
10/04/2013 - 11:25:05 	Lecture des conditions initiales
10/04/2013 - 11:25:07 	Fin du calcul
10/04/2013 - 11:26:09 	Début du calcul
10/04/2013 - 11:26:09 	Nombre de positions : 500
10/04/2013 - 11:26:09 	Simulation inactivée
10/04/2013 - 11:26:09 	Lecture des conditions initiales
10/04/2013 - 11:26:11 	Fin du calcul
10/04/2013 - 11:34:22 	Début du calcul
10/04/2013 - 11:34:22 	Nombre de positions : 500
10/04/2013 - 11:34:22 	Simulation inactivée
10/04/2013 - 11:34:22 	Lecture des conditions initiales
10/04/2013 - 11:34:24 	Fin du calcul
10/04/2013 - 11:35:03 	Début du calcul
10/04/2013 - 11:35:03 	Nombre de positions : 500
10/04/2013 - 11:35:03 	Simulation inactivée
10/04/2013 - 11:35:03 	Lecture des conditions initiales
10/04/2013 - 11:35:05 	Fin du calcul
10/04/2013 - 11:35:28 	Début du calcul
10/04/2013 - 11:35:28 	Nombre de positions : 500
10/04/2013 - 11:35:28 	Simulation inactivée
10/04/2013 - 11:35:28 	Lecture des conditions initiales
10/04/2013 - 11:35:30 	Fin du calcul
10/04/2013 - 11:36:19 	Début du calcul
10/04/2013 - 11:36:19 	Nombre de positions : 500
10/04/2013 - 11:36:19 	Simulation inactivée
10/04/2013 - 11:36:19 	Lecture des conditions initiales
10/04/2013 - 11:36:21 	Fin du calcul
10/04/2013 - 11:38:38 	===== Fermeture de session =====

===============Finish Logging================


===============Init Logging================

19/06/2013 - 09:07:24 	===== Ouverture de session =====
19/06/2013 - 09:09:22 	Début du calcul
19/06/2013 - 09:09:22 	Nombre de positions : 500
19/06/2013 - 09:09:22 	Simulation inactivée
19/06/2013 - 09:09:22 	Lecture des conditions initiales
19/06/2013 - 09:09:24 	Fin du calcul
19/06/2013 - 09:10:06 	Début du calcul
19/06/2013 - 09:10:06 	Nombre de positions : 0
19/06/2013 - 09:10:06 	Simulation inactivée
19/06/2013 - 09:10:06 	Lecture des conditions initiales
19/06/2013 - 09:10:06 	Fin du calcul
19/06/2013 - 09:11:20 	Début du calcul
19/06/2013 - 09:11:20 	Nombre de positions : 0
19/06/2013 - 09:11:20 	Simulation inactivée
19/06/2013 - 09:11:20 	Lecture des conditions initiales
19/06/2013 - 09:11:20 	Fin du calcul
19/06/2013 - 09:11:25 	Début du calcul
19/06/2013 - 09:11:25 	Nombre de positions : 1000
19/06/2013 - 09:11:25 	Simulation inactivée
19/06/2013 - 09:11:25 	Lecture des conditions initiales
19/06/2013 - 09:11:25 	Fin du calcul
19/06/2013 - 09:11:29 	Début du calcul
19/06/2013 - 09:11:29 	Nombre de positions : 1000
19/06/2013 - 09:11:29 	Simulation inactivée
19/06/2013 - 09:11:29 	Lecture des conditions initiales
19/06/2013 - 09:11:33 	Fin du calcul
19/06/2013 - 09:12:07 	===== Fermeture de session =====

===============Finish Logging================

