
===============Init Logging================

06/06/2005 - 12:16:08 	===== Ouverture de session =====
06/06/2005 - 12:19:40 	Début du calcul
06/06/2005 - 12:19:40 	Nombre de positions : 1000
06/06/2005 - 12:19:40 	Simulation inactivée
06/06/2005 - 12:19:40 	Lecture des conditions initiales
06/06/2005 - 12:19:45 	Fin du calcul
06/06/2005 - 12:27:34 	===== Fermeture de session =====

===============Finish Logging================


===============Init Logging================

06/06/2005 - 13:34:52 	===== Ouverture de session =====
06/06/2005 - 13:43:23 	Début du calcul
06/06/2005 - 13:43:23 	Nombre de positions : 1000
06/06/2005 - 13:43:23 	Simulation inactivée
06/06/2005 - 13:43:23 	Lecture des conditions initiales
06/06/2005 - 13:43:27 	Fin du calcul
06/06/2005 - 13:48:08 	Début du calcul
06/06/2005 - 13:48:08 	Nombre de positions : 1000
06/06/2005 - 13:48:08 	Simulation inactivée
06/06/2005 - 13:48:08 	Lecture des conditions initiales
06/06/2005 - 13:48:11 	Fin du calcul
06/06/2005 - 13:54:22 	===== Fermeture de session =====

===============Finish Logging================


===============Init Logging================

06/06/2005 - 13:55:32 	===== Ouverture de session =====
06/06/2005 - 13:58:30 	===== Fermeture de session =====

===============Finish Logging================


===============Init Logging================

06/06/2005 - 13:59:47 	===== Ouverture de session =====
06/06/2005 - 14:09:39 	Début du calcul
06/06/2005 - 14:09:39 	Nombre de positions : 1000
06/06/2005 - 14:09:39 	Simulation inactivée
06/06/2005 - 14:09:39 	Lecture des conditions initiales
06/06/2005 - 14:09:42 	Fin du calcul
06/06/2005 - 14:12:07 	Début du calcul
06/06/2005 - 14:12:07 	Nombre de positions : 1000
06/06/2005 - 14:12:07 	Simulation inactivée
06/06/2005 - 14:12:07 	Lecture des conditions initiales
06/06/2005 - 14:12:10 	Fin du calcul
06/06/2005 - 14:16:51 	===== Fermeture de session =====

===============Finish Logging================


===============Init Logging================

06/06/2005 - 14:25:22 	===== Ouverture de session =====
06/06/2005 - 14:54:20 	Début du calcul
06/06/2005 - 14:54:20 	Nombre de positions : 1000
06/06/2005 - 14:54:20 	Simulation inactivée
06/06/2005 - 14:54:20 	Lecture des conditions initiales
06/06/2005 - 14:54:23 	Fin du calcul
06/06/2005 - 14:55:49 	Début du calcul
06/06/2005 - 14:55:49 	Nombre de positions : 1000
06/06/2005 - 14:55:49 	Simulation inactivée
06/06/2005 - 14:55:49 	Lecture des conditions initiales
06/06/2005 - 14:55:52 	Fin du calcul
06/06/2005 - 14:58:01 	Début du calcul
06/06/2005 - 14:58:01 	Nombre de positions : 1000
06/06/2005 - 14:58:01 	Simulation inactivée
06/06/2005 - 14:58:01 	Lecture des conditions initiales
06/06/2005 - 14:58:05 	Fin du calcul
06/06/2005 - 14:59:43 	Début du calcul
06/06/2005 - 14:59:43 	Nombre de positions : 1000
06/06/2005 - 14:59:43 	Simulation inactivée
06/06/2005 - 14:59:43 	Lecture des conditions initiales
06/06/2005 - 14:59:47 	Fin du calcul
06/06/2005 - 15:00:53 	Début du calcul
06/06/2005 - 15:00:53 	Nombre de positions : 1000
06/06/2005 - 15:00:53 	Simulation inactivée
06/06/2005 - 15:00:53 	Lecture des conditions initiales
06/06/2005 - 15:00:57 	Fin du calcul
06/06/2005 - 15:01:50 	Début du calcul
06/06/2005 - 15:01:50 	Nombre de positions : 1000
06/06/2005 - 15:01:50 	Simulation inactivée
06/06/2005 - 15:01:50 	Lecture des conditions initiales
06/06/2005 - 15:01:53 	Fin du calcul
06/06/2005 - 15:44:41 	===== Fermeture de session =====

===============Finish Logging================


===============Init Logging================

06/06/2005 - 16:28:01 	===== Ouverture de session =====
06/06/2005 - 16:28:57 	Début du calcul
06/06/2005 - 16:28:57 	Nombre de positions : 1000
06/06/2005 - 16:28:57 	Simulation inactivée
06/06/2005 - 16:28:57 	Lecture des conditions initiales
06/06/2005 - 16:29:00 	Fin du calcul
06/06/2005 - 16:31:51 	===== Fermeture de session =====

===============Finish Logging================


===============Init Logging================

06/06/2005 - 16:33:00 	===== Ouverture de session =====
06/06/2005 - 16:33:52 	Début du calcul
06/06/2005 - 16:33:52 	Nombre de positions : 1000
06/06/2005 - 16:33:52 	Simulation inactivée
06/06/2005 - 16:33:52 	Lecture des conditions initiales
06/06/2005 - 16:33:55 	Fin du calcul
06/06/2005 - 16:34:10 	Début du calcul
06/06/2005 - 16:34:10 	Nombre de positions : 1000
06/06/2005 - 16:34:10 	Simulation inactivée
06/06/2005 - 16:34:10 	Lecture des conditions initiales
06/06/2005 - 16:34:13 	Fin du calcul
06/06/2005 - 16:37:19 	===== Fermeture de session =====

===============Finish Logging================


===============Init Logging================

07/06/2005 - 10:28:50 	===== Ouverture de session =====
07/06/2005 - 11:00:32 	===== Fermeture de session =====

===============Finish Logging================


===============Init Logging================

07/06/2005 - 12:04:23 	===== Ouverture de session =====
07/06/2005 - 12:04:48 	Début du calcul
07/06/2005 - 12:04:48 	Nombre de positions : 1000
07/06/2005 - 12:04:48 	Simulation inactivée
07/06/2005 - 12:04:48 	Lecture des conditions initiales
07/06/2005 - 12:04:51 	Fin du calcul
07/06/2005 - 12:40:52 	===== Fermeture de session =====

===============Finish Logging================


===============Init Logging================

07/06/2005 - 14:24:16 	===== Ouverture de session =====
07/06/2005 - 14:24:43 	Début du calcul
07/06/2005 - 14:24:43 	Nombre de positions : 1000
07/06/2005 - 14:24:43 	Simulation inactivée
07/06/2005 - 14:24:43 	Lecture des conditions initiales
07/06/2005 - 14:24:45 	Fin du calcul
07/06/2005 - 14:26:12 	===== Fermeture de session =====

===============Finish Logging================


===============Init Logging================

07/06/2005 - 14:26:39 	===== Ouverture de session =====
07/06/2005 - 14:27:15 	Début du calcul
07/06/2005 - 14:27:15 	Nombre de positions : 1000
07/06/2005 - 14:27:15 	Simulation inactivée
07/06/2005 - 14:27:15 	Lecture des conditions initiales
07/06/2005 - 14:27:18 	Fin du calcul
07/06/2005 - 14:30:13 	===== Fermeture de session =====

===============Finish Logging================


===============Init Logging================

07/06/2005 - 15:12:21 	===== Ouverture de session =====
07/06/2005 - 15:12:26 	===== Fermeture de session =====

===============Finish Logging================


===============Init Logging================

07/06/2005 - 18:24:46 	===== Ouverture de session =====
07/06/2005 - 18:43:39 	Début du calcul
07/06/2005 - 18:43:39 	Nombre de positions : 1000
07/06/2005 - 18:43:39 	Simulation inactivée
07/06/2005 - 18:43:39 	Lecture des conditions initiales
07/06/2005 - 18:43:43 	Fin du calcul
07/06/2005 - 18:44:14 	Début du calcul
07/06/2005 - 18:44:14 	Nombre de positions : 1000
07/06/2005 - 18:44:14 	Simulation inactivée
07/06/2005 - 18:44:14 	Lecture des conditions initiales
07/06/2005 - 18:44:17 	Fin du calcul
07/06/2005 - 18:47:11 	Début du calcul
07/06/2005 - 18:47:11 	Nombre de positions : 1000
07/06/2005 - 18:47:11 	Simulation inactivée
07/06/2005 - 18:47:11 	Lecture des conditions initiales
07/06/2005 - 18:47:14 	Fin du calcul
07/06/2005 - 18:47:33 	Début du calcul
07/06/2005 - 18:47:33 	Nombre de positions : 1000
07/06/2005 - 18:47:33 	Simulation inactivée
07/06/2005 - 18:47:33 	Lecture des conditions initiales
07/06/2005 - 18:47:35 	Fin du calcul
07/06/2005 - 18:52:25 	Début du calcul
07/06/2005 - 18:52:25 	Nombre de positions : 1000
07/06/2005 - 18:52:25 	Simulation inactivée
07/06/2005 - 18:52:25 	Lecture des conditions initiales
07/06/2005 - 18:52:27 	Fin du calcul
07/06/2005 - 18:52:48 	Début du calcul
07/06/2005 - 18:52:48 	Nombre de positions : 1000
07/06/2005 - 18:52:48 	Simulation inactivée
07/06/2005 - 18:52:48 	Lecture des conditions initiales
07/06/2005 - 18:52:51 	Fin du calcul
07/06/2005 - 18:53:19 	===== Fermeture de session =====

===============Finish Logging================


===============Init Logging================

08/06/2005 - 20:30:25 	===== Ouverture de session =====
08/06/2005 - 21:08:24 	===== Fermeture de session =====

===============Finish Logging================


===============Init Logging================

09/06/2005 - 21:10:21 	===== Ouverture de session =====
09/06/2005 - 21:42:38 	===== Fermeture de session =====

===============Finish Logging================


===============Init Logging================

09/06/2005 - 21:47:22 	===== Ouverture de session =====
09/06/2005 - 21:47:31 	===== Fermeture de session =====

===============Finish Logging================


===============Init Logging================

09/06/2005 - 21:49:48 	===== Ouverture de session =====
09/06/2005 - 22:05:35 	===== Fermeture de session =====

===============Finish Logging================


===============Init Logging================

09/06/2005 - 22:06:27 	===== Ouverture de session =====
09/06/2005 - 22:09:51 	Début du calcul
09/06/2005 - 22:09:51 	Nombre de positions : 1000
09/06/2005 - 22:09:51 	Simulation inactivée
09/06/2005 - 22:09:51 	Lecture des conditions initiales
09/06/2005 - 22:09:55 	Fin du calcul
09/06/2005 - 22:32:00 	===== Fermeture de session =====

===============Finish Logging================


===============Init Logging================

09/06/2005 - 22:35:01 	===== Ouverture de session =====
09/06/2005 - 23:03:38 	Début du calcul
09/06/2005 - 23:03:38 	Nombre de positions : 1000
09/06/2005 - 23:03:38 	Simulation inactivée
09/06/2005 - 23:03:38 	Lecture des conditions initiales
09/06/2005 - 23:03:43 	Fin du calcul
09/06/2005 - 23:06:28 	===== Fermeture de session =====

===============Finish Logging================


===============Init Logging================

09/06/2005 - 23:45:36 	===== Ouverture de session =====
09/06/2005 - 23:49:54 	===== Fermeture de session =====

===============Finish Logging================


===============Init Logging================

10/06/2005 - 00:34:21 	===== Ouverture de session =====
10/06/2005 - 00:36:20 	===== Fermeture de session =====

===============Finish Logging================


===============Init Logging================

16/06/2005 - 15:18:05 	===== Ouverture de session =====
16/06/2005 - 15:48:48 	Début du calcul
16/06/2005 - 15:48:48 	Nombre de positions : 1000
16/06/2005 - 15:48:48 	Simulation inactivée
16/06/2005 - 15:48:48 	Lecture des conditions initiales
16/06/2005 - 15:48:52 	Fin du calcul
16/06/2005 - 15:51:55 	Début du calcul
16/06/2005 - 15:51:55 	Nombre de positions : 1000
16/06/2005 - 15:51:55 	Simulation inactivée
16/06/2005 - 15:51:55 	Lecture des conditions initiales
16/06/2005 - 15:51:58 	Fin du calcul
16/06/2005 - 15:53:00 	Début du calcul
16/06/2005 - 15:53:00 	Nombre de positions : 1000
16/06/2005 - 15:53:00 	Simulation inactivée
16/06/2005 - 15:53:00 	Lecture des conditions initiales
16/06/2005 - 15:53:03 	Fin du calcul
16/06/2005 - 15:56:52 	Début du calcul
16/06/2005 - 15:56:52 	Nombre de positions : 1000
16/06/2005 - 15:56:52 	Simulation inactivée
16/06/2005 - 15:56:52 	Lecture des conditions initiales
16/06/2005 - 15:56:55 	Fin du calcul
16/06/2005 - 15:58:03 	Début du calcul
16/06/2005 - 15:58:03 	Nombre de positions : 1000
16/06/2005 - 15:58:03 	Simulation inactivée
16/06/2005 - 15:58:03 	Lecture des conditions initiales
16/06/2005 - 15:58:06 	Fin du calcul
16/06/2005 - 15:59:34 	Début du calcul
16/06/2005 - 15:59:34 	Nombre de positions : 1000
16/06/2005 - 15:59:34 	Simulation inactivée
16/06/2005 - 15:59:34 	Lecture des conditions initiales
16/06/2005 - 15:59:37 	Fin du calcul
16/06/2005 - 16:05:13 	Début du calcul
16/06/2005 - 16:05:13 	Nombre de positions : 1000
16/06/2005 - 16:05:13 	Simulation inactivée
16/06/2005 - 16:05:13 	Lecture des conditions initiales
16/06/2005 - 16:05:16 	Fin du calcul
16/06/2005 - 16:07:38 	Début du calcul
16/06/2005 - 16:07:38 	Nombre de positions : 1000
16/06/2005 - 16:07:38 	Simulation inactivée
16/06/2005 - 16:07:38 	Lecture des conditions initiales
16/06/2005 - 16:07:41 	Fin du calcul
16/06/2005 - 16:08:38 	Début du calcul
16/06/2005 - 16:08:38 	Nombre de positions : 1000
16/06/2005 - 16:08:38 	Simulation inactivée
16/06/2005 - 16:08:38 	Lecture des conditions initiales
16/06/2005 - 16:08:41 	Fin du calcul
16/06/2005 - 16:13:36 	Début du calcul
16/06/2005 - 16:13:36 	Nombre de positions : 1000
16/06/2005 - 16:13:36 	Simulation inactivée
16/06/2005 - 16:13:36 	Lecture des conditions initiales
16/06/2005 - 16:13:39 	Fin du calcul
16/06/2005 - 16:22:19 	Début du calcul
16/06/2005 - 16:22:19 	Nombre de positions : 1000
16/06/2005 - 16:22:19 	Simulation inactivée
16/06/2005 - 16:22:19 	Lecture des conditions initiales
16/06/2005 - 16:22:22 	Fin du calcul
16/06/2005 - 16:27:30 	Début du calcul
16/06/2005 - 16:27:30 	Nombre de positions : 1000
16/06/2005 - 16:27:30 	Simulation inactivée
16/06/2005 - 16:27:30 	Lecture des conditions initiales
16/06/2005 - 16:27:33 	Fin du calcul
16/06/2005 - 16:59:07 	Début du calcul
16/06/2005 - 16:59:07 	Nombre de positions : 1000
16/06/2005 - 16:59:07 	Simulation inactivée
16/06/2005 - 16:59:07 	Lecture des conditions initiales
16/06/2005 - 16:59:10 	Fin du calcul
16/06/2005 - 17:03:02 	===== Fermeture de session =====

===============Finish Logging================


===============Init Logging================

19/06/2005 - 11:26:39 	===== Ouverture de session =====
19/06/2005 - 11:32:08 	Début du calcul
19/06/2005 - 11:32:08 	Nombre de positions : 1000
19/06/2005 - 11:32:08 	Simulation inactivée
19/06/2005 - 11:32:08 	Lecture des conditions initiales
19/06/2005 - 11:32:12 	Fin du calcul
19/06/2005 - 11:32:33 	Début du calcul
19/06/2005 - 11:32:33 	Nombre de positions : 1000
19/06/2005 - 11:32:33 	Simulation inactivée
19/06/2005 - 11:32:33 	Lecture des conditions initiales
19/06/2005 - 11:32:37 	Fin du calcul
19/06/2005 - 11:33:23 	===== Fermeture de session =====

===============Finish Logging================


===============Init Logging================

19/06/2005 - 11:42:31 	===== Ouverture de session =====
19/06/2005 - 11:48:55 	===== Fermeture de session =====

===============Finish Logging================


===============Init Logging================

20/06/2005 - 09:03:38 	===== Ouverture de session =====
20/06/2005 - 09:28:24 	Début du calcul
20/06/2005 - 09:28:24 	Nombre de positions : 1000
20/06/2005 - 09:28:24 	Simulation inactivée
20/06/2005 - 09:28:24 	Lecture des conditions initiales
20/06/2005 - 09:28:27 	Fin du calcul
20/06/2005 - 10:46:56 	Début du calcul
20/06/2005 - 10:46:56 	Nombre de positions : 1000
20/06/2005 - 10:46:56 	Simulation inactivée
20/06/2005 - 10:46:56 	Lecture des conditions initiales
20/06/2005 - 10:47:00 	Fin du calcul
20/06/2005 - 11:43:37 	===== Fermeture de session =====

===============Finish Logging================


===============Init Logging================

20/06/2005 - 15:49:43 	===== Ouverture de session =====
20/06/2005 - 16:54:49 	===== Fermeture de session =====

===============Finish Logging================


===============Init Logging================

21/06/2005 - 02:17:01 	===== Ouverture de session =====
21/06/2005 - 02:19:38 	===== Fermeture de session =====

===============Finish Logging================


===============Init Logging================

21/06/2005 - 11:43:19 	===== Ouverture de session =====
21/06/2005 - 11:44:18 	===== Fermeture de session =====

===============Finish Logging================


===============Init Logging================

26/06/2005 - 17:16:45 	===== Ouverture de session =====
26/06/2005 - 17:25:12 	===== Fermeture de session =====

===============Finish Logging================


===============Init Logging================

27/06/2005 - 06:44:08 	===== Ouverture de session =====
27/06/2005 - 06:44:32 	Début du calcul
27/06/2005 - 06:44:32 	Nombre de positions : 1000
27/06/2005 - 06:44:32 	Simulation inactivée
27/06/2005 - 06:44:32 	Lecture des conditions initiales
27/06/2005 - 06:44:36 	Fin du calcul
27/06/2005 - 06:44:41 	===== Fermeture de session =====

===============Finish Logging================


===============Init Logging================

27/06/2005 - 09:05:46 	===== Ouverture de session =====
27/06/2005 - 09:05:58 	===== Fermeture de session =====

===============Finish Logging================


===============Init Logging================

02/08/2005 - 15:02:17 	===== Ouverture de session =====
02/08/2005 - 15:08:36 	Début du calcul
02/08/2005 - 15:08:36 	Nombre de positions : 1000
02/08/2005 - 15:08:36 	Simulation inactivée
02/08/2005 - 15:08:36 	Lecture des conditions initiales
02/08/2005 - 15:08:40 	Fin du calcul
02/08/2005 - 15:16:40 	Début du calcul
02/08/2005 - 15:16:40 	Nombre de positions : 1000
02/08/2005 - 15:16:40 	Simulation inactivée
02/08/2005 - 15:16:40 	Lecture des conditions initiales
02/08/2005 - 15:16:44 	Fin du calcul
02/08/2005 - 15:23:56 	Début du calcul
02/08/2005 - 15:23:56 	Nombre de positions : 1000
02/08/2005 - 15:23:56 	Simulation inactivée
02/08/2005 - 15:23:56 	Lecture des conditions initiales
02/08/2005 - 15:24:00 	Fin du calcul
02/08/2005 - 15:25:03 	Début du calcul
02/08/2005 - 15:25:03 	Nombre de positions : 1000
02/08/2005 - 15:25:03 	Simulation inactivée
02/08/2005 - 15:25:03 	Lecture des conditions initiales
02/08/2005 - 15:25:06 	Fin du calcul
02/08/2005 - 15:27:46 	Début du calcul
02/08/2005 - 15:27:46 	Nombre de positions : 1000
02/08/2005 - 15:27:46 	Simulation inactivée
02/08/2005 - 15:27:46 	Lecture des conditions initiales
02/08/2005 - 15:27:50 	Fin du calcul
02/08/2005 - 15:28:02 	Début du calcul
02/08/2005 - 15:28:02 	Nombre de positions : 1000
02/08/2005 - 15:28:02 	Simulation inactivée
02/08/2005 - 15:28:02 	Lecture des conditions initiales
02/08/2005 - 15:28:05 	Fin du calcul
02/08/2005 - 15:29:16 	Début du calcul
02/08/2005 - 15:29:16 	Nombre de positions : 500
02/08/2005 - 15:29:16 	Simulation inactivée
02/08/2005 - 15:29:16 	Lecture des conditions initiales
02/08/2005 - 15:29:18 	Fin du calcul
02/08/2005 - 15:29:39 	Début du calcul
02/08/2005 - 15:29:39 	Nombre de positions : 2000
02/08/2005 - 15:29:39 	Simulation inactivée
02/08/2005 - 15:29:39 	Lecture des conditions initiales
02/08/2005 - 15:29:45 	Fin du calcul
02/08/2005 - 15:39:30 	Début du calcul
02/08/2005 - 15:39:30 	Nombre de positions : 2000
02/08/2005 - 15:39:30 	Simulation inactivée
02/08/2005 - 15:39:30 	Lecture des conditions initiales
02/08/2005 - 15:39:35 	Fin du calcul
02/08/2005 - 15:39:45 	Début du calcul
02/08/2005 - 15:39:45 	Nombre de positions : 2000
02/08/2005 - 15:39:45 	Simulation inactivée
02/08/2005 - 15:39:45 	Lecture des conditions initiales
02/08/2005 - 15:39:52 	Fin du calcul
02/08/2005 - 15:40:14 	Début du calcul
02/08/2005 - 15:40:14 	Nombre de positions : 1500
02/08/2005 - 15:40:14 	Simulation inactivée
02/08/2005 - 15:40:14 	Lecture des conditions initiales
02/08/2005 - 15:40:20 	Fin du calcul
02/08/2005 - 15:46:56 	Début du calcul
02/08/2005 - 15:46:56 	Nombre de positions : 1500
02/08/2005 - 15:46:56 	Simulation inactivée
02/08/2005 - 15:46:56 	Lecture des conditions initiales
02/08/2005 - 15:47:00 	Fin du calcul
02/08/2005 - 15:48:51 	Début du calcul
02/08/2005 - 15:48:51 	Nombre de positions : 1400
02/08/2005 - 15:48:51 	Simulation inactivée
02/08/2005 - 15:48:51 	Lecture des conditions initiales
02/08/2005 - 15:48:56 	Fin du calcul
02/08/2005 - 15:49:53 	===== Fermeture de session =====

===============Finish Logging================


===============Init Logging================

02/08/2005 - 16:02:07 	===== Ouverture de session =====
02/08/2005 - 16:03:29 	Début du calcul
02/08/2005 - 16:03:29 	Nombre de positions : 1000
02/08/2005 - 16:03:29 	Simulation inactivée
02/08/2005 - 16:03:29 	Lecture des conditions initiales
02/08/2005 - 16:03:31 	Fin du calcul
02/08/2005 - 16:03:39 	Début du calcul
02/08/2005 - 16:03:39 	Nombre de positions : 1000
02/08/2005 - 16:03:39 	Simulation inactivée
02/08/2005 - 16:03:39 	Lecture des conditions initiales
02/08/2005 - 16:03:42 	Fin du calcul
02/08/2005 - 16:03:54 	Début du calcul
02/08/2005 - 16:03:54 	Nombre de positions : 1000
02/08/2005 - 16:03:54 	Simulation inactivée
02/08/2005 - 16:03:54 	Lecture des conditions initiales
02/08/2005 - 16:03:58 	Fin du calcul
02/08/2005 - 16:04:12 	Début du calcul
02/08/2005 - 16:04:12 	Nombre de positions : 1400
02/08/2005 - 16:04:12 	Simulation inactivée
02/08/2005 - 16:04:12 	Lecture des conditions initiales
02/08/2005 - 16:04:16 	Fin du calcul
02/08/2005 - 16:06:23 	Début du calcul
02/08/2005 - 16:06:23 	Nombre de positions : 1400
02/08/2005 - 16:06:23 	Simulation inactivée
02/08/2005 - 16:06:23 	Lecture des conditions initiales
02/08/2005 - 16:06:27 	Fin du calcul
02/08/2005 - 16:07:00 	Début du calcul
02/08/2005 - 16:07:00 	Nombre de positions : 1400
02/08/2005 - 16:07:00 	Simulation inactivée
02/08/2005 - 16:07:00 	Lecture des conditions initiales
02/08/2005 - 16:07:04 	Fin du calcul
02/08/2005 - 16:39:23 	===== Fermeture de session =====

===============Finish Logging================


===============Init Logging================

02/08/2005 - 19:41:32 	===== Ouverture de session =====
02/08/2005 - 21:40:57 	===== Fermeture de session =====

===============Finish Logging================


===============Init Logging================

10/09/2008 - 14:13:55 	===== Ouverture de session =====
10/09/2008 - 14:16:23 	Début du calcul
10/09/2008 - 14:16:23 	Nombre de positions : 1
10/09/2008 - 14:16:23 	Simulation inactivée
10/09/2008 - 14:16:23 	Lecture des conditions initiales
10/09/2008 - 14:16:23 	Fin du calcul
10/09/2008 - 14:16:25 	Début du calcul
10/09/2008 - 14:16:25 	Nombre de positions : 1
10/09/2008 - 14:16:25 	Simulation inactivée
10/09/2008 - 14:16:25 	Lecture des conditions initiales
10/09/2008 - 14:16:25 	Fin du calcul
10/09/2008 - 14:16:25 	Début du calcul
10/09/2008 - 14:16:25 	Nombre de positions : 1
10/09/2008 - 14:16:25 	Simulation inactivée
10/09/2008 - 14:16:25 	Lecture des conditions initiales
10/09/2008 - 14:16:25 	Fin du calcul
10/09/2008 - 14:16:48 	Début du calcul
10/09/2008 - 14:16:48 	Nombre de positions : 100
10/09/2008 - 14:16:48 	Simulation inactivée
10/09/2008 - 14:16:48 	Lecture des conditions initiales
10/09/2008 - 14:16:48 	Fin du calcul
10/09/2008 - 14:24:02 	Début du calcul
10/09/2008 - 14:24:02 	Nombre de positions : 100
10/09/2008 - 14:24:02 	Simulation inactivée
10/09/2008 - 14:24:02 	Lecture des conditions initiales
10/09/2008 - 14:24:05 	Fin du calcul
10/09/2008 - 14:31:55 	Début du calcul
10/09/2008 - 14:31:55 	Nombre de positions : 100
10/09/2008 - 14:31:55 	Simulation inactivée
10/09/2008 - 14:31:55 	Lecture des conditions initiales
10/09/2008 - 14:32:04 	Fin du calcul
10/09/2008 - 14:32:10 	Début du calcul
10/09/2008 - 14:32:10 	Nombre de positions : 100
10/09/2008 - 14:32:10 	Simulation inactivée
10/09/2008 - 14:32:10 	Lecture des conditions initiales
10/09/2008 - 14:32:12 	Fin du calcul
10/09/2008 - 14:32:51 	Début du calcul
10/09/2008 - 14:32:51 	Nombre de positions : 100
10/09/2008 - 14:32:51 	Simulation inactivée
10/09/2008 - 14:32:51 	Lecture des conditions initiales
10/09/2008 - 14:32:55 	Fin du calcul
10/09/2008 - 14:35:00 	Début du calcul
10/09/2008 - 14:35:00 	Nombre de positions : 100
10/09/2008 - 14:35:00 	Simulation inactivée
10/09/2008 - 14:35:00 	Lecture des conditions initiales
10/09/2008 - 14:35:02 	Fin du calcul
10/09/2008 - 14:36:34 	Début du calcul
10/09/2008 - 14:36:34 	Nombre de positions : 100
10/09/2008 - 14:36:34 	Simulation inactivée
10/09/2008 - 14:36:34 	Lecture des conditions initiales
10/09/2008 - 14:36:42 	Fin du calcul
10/09/2008 - 14:37:11 	Début du calcul
10/09/2008 - 14:37:11 	Nombre de positions : 100
10/09/2008 - 14:37:11 	Simulation inactivée
10/09/2008 - 14:37:11 	Lecture des conditions initiales
10/09/2008 - 14:37:13 	Fin du calcul
10/09/2008 - 14:41:58 	Début du calcul
10/09/2008 - 14:41:58 	Nombre de positions : 100
10/09/2008 - 14:41:58 	Simulation inactivée
10/09/2008 - 14:41:58 	Lecture des conditions initiales
10/09/2008 - 14:42:06 	Fin du calcul
10/09/2008 - 15:05:54 	Début du calcul
10/09/2008 - 15:05:54 	Nombre de positions : 100
10/09/2008 - 15:05:54 	Simulation inactivée
10/09/2008 - 15:05:54 	Lecture des conditions initiales

===============Init Logging================


===============Init Logging================

11/09/2008 - 12:15:57 	===== Ouverture de session =====
11/09/2008 - 12:18:11 	Début du calcul
11/09/2008 - 12:18:11 	Nombre de positions : 100
11/09/2008 - 12:18:11 	Simulation inactivée
11/09/2008 - 12:18:11 	Lecture des conditions initiales
11/09/2008 - 12:18:12 	Fin du calcul
11/09/2008 - 12:19:09 	Début du calcul
11/09/2008 - 12:19:09 	Nombre de positions : 100
11/09/2008 - 12:19:09 	Simulation inactivée
11/09/2008 - 12:19:09 	Lecture des conditions initiales
11/09/2008 - 12:19:09 	Fin du calcul
11/09/2008 - 12:19:19 	Début du calcul
11/09/2008 - 12:19:19 	Nombre de positions : 100
11/09/2008 - 12:19:19 	Simulation inactivée
11/09/2008 - 12:19:19 	Lecture des conditions initiales
11/09/2008 - 12:19:19 	Fin du calcul
11/09/2008 - 12:20:41 	Début du calcul
11/09/2008 - 12:20:41 	Nombre de positions : 100
11/09/2008 - 12:20:41 	Simulation inactivée
11/09/2008 - 12:20:41 	Lecture des conditions initiales
11/09/2008 - 12:20:41 	Fin du calcul
11/09/2008 - 12:35:33 	Début du calcul
11/09/2008 - 12:35:33 	Nombre de positions : 100
11/09/2008 - 12:35:33 	Simulation inactivée
11/09/2008 - 12:35:33 	Lecture des conditions initiales
11/09/2008 - 12:35:36 	Fin du calcul
11/09/2008 - 12:36:59 	Début du calcul
11/09/2008 - 12:36:59 	Nombre de positions : 100
11/09/2008 - 12:36:59 	Simulation inactivée
11/09/2008 - 12:36:59 	Lecture des conditions initiales
11/09/2008 - 12:37:01 	Fin du calcul
11/09/2008 - 13:16:10 	Début du calcul
11/09/2008 - 13:16:10 	Nombre de positions : 100
11/09/2008 - 13:16:10 	Simulation inactivée
11/09/2008 - 13:16:10 	Lecture des conditions initiales
11/09/2008 - 13:16:11 	Fin du calcul
11/09/2008 - 16:45:44 	Début du calcul
11/09/2008 - 16:45:44 	Nombre de positions : 100
11/09/2008 - 16:45:44 	Simulation inactivée
11/09/2008 - 16:45:44 	Lecture des conditions initiales
11/09/2008 - 16:45:48 	Fin du calcul
11/09/2008 - 16:48:06 	Début du calcul
11/09/2008 - 16:48:06 	Nombre de positions : 100
11/09/2008 - 16:48:06 	Simulation inactivée
11/09/2008 - 16:48:06 	Lecture des conditions initiales
11/09/2008 - 16:48:07 	Fin du calcul
11/09/2008 - 16:48:54 	Début du calcul
11/09/2008 - 16:48:54 	Nombre de positions : 100
11/09/2008 - 16:48:54 	Simulation inactivée
11/09/2008 - 16:48:54 	Lecture des conditions initiales
11/09/2008 - 16:48:55 	Fin du calcul
11/09/2008 - 16:49:00 	Début du calcul
11/09/2008 - 16:49:00 	Nombre de positions : 100
11/09/2008 - 16:49:00 	Simulation inactivée
11/09/2008 - 16:49:00 	Lecture des conditions initiales
11/09/2008 - 16:49:01 	Fin du calcul
11/09/2008 - 16:50:17 	Début du calcul
11/09/2008 - 16:50:17 	Nombre de positions : 100
11/09/2008 - 16:50:17 	Simulation inactivée
11/09/2008 - 16:50:17 	Lecture des conditions initiales
11/09/2008 - 16:50:18 	Fin du calcul
11/09/2008 - 16:50:24 	Début du calcul
11/09/2008 - 16:50:24 	Nombre de positions : 100
11/09/2008 - 16:50:24 	Simulation inactivée
11/09/2008 - 16:50:24 	Lecture des conditions initiales
11/09/2008 - 16:50:24 	Fin du calcul
11/09/2008 - 16:51:32 	Début du calcul
11/09/2008 - 16:51:32 	Nombre de positions : 100
11/09/2008 - 16:51:32 	Simulation inactivée
11/09/2008 - 16:51:32 	Lecture des conditions initiales
11/09/2008 - 16:51:34 	Fin du calcul
11/09/2008 - 16:52:25 	Début du calcul
11/09/2008 - 16:52:25 	Nombre de positions : 100
11/09/2008 - 16:52:25 	Simulation inactivée
11/09/2008 - 16:52:25 	Lecture des conditions initiales
11/09/2008 - 16:52:27 	Fin du calcul
11/09/2008 - 16:53:16 	Début du calcul
11/09/2008 - 16:53:16 	Nombre de positions : 100
11/09/2008 - 16:53:16 	Simulation inactivée
11/09/2008 - 16:53:16 	Lecture des conditions initiales
11/09/2008 - 16:53:16 	Fin du calcul
11/09/2008 - 16:59:11 	Début du calcul
11/09/2008 - 16:59:11 	Nombre de positions : 100
11/09/2008 - 16:59:11 	Simulation inactivée
11/09/2008 - 16:59:11 	Lecture des conditions initiales
11/09/2008 - 16:59:12 	Fin du calcul
11/09/2008 - 17:16:42 	Début du calcul
11/09/2008 - 17:16:42 	Nombre de positions : 100
11/09/2008 - 17:16:42 	Simulation inactivée
11/09/2008 - 17:16:42 	Lecture des conditions initiales
11/09/2008 - 17:16:44 	Fin du calcul
11/09/2008 - 17:35:21 	Début du calcul
11/09/2008 - 17:35:21 	Nombre de positions : 100
11/09/2008 - 17:35:21 	Simulation inactivée
11/09/2008 - 17:35:21 	Lecture des conditions initiales
11/09/2008 - 17:35:23 	Fin du calcul
11/09/2008 - 17:36:01 	Début du calcul
11/09/2008 - 17:36:01 	Nombre de positions : 100
11/09/2008 - 17:36:01 	Simulation inactivée
11/09/2008 - 17:36:01 	Lecture des conditions initiales
11/09/2008 - 17:36:01 	Fin du calcul
11/09/2008 - 17:42:33 	Début du calcul
11/09/2008 - 17:42:33 	Nombre de positions : 100
11/09/2008 - 17:42:33 	Simulation inactivée
11/09/2008 - 17:42:33 	Lecture des conditions initiales
11/09/2008 - 17:42:33 	Fin du calcul
11/09/2008 - 18:16:03 	Début du calcul
11/09/2008 - 18:16:03 	Nombre de positions : 100
11/09/2008 - 18:16:03 	Simulation inactivée
11/09/2008 - 18:16:03 	Lecture des conditions initiales
11/09/2008 - 18:16:03 	Fin du calcul
12/09/2008 - 11:15:16 	Début du calcul
12/09/2008 - 11:15:16 	Nombre de positions : 100
12/09/2008 - 11:15:16 	Simulation inactivée
12/09/2008 - 11:15:16 	Lecture des conditions initiales
12/09/2008 - 11:15:18 	Fin du calcul
12/09/2008 - 11:15:28 	Début du calcul
12/09/2008 - 11:15:28 	Nombre de positions : 90
12/09/2008 - 11:15:28 	Simulation inactivée
12/09/2008 - 11:15:28 	Lecture des conditions initiales
12/09/2008 - 11:15:29 	Fin du calcul
12/09/2008 - 11:15:34 	Début du calcul
12/09/2008 - 11:15:34 	Nombre de positions : 90
12/09/2008 - 11:15:34 	Simulation inactivée
12/09/2008 - 11:15:34 	Lecture des conditions initiales
12/09/2008 - 11:15:34 	Fin du calcul
12/09/2008 - 11:16:03 	Début du calcul
12/09/2008 - 11:16:03 	Nombre de positions : 90
12/09/2008 - 11:16:03 	Simulation inactivée
12/09/2008 - 11:16:03 	Lecture des conditions initiales
12/09/2008 - 11:16:03 	Fin du calcul
12/09/2008 - 11:16:13 	Début du calcul
12/09/2008 - 11:16:13 	Nombre de positions : 90
12/09/2008 - 11:16:13 	Simulation inactivée
12/09/2008 - 11:16:13 	Lecture des conditions initiales
12/09/2008 - 11:16:13 	Fin du calcul
12/09/2008 - 11:22:06 	Début du calcul
12/09/2008 - 11:22:06 	Nombre de positions : 100
12/09/2008 - 11:22:06 	Simulation inactivée
12/09/2008 - 11:22:06 	Lecture des conditions initiales
12/09/2008 - 11:22:06 	Fin du calcul
12/09/2008 - 11:22:30 	Début du calcul
12/09/2008 - 11:22:30 	Nombre de positions : 100
12/09/2008 - 11:22:30 	Simulation inactivée
12/09/2008 - 11:22:30 	Lecture des conditions initiales
12/09/2008 - 11:22:30 	Fin du calcul
12/09/2008 - 11:23:45 	Début du calcul
12/09/2008 - 11:23:45 	Nombre de positions : 100
12/09/2008 - 11:23:45 	Simulation inactivée
12/09/2008 - 11:23:45 	Lecture des conditions initiales
12/09/2008 - 11:23:47 	Fin du calcul
12/09/2008 - 11:23:53 	Début du calcul
12/09/2008 - 11:23:53 	Nombre de positions : 100
12/09/2008 - 11:23:53 	Simulation inactivée
12/09/2008 - 11:23:53 	Lecture des conditions initiales
12/09/2008 - 11:23:53 	Fin du calcul
12/09/2008 - 11:25:00 	Début du calcul
12/09/2008 - 11:25:00 	Nombre de positions : 100
12/09/2008 - 11:25:00 	Simulation inactivée
12/09/2008 - 11:25:00 	Lecture des conditions initiales
12/09/2008 - 11:25:00 	Fin du calcul
12/09/2008 - 11:25:56 	Début du calcul
12/09/2008 - 11:25:56 	Nombre de positions : 100
12/09/2008 - 11:25:56 	Simulation inactivée
12/09/2008 - 11:25:56 	Lecture des conditions initiales
12/09/2008 - 11:25:56 	Fin du calcul
12/09/2008 - 11:26:23 	Début du calcul
12/09/2008 - 11:26:23 	Nombre de positions : 100
12/09/2008 - 11:26:23 	Simulation inactivée
12/09/2008 - 11:26:23 	Lecture des conditions initiales
12/09/2008 - 11:26:23 	Fin du calcul
12/09/2008 - 11:28:02 	Début du calcul
12/09/2008 - 11:28:02 	Nombre de positions : 90
12/09/2008 - 11:28:02 	Simulation inactivée
12/09/2008 - 11:28:02 	Lecture des conditions initiales
12/09/2008 - 11:28:02 	Fin du calcul
12/09/2008 - 11:28:48 	Début du calcul
12/09/2008 - 11:28:48 	Nombre de positions : 90
12/09/2008 - 11:28:48 	Simulation inactivée
12/09/2008 - 11:28:48 	Lecture des conditions initiales

===============Init Logging================

12/09/2008 - 11:34:44 	===== Ouverture de session =====
12/09/2008 - 11:35:34 	Début du calcul
12/09/2008 - 11:35:34 	Nombre de positions : 100
12/09/2008 - 11:35:34 	Simulation inactivée
12/09/2008 - 11:35:34 	Lecture des conditions initiales
12/09/2008 - 11:35:39 	Fin du calcul
12/09/2008 - 11:35:47 	Début du calcul
12/09/2008 - 11:35:47 	Nombre de positions : 100
12/09/2008 - 11:35:47 	Simulation inactivée
12/09/2008 - 11:35:47 	Lecture des conditions initiales
12/09/2008 - 11:35:47 	Fin du calcul
12/09/2008 - 11:46:40 	Début du calcul
12/09/2008 - 11:46:40 	Nombre de positions : 100
12/09/2008 - 11:46:40 	Simulation inactivée
12/09/2008 - 11:46:40 	Lecture des conditions initiales
12/09/2008 - 11:46:40 	Fin du calcul
12/09/2008 - 11:48:13 	Début du calcul
12/09/2008 - 11:48:13 	Nombre de positions : 100
12/09/2008 - 11:48:13 	Simulation inactivée
12/09/2008 - 11:48:13 	Lecture des conditions initiales
12/09/2008 - 11:48:16 	Fin du calcul
12/09/2008 - 11:48:48 	Début du calcul
12/09/2008 - 11:48:48 	Nombre de positions : 100
12/09/2008 - 11:48:48 	Simulation inactivée
12/09/2008 - 11:48:48 	Lecture des conditions initiales
12/09/2008 - 11:48:53 	Fin du calcul
12/09/2008 - 11:49:21 	===== Fermeture de session =====

===============Finish Logging================


===============Init Logging================

12/09/2008 - 11:49:44 	===== Ouverture de session =====
12/09/2008 - 11:50:41 	Début du calcul
12/09/2008 - 11:50:41 	Nombre de positions : 100
12/09/2008 - 11:50:41 	Simulation inactivée
12/09/2008 - 11:50:41 	Lecture des conditions initiales
12/09/2008 - 11:50:46 	Fin du calcul
12/09/2008 - 11:51:18 	Début du calcul
12/09/2008 - 11:51:18 	Nombre de positions : 100
12/09/2008 - 11:51:18 	Simulation inactivée
12/09/2008 - 11:51:18 	Lecture des conditions initiales
12/09/2008 - 11:51:19 	Fin du calcul
12/09/2008 - 11:53:09 	Début du calcul
12/09/2008 - 11:53:09 	Nombre de positions : 100
12/09/2008 - 11:53:09 	Simulation inactivée
12/09/2008 - 11:53:09 	Lecture des conditions initiales
12/09/2008 - 11:53:10 	Fin du calcul
12/09/2008 - 11:56:03 	Début du calcul
12/09/2008 - 11:56:03 	Nombre de positions : 100
12/09/2008 - 11:56:03 	Simulation inactivée
12/09/2008 - 11:56:03 	Lecture des conditions initiales
12/09/2008 - 11:56:03 	Fin du calcul
12/09/2008 - 11:57:49 	Début du calcul
12/09/2008 - 11:57:49 	Nombre de positions : 100
12/09/2008 - 11:57:49 	Simulation inactivée
12/09/2008 - 11:57:49 	Lecture des conditions initiales
12/09/2008 - 11:57:49 	Fin du calcul
12/09/2008 - 15:34:16 	Début du calcul
12/09/2008 - 15:34:16 	Nombre de positions : 100
12/09/2008 - 15:34:16 	Simulation inactivée
12/09/2008 - 15:34:16 	Lecture des conditions initiales
12/09/2008 - 15:34:16 	Fin du calcul
12/09/2008 - 16:03:07 	===== Fermeture de session =====

===============Finish Logging================


===============Init Logging================

12/09/2008 - 16:05:51 	===== Ouverture de session =====
12/09/2008 - 16:26:09 	Début du calcul
12/09/2008 - 16:26:09 	Nombre de positions : 100
12/09/2008 - 16:26:09 	Simulation inactivée
12/09/2008 - 16:26:09 	Lecture des conditions initiales
12/09/2008 - 16:26:10 	Fin du calcul
12/09/2008 - 16:30:04 	Début du calcul
12/09/2008 - 16:30:04 	Nombre de positions : 100
12/09/2008 - 16:30:04 	Simulation inactivée
12/09/2008 - 16:30:04 	Lecture des conditions initiales
12/09/2008 - 16:30:04 	Fin du calcul
12/09/2008 - 16:35:46 	Début du calcul
12/09/2008 - 16:35:46 	Nombre de positions : 100
12/09/2008 - 16:35:46 	Simulation inactivée
12/09/2008 - 16:35:46 	Lecture des conditions initiales
12/09/2008 - 16:35:46 	Fin du calcul
12/09/2008 - 16:49:30 	Début du calcul
12/09/2008 - 16:49:30 	Nombre de positions : 100
12/09/2008 - 16:49:30 	Simulation inactivée
12/09/2008 - 16:49:30 	Lecture des conditions initiales
12/09/2008 - 16:49:30 	Fin du calcul
12/09/2008 - 16:51:54 	Début du calcul
12/09/2008 - 16:51:54 	Nombre de positions : 100
12/09/2008 - 16:51:54 	Simulation inactivée
12/09/2008 - 16:51:54 	Lecture des conditions initiales
12/09/2008 - 16:51:55 	Fin du calcul
12/09/2008 - 17:05:56 	===== Fermeture de session =====

===============Finish Logging================


===============Init Logging================


===============Init Logging================


===============Init Logging================


===============Init Logging================

16/09/2008 - 11:49:12 	===== Ouverture de session =====
16/09/2008 - 11:50:10 	Début du calcul
16/09/2008 - 11:50:10 	Nombre de positions : 100
16/09/2008 - 11:50:10 	Simulation inactivée
16/09/2008 - 11:50:10 	Lecture des conditions initiales
16/09/2008 - 11:50:12 	Fin du calcul
16/09/2008 - 11:50:24 	Début du calcul
16/09/2008 - 11:50:24 	Nombre de positions : 100
16/09/2008 - 11:50:24 	Simulation inactivée
16/09/2008 - 11:50:24 	Lecture des conditions initiales
16/09/2008 - 11:50:25 	Fin du calcul
16/09/2008 - 11:50:42 	Début du calcul
16/09/2008 - 11:50:42 	Nombre de positions : 100
16/09/2008 - 11:50:42 	Simulation inactivée
16/09/2008 - 11:50:42 	Lecture des conditions initiales
16/09/2008 - 11:50:45 	Fin du calcul
16/09/2008 - 11:51:55 	Début du calcul
16/09/2008 - 11:51:55 	Nombre de positions : 100
16/09/2008 - 11:51:55 	Simulation inactivée
16/09/2008 - 11:51:55 	Lecture des conditions initiales
16/09/2008 - 11:51:57 	Fin du calcul
16/09/2008 - 11:53:46 	Début du calcul
16/09/2008 - 11:53:46 	Nombre de positions : 100
16/09/2008 - 11:53:46 	Simulation inactivée
16/09/2008 - 11:53:46 	Lecture des conditions initiales
16/09/2008 - 11:53:46 	Fin du calcul
16/09/2008 - 11:58:28 	Début du calcul
16/09/2008 - 11:58:28 	Nombre de positions : 100
16/09/2008 - 11:58:28 	Simulation inactivée
16/09/2008 - 11:58:28 	Lecture des conditions initiales
16/09/2008 - 11:58:29 	Fin du calcul
16/09/2008 - 12:10:15 	Début du calcul
16/09/2008 - 12:10:15 	Nombre de positions : 100
16/09/2008 - 12:10:15 	Simulation inactivée
16/09/2008 - 12:10:15 	Lecture des conditions initiales
16/09/2008 - 12:10:16 	Fin du calcul
16/09/2008 - 12:11:02 	Début du calcul
16/09/2008 - 12:11:02 	Nombre de positions : 100
16/09/2008 - 12:11:02 	Simulation inactivée
16/09/2008 - 12:11:02 	Lecture des conditions initiales
16/09/2008 - 12:11:07 	Fin du calcul
16/09/2008 - 12:11:20 	Début du calcul
16/09/2008 - 12:11:20 	Nombre de positions : 100
16/09/2008 - 12:11:20 	Simulation inactivée
16/09/2008 - 12:11:20 	Lecture des conditions initiales
16/09/2008 - 12:11:20 	Fin du calcul
16/09/2008 - 12:14:14 	Début du calcul
16/09/2008 - 12:14:14 	Nombre de positions : 100
16/09/2008 - 12:14:14 	Simulation inactivée
16/09/2008 - 12:14:14 	Lecture des conditions initiales
16/09/2008 - 12:14:15 	Fin du calcul
16/09/2008 - 12:15:09 	Début du calcul
16/09/2008 - 12:15:09 	Nombre de positions : 100
16/09/2008 - 12:15:09 	Simulation inactivée
16/09/2008 - 12:15:09 	Lecture des conditions initiales
16/09/2008 - 12:15:09 	Fin du calcul
16/09/2008 - 12:17:47 	Début du calcul
16/09/2008 - 12:17:47 	Nombre de positions : 100
16/09/2008 - 12:17:47 	Simulation inactivée
16/09/2008 - 12:17:47 	Lecture des conditions initiales
16/09/2008 - 12:17:48 	Fin du calcul
16/09/2008 - 12:18:53 	Début du calcul
16/09/2008 - 12:18:53 	Nombre de positions : 200
16/09/2008 - 12:18:53 	Simulation inactivée
16/09/2008 - 12:18:53 	Lecture des conditions initiales
16/09/2008 - 12:18:56 	Fin du calcul
16/09/2008 - 12:20:15 	Début du calcul
16/09/2008 - 12:20:15 	Nombre de positions : 200
16/09/2008 - 12:20:15 	Simulation inactivée
16/09/2008 - 12:20:15 	Lecture des conditions initiales
16/09/2008 - 12:20:18 	Fin du calcul
16/09/2008 - 12:20:23 	Début du calcul
16/09/2008 - 12:20:23 	Nombre de positions : 400
16/09/2008 - 12:20:23 	Simulation inactivée
16/09/2008 - 12:20:23 	Lecture des conditions initiales
16/09/2008 - 12:20:27 	Fin du calcul
16/09/2008 - 12:22:30 	Début du calcul
16/09/2008 - 12:22:30 	Nombre de positions : 400
16/09/2008 - 12:22:30 	Simulation inactivée
16/09/2008 - 12:22:30 	Lecture des conditions initiales
16/09/2008 - 12:22:32 	Fin du calcul
16/09/2008 - 12:25:54 	Début du calcul
16/09/2008 - 12:25:54 	Nombre de positions : 400
16/09/2008 - 12:25:54 	Simulation inactivée
16/09/2008 - 12:25:54 	Lecture des conditions initiales
16/09/2008 - 12:25:55 	Fin du calcul
16/09/2008 - 12:26:03 	Début du calcul
16/09/2008 - 12:26:03 	Nombre de positions : 400
16/09/2008 - 12:26:03 	Simulation inactivée
16/09/2008 - 12:26:03 	Lecture des conditions initiales
16/09/2008 - 12:26:04 	Fin du calcul
16/09/2008 - 12:28:12 	Début du calcul
16/09/2008 - 12:28:12 	Nombre de positions : 400
16/09/2008 - 12:28:12 	Simulation inactivée
16/09/2008 - 12:28:12 	Lecture des conditions initiales
16/09/2008 - 12:28:13 	Fin du calcul
16/09/2008 - 12:28:23 	Début du calcul
16/09/2008 - 12:28:23 	Nombre de positions : 400
16/09/2008 - 12:28:23 	Simulation inactivée
16/09/2008 - 12:28:23 	Lecture des conditions initiales
16/09/2008 - 12:28:25 	Analyse du système incorrecte
16/09/2008 - 12:28:25 	Abandon du calcul
16/09/2008 - 12:31:07 	===== Fermeture de session =====

===============Finish Logging================


===============Init Logging================

23/09/2008 - 13:14:07 	===== Ouverture de session =====
23/09/2008 - 13:23:04 	Début du calcul
23/09/2008 - 13:23:04 	Nombre de positions : 90
23/09/2008 - 13:23:04 	Simulation inactivée
23/09/2008 - 13:23:04 	Lecture des conditions initiales
23/09/2008 - 13:23:09 	Analyse du système incorrecte
23/09/2008 - 13:23:09 	Abandon du calcul
23/09/2008 - 13:23:16 	Début du calcul
23/09/2008 - 13:23:16 	Nombre de positions : 90
23/09/2008 - 13:23:16 	Simulation inactivée
23/09/2008 - 13:23:16 	Lecture des conditions initiales
23/09/2008 - 13:23:17 	Fin du calcul
23/09/2008 - 13:23:27 	Début du calcul
23/09/2008 - 13:23:27 	Nombre de positions : 90
23/09/2008 - 13:23:27 	Simulation inactivée
23/09/2008 - 13:23:27 	Lecture des conditions initiales
23/09/2008 - 13:23:28 	Fin du calcul
23/09/2008 - 13:23:36 	Début du calcul
23/09/2008 - 13:23:36 	Nombre de positions : 90
23/09/2008 - 13:23:36 	Simulation inactivée
23/09/2008 - 13:23:36 	Lecture des conditions initiales
23/09/2008 - 13:23:37 	Fin du calcul
23/09/2008 - 13:24:58 	Début du calcul
23/09/2008 - 13:24:58 	Nombre de positions : 90
23/09/2008 - 13:24:58 	Simulation inactivée
23/09/2008 - 13:24:58 	Lecture des conditions initiales
23/09/2008 - 13:25:02 	Fin du calcul
23/09/2008 - 13:25:08 	Début du calcul
23/09/2008 - 13:25:08 	Nombre de positions : 90
23/09/2008 - 13:25:08 	Simulation inactivée
23/09/2008 - 13:25:08 	Lecture des conditions initiales
23/09/2008 - 13:25:09 	Fin du calcul
23/09/2008 - 13:26:40 	Début du calcul
23/09/2008 - 13:26:40 	Nombre de positions : 90
23/09/2008 - 13:26:40 	Simulation inactivée
23/09/2008 - 13:26:40 	Lecture des conditions initiales
23/09/2008 - 13:26:41 	Fin du calcul
23/09/2008 - 13:27:12 	Début du calcul
23/09/2008 - 13:27:12 	Nombre de positions : 90
23/09/2008 - 13:27:12 	Simulation inactivée
23/09/2008 - 13:27:12 	Lecture des conditions initiales
23/09/2008 - 13:27:13 	Fin du calcul
23/09/2008 - 13:27:20 	Début du calcul
23/09/2008 - 13:27:20 	Nombre de positions : 90
23/09/2008 - 13:27:20 	Simulation inactivée
23/09/2008 - 13:27:20 	Lecture des conditions initiales
23/09/2008 - 13:27:20 	Fin du calcul
23/09/2008 - 13:28:03 	Début du calcul
23/09/2008 - 13:28:03 	Nombre de positions : 90
23/09/2008 - 13:28:03 	Simulation inactivée
23/09/2008 - 13:28:03 	Lecture des conditions initiales
23/09/2008 - 13:28:03 	Fin du calcul
23/09/2008 - 13:28:50 	Début du calcul
23/09/2008 - 13:28:50 	Nombre de positions : 90
23/09/2008 - 13:28:50 	Simulation inactivée
23/09/2008 - 13:28:50 	Lecture des conditions initiales
23/09/2008 - 13:28:53 	Analyse du système incorrecte
23/09/2008 - 13:28:53 	Abandon du calcul
23/09/2008 - 13:29:39 	Début du calcul
23/09/2008 - 13:29:39 	Nombre de positions : 90
23/09/2008 - 13:29:39 	Simulation inactivée
23/09/2008 - 13:29:39 	Lecture des conditions initiales
23/09/2008 - 13:29:40 	Fin du calcul
23/09/2008 - 13:29:48 	Début du calcul
23/09/2008 - 13:29:48 	Nombre de positions : 90
23/09/2008 - 13:29:48 	Simulation inactivée
23/09/2008 - 13:29:48 	Lecture des conditions initiales
23/09/2008 - 13:29:50 	Fin du calcul
23/09/2008 - 13:30:18 	Début du calcul
23/09/2008 - 13:30:18 	Nombre de positions : 90
23/09/2008 - 13:30:18 	Simulation inactivée
23/09/2008 - 13:30:18 	Lecture des conditions initiales
23/09/2008 - 13:30:19 	Fin du calcul
23/09/2008 - 13:31:05 	===== Fermeture de session =====

===============Finish Logging================


===============Init Logging================


===============Init Logging================

13/09/2010 - 09:49:07 	===== Ouverture de session =====
13/09/2010 - 09:49:51 	Début du calcul
13/09/2010 - 09:49:51 	Nombre de positions : 90
13/09/2010 - 09:49:51 	Simulation inactivée
13/09/2010 - 09:49:51 	Lecture des conditions initiales
13/09/2010 - 09:49:57 	Fin du calcul
13/09/2010 - 09:50:05 	Début du calcul
13/09/2010 - 09:50:05 	Nombre de positions : 90
13/09/2010 - 09:50:05 	Simulation inactivée
13/09/2010 - 09:50:05 	Lecture des conditions initiales
13/09/2010 - 09:50:11 	Fin du calcul
13/09/2010 - 09:52:08 	Début du calcul
13/09/2010 - 09:52:08 	Nombre de positions : 80
13/09/2010 - 09:52:08 	Simulation inactivée
13/09/2010 - 09:52:08 	Lecture des conditions initiales
13/09/2010 - 09:52:14 	Fin du calcul
13/09/2010 - 09:52:20 	Début du calcul
13/09/2010 - 09:52:20 	Nombre de positions : 80
13/09/2010 - 09:52:20 	Simulation inactivée
13/09/2010 - 09:52:20 	Lecture des conditions initiales
13/09/2010 - 09:52:27 	Fin du calcul
13/09/2010 - 09:52:36 	Début du calcul
13/09/2010 - 09:52:36 	Nombre de positions : 80
13/09/2010 - 09:52:36 	Simulation inactivée
13/09/2010 - 09:52:36 	Lecture des conditions initiales
13/09/2010 - 09:52:41 	Fin du calcul
13/09/2010 - 09:52:49 	Début du calcul
13/09/2010 - 09:52:49 	Nombre de positions : 80
13/09/2010 - 09:52:49 	Simulation inactivée
13/09/2010 - 09:52:49 	Lecture des conditions initiales
13/09/2010 - 09:52:53 	Fin du calcul
13/09/2010 - 09:53:04 	Début du calcul
13/09/2010 - 09:53:04 	Nombre de positions : 80
13/09/2010 - 09:53:04 	Simulation inactivée
13/09/2010 - 09:53:04 	Lecture des conditions initiales
13/09/2010 - 09:53:07 	Fin du calcul
13/09/2010 - 09:53:43 	Début du calcul
13/09/2010 - 09:53:43 	Nombre de positions : 80
13/09/2010 - 09:53:43 	Simulation inactivée
13/09/2010 - 09:53:43 	Lecture des conditions initiales
13/09/2010 - 09:53:48 	Fin du calcul
13/09/2010 - 09:53:54 	Début du calcul
13/09/2010 - 09:53:54 	Nombre de positions : 40
13/09/2010 - 09:53:54 	Simulation inactivée
13/09/2010 - 09:53:54 	Lecture des conditions initiales
13/09/2010 - 09:53:57 	Fin du calcul
13/09/2010 - 09:54:05 	Début du calcul
13/09/2010 - 09:54:05 	Nombre de positions : 80
13/09/2010 - 09:54:05 	Simulation inactivée
13/09/2010 - 09:54:05 	Lecture des conditions initiales
13/09/2010 - 09:54:14 	Fin du calcul
13/09/2010 - 09:54:21 	Début du calcul
13/09/2010 - 09:54:21 	Nombre de positions : 80
13/09/2010 - 09:54:21 	Simulation inactivée
13/09/2010 - 09:54:21 	Lecture des conditions initiales
13/09/2010 - 09:54:26 	Fin du calcul
13/09/2010 - 09:54:31 	Début du calcul
13/09/2010 - 09:54:31 	Nombre de positions : 80
13/09/2010 - 09:54:31 	Simulation inactivée
13/09/2010 - 09:54:31 	Lecture des conditions initiales
13/09/2010 - 09:54:32 	Fin du calcul
13/09/2010 - 09:54:38 	Début du calcul
13/09/2010 - 09:54:38 	Nombre de positions : 80
13/09/2010 - 09:54:38 	Simulation inactivée
13/09/2010 - 09:54:38 	Lecture des conditions initiales
13/09/2010 - 09:49:05 	===== Ouverture de session =====
13/09/2010 - 09:55:02 	===== Fermeture de session =====

===============Finish Logging================

13/09/2010 - 09:54:44 	Fin du calcul
13/09/2010 - 09:55:02 	===== Fermeture de session =====

===============Finish Logging================


===============Init Logging================


===============Init Logging================

13/09/2010 - 10:06:28 	===== Ouverture de session =====
13/09/2010 - 10:07:27 	Début du calcul
13/09/2010 - 10:07:27 	Nombre de positions : 80
13/09/2010 - 10:07:27 	Simulation inactivée
13/09/2010 - 10:07:27 	Lecture des conditions initiales

===============Init Logging================


===============Init Logging================

13/09/2010 - 10:10:52 	===== Ouverture de session =====
13/09/2010 - 10:38:20 	===== Fermeture de session =====

===============Finish Logging================

13/09/2010 - 10:10:52 	===== Ouverture de session =====
13/09/2010 - 10:38:20 	===== Fermeture de session =====

===============Finish Logging================


===============Init Logging================

13/09/2016 - 08:46:31 	===== Ouverture de session =====
13/09/2016 - 08:49:04 	Début du calcul
13/09/2016 - 08:49:04 	Nombre de positions : 80
13/09/2016 - 08:49:04 	Simulation inactivée
13/09/2016 - 08:49:04 	Lecture des conditions initiales
13/09/2016 - 08:49:09 	Fin du calcul
13/09/2016 - 08:49:16 	Début du calcul
13/09/2016 - 08:49:16 	Nombre de positions : 80
13/09/2016 - 08:49:16 	Simulation inactivée
13/09/2016 - 08:49:16 	Lecture des conditions initiales
13/09/2016 - 08:49:16 	Fin du calcul
13/09/2016 - 09:07:27 	Début du calcul
13/09/2016 - 09:07:27 	Nombre de positions : 80
13/09/2016 - 09:07:27 	Simulation inactivée
13/09/2016 - 09:07:27 	Lecture des conditions initiales
13/09/2016 - 09:07:27 	Fin du calcul
13/09/2016 - 09:41:28 	Début du calcul
13/09/2016 - 09:41:28 	Nombre de positions : 80
13/09/2016 - 09:41:28 	Simulation inactivée
13/09/2016 - 09:41:28 	Lecture des conditions initiales
13/09/2016 - 09:41:29 	Fin du calcul
13/09/2016 - 09:43:51 	===== Fermeture de session =====

===============Finish Logging================

