
===============Init Logging================

15/10/2010 - 22:05:27 	===== Ouverture de session =====
15/10/2010 - 22:05:54 	Début du calcul
15/10/2010 - 22:05:54 	Nombre de positions : 2000
15/10/2010 - 22:05:54 	Simulation inactivée
15/10/2010 - 22:05:54 	Lecture des conditions initiales
15/10/2010 - 22:05:55 	Fin du calcul
15/10/2010 - 22:06:37 	Début du calcul
15/10/2010 - 22:06:37 	Nombre de positions : 2000
15/10/2010 - 22:06:37 	Simulation inactivée
15/10/2010 - 22:06:37 	Lecture des conditions initiales
15/10/2010 - 22:06:38 	Fin du calcul
15/10/2010 - 22:07:50 	Début du calcul
15/10/2010 - 22:07:50 	Nombre de positions : 2000
15/10/2010 - 22:07:50 	Simulation inactivée
15/10/2010 - 22:07:50 	Lecture des conditions initiales
15/10/2010 - 22:07:50 	Fin du calcul
15/10/2010 - 22:10:02 	Début du calcul
15/10/2010 - 22:10:02 	Nombre de positions : 200
15/10/2010 - 22:10:02 	Simulation inactivée
15/10/2010 - 22:10:02 	Lecture des conditions initiales
15/10/2010 - 22:10:02 	Fin du calcul
15/10/2010 - 22:10:08 	Début du calcul
15/10/2010 - 22:10:08 	Nombre de positions : 200
15/10/2010 - 22:10:08 	Simulation inactivée
15/10/2010 - 22:10:08 	Lecture des conditions initiales
15/10/2010 - 22:10:09 	Fin du calcul
15/10/2010 - 22:10:17 	Début du calcul
15/10/2010 - 22:10:17 	Nombre de positions : 200
15/10/2010 - 22:10:17 	Simulation inactivée
15/10/2010 - 22:10:17 	Lecture des conditions initiales
15/10/2010 - 22:10:17 	Fin du calcul
15/10/2010 - 22:10:23 	Début du calcul
15/10/2010 - 22:10:23 	Nombre de positions : 200
15/10/2010 - 22:10:23 	Simulation inactivée
15/10/2010 - 22:10:23 	Lecture des conditions initiales
15/10/2010 - 22:10:24 	Fin du calcul
15/10/2010 - 22:10:29 	Début du calcul
15/10/2010 - 22:10:29 	Nombre de positions : 200
15/10/2010 - 22:10:29 	Simulation inactivée
15/10/2010 - 22:10:29 	Lecture des conditions initiales
15/10/2010 - 22:10:29 	Fin du calcul
15/10/2010 - 22:11:26 	Début du calcul
15/10/2010 - 22:11:26 	Nombre de positions : 200
15/10/2010 - 22:11:26 	Simulation inactivée
15/10/2010 - 22:11:26 	Lecture des conditions initiales
15/10/2010 - 22:11:27 	Fin du calcul
15/10/2010 - 22:11:56 	Début du calcul
15/10/2010 - 22:11:56 	Nombre de positions : 200
15/10/2010 - 22:11:56 	Simulation inactivée
15/10/2010 - 22:11:56 	Lecture des conditions initiales
15/10/2010 - 22:11:56 	Fin du calcul
15/10/2010 - 22:13:02 	Début du calcul
15/10/2010 - 22:13:02 	Nombre de positions : 200
15/10/2010 - 22:13:02 	Simulation inactivée
15/10/2010 - 22:13:02 	Lecture des conditions initiales
15/10/2010 - 22:13:03 	Fin du calcul
15/10/2010 - 22:22:57 	===== Fermeture de session =====

===============Finish Logging================


===============Init Logging================

16/10/2010 - 09:08:53 	===== Ouverture de session =====
16/10/2010 - 17:36:01 	Début du calcul
16/10/2010 - 17:36:01 	Nombre de positions : 200
16/10/2010 - 17:36:01 	Simulation inactivée
16/10/2010 - 17:36:01 	Lecture des conditions initiales
16/10/2010 - 17:36:01 	Fin du calcul
16/10/2010 - 17:38:39 	Début du calcul
16/10/2010 - 17:38:39 	Nombre de positions : 200
16/10/2010 - 17:38:39 	Simulation inactivée
16/10/2010 - 17:38:39 	Lecture des conditions initiales
16/10/2010 - 17:38:39 	Fin du calcul
16/10/2010 - 17:38:45 	Début du calcul
16/10/2010 - 17:38:45 	Nombre de positions : 200
16/10/2010 - 17:38:45 	Simulation inactivée
16/10/2010 - 17:38:45 	Lecture des conditions initiales
16/10/2010 - 17:38:45 	Fin du calcul
16/10/2010 - 17:41:21 	Début du calcul
16/10/2010 - 17:41:21 	Nombre de positions : 200
16/10/2010 - 17:41:21 	Simulation inactivée
16/10/2010 - 17:41:21 	Lecture des conditions initiales
16/10/2010 - 17:41:21 	Fin du calcul
16/10/2010 - 17:58:41 	Début du calcul
16/10/2010 - 17:58:41 	Nombre de positions : 200
16/10/2010 - 17:58:41 	Simulation inactivée
16/10/2010 - 17:58:41 	Lecture des conditions initiales
16/10/2010 - 17:58:41 	Fin du calcul
16/10/2010 - 17:59:59 	Début du calcul
16/10/2010 - 17:59:59 	Nombre de positions : 200
16/10/2010 - 17:59:59 	Simulation inactivée
16/10/2010 - 17:59:59 	Lecture des conditions initiales
16/10/2010 - 17:59:59 	Fin du calcul
16/10/2010 - 18:27:34 	Début du calcul
16/10/2010 - 18:27:34 	Nombre de positions : 200
16/10/2010 - 18:27:34 	Simulation inactivée
16/10/2010 - 18:27:34 	Lecture des conditions initiales
16/10/2010 - 18:27:34 	Fin du calcul
16/10/2010 - 18:28:56 	Début du calcul
16/10/2010 - 18:28:56 	Nombre de positions : 200
16/10/2010 - 18:28:56 	Simulation inactivée
16/10/2010 - 18:28:56 	Lecture des conditions initiales
16/10/2010 - 18:28:56 	Fin du calcul
16/10/2010 - 18:30:01 	Début du calcul
16/10/2010 - 18:30:01 	Nombre de positions : 200
16/10/2010 - 18:30:01 	Simulation inactivée
16/10/2010 - 18:30:01 	Lecture des conditions initiales
16/10/2010 - 18:30:01 	Fin du calcul
16/10/2010 - 18:37:44 	Début du calcul
16/10/2010 - 18:37:44 	Nombre de positions : 200
16/10/2010 - 18:37:44 	Simulation inactivée
16/10/2010 - 18:37:44 	Lecture des conditions initiales
16/10/2010 - 18:37:45 	Fin du calcul
16/10/2010 - 18:38:54 	Début du calcul
16/10/2010 - 18:38:54 	Nombre de positions : 200
16/10/2010 - 18:38:54 	Simulation inactivée
16/10/2010 - 18:38:54 	Lecture des conditions initiales
16/10/2010 - 18:38:54 	Fin du calcul
16/10/2010 - 18:40:06 	Début du calcul
16/10/2010 - 18:40:06 	Nombre de positions : 200
16/10/2010 - 18:40:06 	Simulation inactivée
16/10/2010 - 18:40:06 	Lecture des conditions initiales
16/10/2010 - 18:40:06 	Fin du calcul
16/10/2010 - 18:43:31 	Début du calcul
16/10/2010 - 18:43:31 	Nombre de positions : 200
16/10/2010 - 18:43:31 	Simulation inactivée
16/10/2010 - 18:43:31 	Lecture des conditions initiales
16/10/2010 - 18:43:31 	Fin du calcul
16/10/2010 - 18:44:18 	Début du calcul
16/10/2010 - 18:44:18 	Nombre de positions : 200
16/10/2010 - 18:44:18 	Simulation inactivée
16/10/2010 - 18:44:18 	Lecture des conditions initiales
16/10/2010 - 18:44:18 	Fin du calcul
16/10/2010 - 18:46:13 	Début du calcul
16/10/2010 - 18:46:13 	Nombre de positions : 200
16/10/2010 - 18:46:13 	Simulation inactivée
16/10/2010 - 18:46:13 	Lecture des conditions initiales
16/10/2010 - 18:46:13 	Fin du calcul
16/10/2010 - 18:46:57 	Début du calcul
16/10/2010 - 18:46:57 	Nombre de positions : 200
16/10/2010 - 18:46:57 	Simulation inactivée
16/10/2010 - 18:46:57 	Lecture des conditions initiales
16/10/2010 - 18:46:57 	Fin du calcul
16/10/2010 - 18:49:25 	Début du calcul
16/10/2010 - 18:49:25 	Nombre de positions : 200
16/10/2010 - 18:49:25 	Simulation inactivée
16/10/2010 - 18:49:25 	Lecture des conditions initiales
16/10/2010 - 18:49:25 	Fin du calcul
16/10/2010 - 19:15:14 	Début du calcul
16/10/2010 - 19:15:14 	Nombre de positions : 200
16/10/2010 - 19:15:14 	Simulation inactivée
16/10/2010 - 19:15:14 	Lecture des conditions initiales
16/10/2010 - 19:15:15 	Fin du calcul
16/10/2010 - 19:16:45 	Début du calcul
16/10/2010 - 19:16:45 	Nombre de positions : 200
16/10/2010 - 19:16:45 	Simulation inactivée
16/10/2010 - 19:16:45 	Lecture des conditions initiales
16/10/2010 - 19:16:46 	Fin du calcul
16/10/2010 - 19:18:39 	===== Fermeture de session =====

===============Finish Logging================


===============Init Logging================

16/10/2010 - 21:10:24 	===== Ouverture de session =====
16/10/2010 - 21:10:58 	Début du calcul
16/10/2010 - 21:10:58 	Nombre de positions : 200
16/10/2010 - 21:10:58 	Simulation inactivée
16/10/2010 - 21:10:58 	Lecture des conditions initiales
16/10/2010 - 21:10:59 	Fin du calcul
16/10/2010 - 21:12:34 	Début du calcul
16/10/2010 - 21:12:34 	Nombre de positions : 200
16/10/2010 - 21:12:34 	Simulation inactivée
16/10/2010 - 21:12:34 	Lecture des conditions initiales
16/10/2010 - 21:12:35 	Fin du calcul
16/10/2010 - 21:13:39 	Début du calcul
16/10/2010 - 21:13:39 	Nombre de positions : 200
16/10/2010 - 21:13:39 	Simulation inactivée
16/10/2010 - 21:13:39 	Lecture des conditions initiales
16/10/2010 - 21:13:39 	Fin du calcul
16/10/2010 - 21:15:00 	Début du calcul
16/10/2010 - 21:15:00 	Nombre de positions : 200
16/10/2010 - 21:15:00 	Simulation inactivée
16/10/2010 - 21:15:00 	Lecture des conditions initiales
16/10/2010 - 21:15:00 	Fin du calcul
16/10/2010 - 21:15:50 	===== Fermeture de session =====

===============Finish Logging================


===============Init Logging================

10/11/2011 - 07:03:33 	===== Ouverture de session =====
10/11/2011 - 07:04:04 	===== Fermeture de session =====

===============Finish Logging================


===============Init Logging================

14/11/2011 - 10:22:08 	===== Ouverture de session =====
14/11/2011 - 10:22:20 	===== Fermeture de session =====

===============Finish Logging================


===============Init Logging================

14/11/2011 - 10:32:53 	===== Ouverture de session =====
14/11/2011 - 10:32:56 	===== Fermeture de session =====

===============Finish Logging================


===============Init Logging================

14/11/2011 - 10:33:52 	===== Ouverture de session =====
14/11/2011 - 10:35:29 	Début du calcul
14/11/2011 - 10:35:29 	Nombre de positions : 1
14/11/2011 - 10:35:29 	Simulation inactivée
14/11/2011 - 10:35:29 	Lecture des conditions initiales
14/11/2011 - 10:35:29 	Fin du calcul
14/11/2011 - 10:43:40 	Début du calcul
14/11/2011 - 10:43:40 	Nombre de positions : 50
14/11/2011 - 10:43:40 	Simulation inactivée
14/11/2011 - 10:43:40 	Lecture des conditions initiales
14/11/2011 - 10:43:42 	Fin du calcul
14/11/2011 - 10:43:48 	Début du calcul
14/11/2011 - 10:43:48 	Nombre de positions : 50
14/11/2011 - 10:43:48 	Simulation inactivée
14/11/2011 - 10:43:48 	Lecture des conditions initiales
14/11/2011 - 10:43:49 	Fin du calcul
14/11/2011 - 10:45:04 	Début du calcul
14/11/2011 - 10:45:04 	Nombre de positions : 50
14/11/2011 - 10:45:04 	Simulation inactivée
14/11/2011 - 10:45:04 	Lecture des conditions initiales
14/11/2011 - 10:45:04 	Fin du calcul
14/11/2011 - 10:46:23 	Début du calcul
14/11/2011 - 10:46:23 	Nombre de positions : 50
14/11/2011 - 10:46:23 	Simulation inactivée
14/11/2011 - 10:46:23 	Lecture des conditions initiales
14/11/2011 - 10:46:24 	Fin du calcul
14/11/2011 - 10:46:44 	Début du calcul
14/11/2011 - 10:46:44 	Nombre de positions : 50
14/11/2011 - 10:46:44 	Simulation inactivée
14/11/2011 - 10:46:44 	Lecture des conditions initiales
14/11/2011 - 10:46:48 	Fin du calcul
14/11/2011 - 10:46:55 	Début du calcul
14/11/2011 - 10:46:55 	Nombre de positions : 50
14/11/2011 - 10:46:55 	Simulation inactivée
14/11/2011 - 10:46:55 	Lecture des conditions initiales
14/11/2011 - 10:46:55 	Fin du calcul
14/11/2011 - 10:47:19 	Début du calcul
14/11/2011 - 10:47:19 	Nombre de positions : 50
14/11/2011 - 10:47:19 	Simulation inactivée
14/11/2011 - 10:47:19 	Lecture des conditions initiales
14/11/2011 - 10:47:21 	Fin du calcul
14/11/2011 - 10:47:26 	Début du calcul
14/11/2011 - 10:47:26 	Nombre de positions : 50
14/11/2011 - 10:47:26 	Simulation inactivée
14/11/2011 - 10:47:26 	Lecture des conditions initiales
14/11/2011 - 10:47:26 	Fin du calcul
14/11/2011 - 10:47:34 	Début du calcul
14/11/2011 - 10:47:34 	Nombre de positions : 50
14/11/2011 - 10:47:34 	Simulation inactivée
14/11/2011 - 10:47:34 	Lecture des conditions initiales
14/11/2011 - 10:47:34 	Fin du calcul
14/11/2011 - 10:47:40 	Début du calcul
14/11/2011 - 10:47:40 	Nombre de positions : 50
14/11/2011 - 10:47:40 	Simulation inactivée
14/11/2011 - 10:47:40 	Lecture des conditions initiales
14/11/2011 - 10:47:42 	Fin du calcul
14/11/2011 - 10:47:48 	Début du calcul
14/11/2011 - 10:47:48 	Nombre de positions : 50
14/11/2011 - 10:47:48 	Simulation inactivée
14/11/2011 - 10:47:48 	Lecture des conditions initiales
14/11/2011 - 10:47:49 	Fin du calcul
14/11/2011 - 10:47:55 	Début du calcul
14/11/2011 - 10:47:55 	Nombre de positions : 50
14/11/2011 - 10:47:55 	Simulation inactivée
14/11/2011 - 10:47:55 	Lecture des conditions initiales
14/11/2011 - 10:47:55 	Fin du calcul
14/11/2011 - 10:49:51 	Début du calcul
14/11/2011 - 10:49:51 	Nombre de positions : 50
14/11/2011 - 10:49:51 	Simulation inactivée
14/11/2011 - 10:49:51 	Lecture des conditions initiales
14/11/2011 - 10:49:51 	Fin du calcul
14/11/2011 - 13:05:38 	Début du calcul
14/11/2011 - 13:05:38 	Nombre de positions : 50
14/11/2011 - 13:05:38 	Simulation inactivée
14/11/2011 - 13:05:38 	Lecture des conditions initiales
14/11/2011 - 13:05:41 	Analyse du système incorrecte
14/11/2011 - 13:05:41 	Abandon du calcul
14/11/2011 - 13:06:35 	Début du calcul
14/11/2011 - 13:06:35 	Nombre de positions : 50
14/11/2011 - 13:06:35 	Simulation inactivée
14/11/2011 - 13:06:35 	Lecture des conditions initiales
14/11/2011 - 13:06:35 	Fin du calcul
14/11/2011 - 13:09:01 	Début du calcul
14/11/2011 - 13:09:01 	Nombre de positions : 50
14/11/2011 - 13:09:01 	Simulation inactivée
14/11/2011 - 13:09:01 	Lecture des conditions initiales
14/11/2011 - 13:09:05 	Analyse du système incorrecte
14/11/2011 - 13:09:05 	Abandon du calcul
14/11/2011 - 13:09:21 	Début du calcul
14/11/2011 - 13:09:21 	Nombre de positions : 50
14/11/2011 - 13:09:21 	Simulation inactivée
14/11/2011 - 13:09:21 	Lecture des conditions initiales
14/11/2011 - 13:09:21 	Fin du calcul
14/11/2011 - 13:15:36 	===== Fermeture de session =====

===============Finish Logging================


===============Init Logging================

15/11/2011 - 16:35:58 	===== Ouverture de session =====
15/11/2011 - 16:51:45 	Début du calcul
15/11/2011 - 16:51:45 	Nombre de positions : 50
15/11/2011 - 16:51:45 	Simulation inactivée
15/11/2011 - 16:51:45 	Lecture des conditions initiales
15/11/2011 - 16:51:45 	Fin du calcul
15/11/2011 - 16:53:00 	Début du calcul
15/11/2011 - 16:53:00 	Nombre de positions : 50
15/11/2011 - 16:53:00 	Simulation inactivée
15/11/2011 - 16:53:00 	Lecture des conditions initiales
15/11/2011 - 16:53:00 	Fin du calcul
15/11/2011 - 17:04:00 	Début du calcul
15/11/2011 - 17:04:00 	Nombre de positions : 50
15/11/2011 - 17:04:00 	Simulation inactivée
15/11/2011 - 17:04:00 	Lecture des conditions initiales
15/11/2011 - 17:04:00 	Fin du calcul
15/11/2011 - 17:10:39 	===== Fermeture de session =====

===============Finish Logging================


===============Init Logging================

21/11/2011 - 07:44:38 	===== Ouverture de session =====
21/11/2011 - 07:45:11 	Début du calcul
21/11/2011 - 07:45:11 	Nombre de positions : 50
21/11/2011 - 07:45:11 	Simulation inactivée
21/11/2011 - 07:45:11 	Lecture des conditions initiales
21/11/2011 - 07:45:11 	Fin du calcul
21/11/2011 - 07:58:34 	Début du calcul
21/11/2011 - 07:58:34 	Nombre de positions : 50
21/11/2011 - 07:58:34 	Simulation inactivée
21/11/2011 - 07:58:34 	Lecture des conditions initiales
21/11/2011 - 07:58:34 	Fin du calcul
21/11/2011 - 08:04:05 	Début du calcul
21/11/2011 - 08:04:05 	Nombre de positions : 50
21/11/2011 - 08:04:05 	Simulation inactivée
21/11/2011 - 08:04:05 	Lecture des conditions initiales
21/11/2011 - 08:04:05 	Fin du calcul
21/11/2011 - 08:06:07 	Début du calcul
21/11/2011 - 08:06:07 	Nombre de positions : 50
21/11/2011 - 08:06:07 	Simulation inactivée
21/11/2011 - 08:06:07 	Lecture des conditions initiales
21/11/2011 - 08:06:07 	Fin du calcul
21/11/2011 - 08:07:26 	Début du calcul
21/11/2011 - 08:07:26 	Nombre de positions : 50
21/11/2011 - 08:07:26 	Simulation inactivée
21/11/2011 - 08:07:26 	Lecture des conditions initiales
21/11/2011 - 08:07:26 	Fin du calcul
21/11/2011 - 08:09:20 	Début du calcul
21/11/2011 - 08:09:20 	Nombre de positions : 50
21/11/2011 - 08:09:20 	Simulation inactivée
21/11/2011 - 08:09:20 	Lecture des conditions initiales
21/11/2011 - 08:09:21 	Fin du calcul
21/11/2011 - 08:10:53 	Début du calcul
21/11/2011 - 08:10:53 	Nombre de positions : 50
21/11/2011 - 08:10:53 	Simulation inactivée
21/11/2011 - 08:10:53 	Lecture des conditions initiales
21/11/2011 - 08:10:53 	Fin du calcul
21/11/2011 - 08:12:02 	Début du calcul
21/11/2011 - 08:12:02 	Nombre de positions : 50
21/11/2011 - 08:12:02 	Simulation inactivée
21/11/2011 - 08:12:02 	Lecture des conditions initiales
21/11/2011 - 08:12:02 	Fin du calcul
21/11/2011 - 08:13:31 	Début du calcul
21/11/2011 - 08:13:31 	Nombre de positions : 50
21/11/2011 - 08:13:31 	Simulation inactivée
21/11/2011 - 08:13:31 	Lecture des conditions initiales
21/11/2011 - 08:13:31 	Fin du calcul
21/11/2011 - 08:15:46 	Début du calcul
21/11/2011 - 08:15:46 	Nombre de positions : 50
21/11/2011 - 08:15:46 	Simulation inactivée
21/11/2011 - 08:15:46 	Lecture des conditions initiales
21/11/2011 - 08:15:46 	Fin du calcul
21/11/2011 - 08:16:48 	Début du calcul
21/11/2011 - 08:16:48 	Nombre de positions : 50
21/11/2011 - 08:16:48 	Simulation inactivée
21/11/2011 - 08:16:48 	Lecture des conditions initiales
21/11/2011 - 08:16:48 	Fin du calcul
21/11/2011 - 08:17:37 	Début du calcul
21/11/2011 - 08:17:37 	Nombre de positions : 50
21/11/2011 - 08:17:37 	Simulation inactivée
21/11/2011 - 08:17:37 	Lecture des conditions initiales
21/11/2011 - 08:17:37 	Fin du calcul
21/11/2011 - 08:18:27 	Début du calcul
21/11/2011 - 08:18:27 	Nombre de positions : 50
21/11/2011 - 08:18:27 	Simulation inactivée
21/11/2011 - 08:18:27 	Lecture des conditions initiales
21/11/2011 - 08:18:27 	Fin du calcul
21/11/2011 - 08:19:21 	Début du calcul
21/11/2011 - 08:19:21 	Nombre de positions : 50
21/11/2011 - 08:19:21 	Simulation inactivée
21/11/2011 - 08:19:21 	Lecture des conditions initiales
21/11/2011 - 08:19:21 	Fin du calcul
21/11/2011 - 08:20:08 	Début du calcul
21/11/2011 - 08:20:08 	Nombre de positions : 50
21/11/2011 - 08:20:08 	Simulation inactivée
21/11/2011 - 08:20:08 	Lecture des conditions initiales
21/11/2011 - 08:20:08 	Fin du calcul
21/11/2011 - 08:20:54 	Début du calcul
21/11/2011 - 08:20:54 	Nombre de positions : 50
21/11/2011 - 08:20:54 	Simulation inactivée
21/11/2011 - 08:20:54 	Lecture des conditions initiales
21/11/2011 - 08:20:54 	Fin du calcul
21/11/2011 - 08:21:39 	Début du calcul
21/11/2011 - 08:21:39 	Nombre de positions : 50
21/11/2011 - 08:21:39 	Simulation inactivée
21/11/2011 - 08:21:39 	Lecture des conditions initiales
21/11/2011 - 08:21:39 	Fin du calcul
21/11/2011 - 08:22:17 	Début du calcul
21/11/2011 - 08:22:17 	Nombre de positions : 50
21/11/2011 - 08:22:17 	Simulation inactivée
21/11/2011 - 08:22:17 	Lecture des conditions initiales
21/11/2011 - 08:22:17 	Fin du calcul
21/11/2011 - 08:22:45 	Début du calcul
21/11/2011 - 08:22:45 	Nombre de positions : 50
21/11/2011 - 08:22:45 	Simulation inactivée
21/11/2011 - 08:22:45 	Lecture des conditions initiales
21/11/2011 - 08:22:45 	Fin du calcul
21/11/2011 - 08:27:32 	Début du calcul
21/11/2011 - 08:27:32 	Nombre de positions : 50
21/11/2011 - 08:27:32 	Simulation inactivée
21/11/2011 - 08:27:32 	Lecture des conditions initiales
21/11/2011 - 08:27:32 	Fin du calcul
21/11/2011 - 08:33:44 	Début du calcul
21/11/2011 - 08:33:44 	Nombre de positions : 50
21/11/2011 - 08:33:44 	Simulation inactivée
21/11/2011 - 08:33:44 	Lecture des conditions initiales
21/11/2011 - 08:33:44 	Fin du calcul
21/11/2011 - 08:35:15 	Début du calcul
21/11/2011 - 08:35:15 	Nombre de positions : 50
21/11/2011 - 08:35:15 	Simulation inactivée
21/11/2011 - 08:35:15 	Lecture des conditions initiales
21/11/2011 - 08:35:15 	Fin du calcul
21/11/2011 - 08:43:45 	Début du calcul
21/11/2011 - 08:43:45 	Nombre de positions : 50
21/11/2011 - 08:43:45 	Simulation inactivée
21/11/2011 - 08:43:45 	Lecture des conditions initiales
21/11/2011 - 08:43:45 	Fin du calcul
21/11/2011 - 08:51:00 	Début du calcul
21/11/2011 - 08:51:00 	Nombre de positions : 50
21/11/2011 - 08:51:00 	Simulation inactivée
21/11/2011 - 08:51:00 	Lecture des conditions initiales
21/11/2011 - 08:51:01 	Fin du calcul
21/11/2011 - 09:13:54 	Début du calcul
21/11/2011 - 09:13:54 	Nombre de positions : 50
21/11/2011 - 09:13:54 	Simulation inactivée
21/11/2011 - 09:13:54 	Lecture des conditions initiales
21/11/2011 - 09:13:54 	Fin du calcul
21/11/2011 - 09:16:40 	Début du calcul
21/11/2011 - 09:16:40 	Nombre de positions : 50
21/11/2011 - 09:16:40 	Simulation inactivée
21/11/2011 - 09:16:40 	Lecture des conditions initiales
21/11/2011 - 09:16:40 	Fin du calcul
21/11/2011 - 09:17:46 	Début du calcul
21/11/2011 - 09:17:46 	Nombre de positions : 50
21/11/2011 - 09:17:46 	Simulation inactivée
21/11/2011 - 09:17:46 	Lecture des conditions initiales
21/11/2011 - 09:17:46 	Fin du calcul
21/11/2011 - 09:31:02 	===== Fermeture de session =====

===============Finish Logging================


===============Init Logging================

22/11/2011 - 18:39:59 	===== Ouverture de session =====
22/11/2011 - 18:40:23 	Début du calcul
22/11/2011 - 18:40:23 	Nombre de positions : 50
22/11/2011 - 18:40:23 	Simulation inactivée
22/11/2011 - 18:40:23 	Lecture des conditions initiales
22/11/2011 - 18:40:23 	Fin du calcul
22/11/2011 - 18:41:12 	===== Fermeture de session =====

===============Finish Logging================


===============Init Logging================

22/11/2011 - 18:49:40 	===== Ouverture de session =====
22/11/2011 - 18:50:22 	Début du calcul
22/11/2011 - 18:50:22 	Nombre de positions : 50
22/11/2011 - 18:50:22 	Simulation inactivée
22/11/2011 - 18:50:22 	Lecture des conditions initiales
22/11/2011 - 18:50:22 	Fin du calcul
22/11/2011 - 18:50:56 	===== Fermeture de session =====

===============Finish Logging================


===============Init Logging================

23/11/2011 - 07:59:51 	===== Ouverture de session =====
23/11/2011 - 08:00:08 	Début du calcul
23/11/2011 - 08:00:08 	Nombre de positions : 50
23/11/2011 - 08:00:08 	Simulation inactivée
23/11/2011 - 08:00:08 	Lecture des conditions initiales
23/11/2011 - 08:00:08 	Fin du calcul
23/11/2011 - 08:00:39 	Début du calcul
23/11/2011 - 08:00:39 	Nombre de positions : 50
23/11/2011 - 08:00:39 	Simulation inactivée
23/11/2011 - 08:00:39 	Lecture des conditions initiales
23/11/2011 - 08:00:39 	Fin du calcul
23/11/2011 - 10:22:30 	Début du calcul
23/11/2011 - 10:22:30 	Nombre de positions : 50
23/11/2011 - 10:22:30 	Simulation inactivée
23/11/2011 - 10:22:30 	Lecture des conditions initiales
23/11/2011 - 10:22:31 	Fin du calcul
23/11/2011 - 11:57:09 	Début du calcul
23/11/2011 - 11:57:09 	Nombre de positions : 50
23/11/2011 - 11:57:09 	Simulation inactivée
23/11/2011 - 11:57:09 	Lecture des conditions initiales
23/11/2011 - 11:57:09 	Fin du calcul
23/11/2011 - 12:00:23 	Début du calcul
23/11/2011 - 12:00:23 	Nombre de positions : 50
23/11/2011 - 12:00:23 	Simulation inactivée
23/11/2011 - 12:00:23 	Lecture des conditions initiales
23/11/2011 - 12:00:23 	Fin du calcul
23/11/2011 - 14:24:27 	Début du calcul
23/11/2011 - 14:24:27 	Nombre de positions : 50
23/11/2011 - 14:24:27 	Simulation inactivée
23/11/2011 - 14:24:27 	Lecture des conditions initiales
23/11/2011 - 14:24:27 	Fin du calcul
23/11/2011 - 14:28:29 	Début du calcul
23/11/2011 - 14:28:29 	Nombre de positions : 50
23/11/2011 - 14:28:29 	Simulation inactivée
23/11/2011 - 14:28:29 	Lecture des conditions initiales
23/11/2011 - 14:28:29 	Fin du calcul
23/11/2011 - 14:31:49 	Début du calcul
23/11/2011 - 14:31:49 	Nombre de positions : 50
23/11/2011 - 14:31:49 	Simulation inactivée
23/11/2011 - 14:31:49 	Lecture des conditions initiales
23/11/2011 - 14:31:49 	Fin du calcul
23/11/2011 - 16:12:38 	Début du calcul
23/11/2011 - 16:12:38 	Nombre de positions : 50
23/11/2011 - 16:12:38 	Simulation inactivée
23/11/2011 - 16:12:38 	Lecture des conditions initiales
23/11/2011 - 16:12:38 	Fin du calcul
23/11/2011 - 16:17:42 	Début du calcul
23/11/2011 - 16:17:42 	Nombre de positions : 50
23/11/2011 - 16:17:42 	Simulation inactivée
23/11/2011 - 16:17:42 	Lecture des conditions initiales
23/11/2011 - 16:17:42 	Fin du calcul
23/11/2011 - 16:33:07 	===== Fermeture de session =====

===============Finish Logging================


===============Init Logging================

28/11/2011 - 16:33:37 	===== Ouverture de session =====
28/11/2011 - 16:34:04 	Début du calcul
28/11/2011 - 16:34:04 	Nombre de positions : 50
28/11/2011 - 16:34:04 	Simulation inactivée
28/11/2011 - 16:34:04 	Lecture des conditions initiales
28/11/2011 - 16:34:04 	Fin du calcul
28/11/2011 - 16:38:33 	Début du calcul
28/11/2011 - 16:38:33 	Nombre de positions : 50
28/11/2011 - 16:38:33 	Simulation inactivée
28/11/2011 - 16:38:33 	Lecture des conditions initiales
28/11/2011 - 16:38:34 	Fin du calcul
28/11/2011 - 16:38:53 	Début du calcul
28/11/2011 - 16:38:53 	Nombre de positions : 50
28/11/2011 - 16:38:53 	Simulation inactivée
28/11/2011 - 16:38:53 	Lecture des conditions initiales
28/11/2011 - 16:38:55 	Fin du calcul
28/11/2011 - 16:40:50 	Début du calcul
28/11/2011 - 16:40:50 	Nombre de positions : 50
28/11/2011 - 16:40:50 	Simulation inactivée
28/11/2011 - 16:40:50 	Lecture des conditions initiales
28/11/2011 - 16:40:50 	Fin du calcul
28/11/2011 - 16:42:12 	Début du calcul
28/11/2011 - 16:42:12 	Nombre de positions : 50
28/11/2011 - 16:42:12 	Simulation inactivée
28/11/2011 - 16:42:12 	Lecture des conditions initiales
28/11/2011 - 16:42:12 	Fin du calcul
28/11/2011 - 16:42:44 	Début du calcul
28/11/2011 - 16:42:44 	Nombre de positions : 500
28/11/2011 - 16:42:44 	Simulation inactivée
28/11/2011 - 16:42:44 	Lecture des conditions initiales
28/11/2011 - 16:42:44 	Fin du calcul
28/11/2011 - 16:43:17 	Début du calcul
28/11/2011 - 16:43:17 	Nombre de positions : 500
28/11/2011 - 16:43:17 	Simulation inactivée
28/11/2011 - 16:43:17 	Lecture des conditions initiales
28/11/2011 - 16:43:18 	Fin du calcul
28/11/2011 - 17:58:55 	===== Fermeture de session =====

===============Finish Logging================


===============Init Logging================

29/11/2011 - 14:05:00 	===== Ouverture de session =====
29/11/2011 - 14:21:30 	===== Fermeture de session =====

===============Finish Logging================


===============Init Logging================

29/11/2011 - 14:21:46 	===== Ouverture de session =====
29/11/2011 - 15:12:55 	Début du calcul
29/11/2011 - 15:12:55 	Nombre de positions : 500
29/11/2011 - 15:12:55 	Simulation inactivée
29/11/2011 - 15:12:55 	Lecture des conditions initiales
29/11/2011 - 15:12:56 	Fin du calcul
29/11/2011 - 15:13:13 	Début du calcul
29/11/2011 - 15:13:13 	Nombre de positions : 500
29/11/2011 - 15:13:13 	Simulation inactivée
29/11/2011 - 15:13:13 	Lecture des conditions initiales
29/11/2011 - 15:13:14 	Fin du calcul
29/11/2011 - 15:19:28 	Début du calcul
29/11/2011 - 15:19:28 	Nombre de positions : 500
29/11/2011 - 15:19:28 	Simulation inactivée
29/11/2011 - 15:19:28 	Lecture des conditions initiales
29/11/2011 - 15:19:29 	Fin du calcul
29/11/2011 - 15:26:43 	Début du calcul
29/11/2011 - 15:26:43 	Nombre de positions : 500
29/11/2011 - 15:26:43 	Simulation inactivée
29/11/2011 - 15:26:43 	Lecture des conditions initiales
29/11/2011 - 15:26:44 	Fin du calcul
29/11/2011 - 15:32:49 	Début du calcul
29/11/2011 - 15:32:49 	Nombre de positions : 500
29/11/2011 - 15:32:49 	Simulation inactivée
29/11/2011 - 15:32:49 	Lecture des conditions initiales
29/11/2011 - 15:32:50 	Fin du calcul
29/11/2011 - 15:45:44 	Début du calcul
29/11/2011 - 15:45:44 	Nombre de positions : 500
29/11/2011 - 15:45:44 	Simulation inactivée
29/11/2011 - 15:45:44 	Lecture des conditions initiales
29/11/2011 - 15:45:44 	Fin du calcul
29/11/2011 - 15:47:01 	Début du calcul
29/11/2011 - 15:47:01 	Nombre de positions : 500
29/11/2011 - 15:47:01 	Simulation inactivée
29/11/2011 - 15:47:01 	Lecture des conditions initiales
29/11/2011 - 15:47:01 	Fin du calcul
29/11/2011 - 18:20:41 	Début du calcul
29/11/2011 - 18:20:41 	Nombre de positions : 500
29/11/2011 - 18:20:41 	Simulation inactivée
29/11/2011 - 18:20:41 	Lecture des conditions initiales
29/11/2011 - 18:20:42 	Fin du calcul
29/11/2011 - 18:45:22 	===== Fermeture de session =====

===============Finish Logging================


===============Init Logging================

23/02/2015 - 08:58:18 	===== Ouverture de session =====
23/02/2015 - 08:58:48 	Début du calcul
23/02/2015 - 08:58:48 	Nombre de positions : 500
23/02/2015 - 08:58:48 	Simulation inactivée
23/02/2015 - 08:58:48 	Lecture des conditions initiales
23/02/2015 - 08:58:48 	Fin du calcul
23/02/2015 - 09:18:35 	Début du calcul
23/02/2015 - 09:18:35 	Nombre de positions : 500
23/02/2015 - 09:18:35 	Simulation inactivée
23/02/2015 - 09:18:35 	Lecture des conditions initiales
23/02/2015 - 09:18:36 	Fin du calcul
23/02/2015 - 09:18:46 	Début du calcul
23/02/2015 - 09:18:46 	Nombre de positions : 500
23/02/2015 - 09:18:46 	Simulation inactivée
23/02/2015 - 09:18:46 	Lecture des conditions initiales
23/02/2015 - 09:18:46 	Fin du calcul
23/02/2015 - 09:27:49 	===== Fermeture de session =====

===============Finish Logging================


===============Init Logging================

20/03/2015 - 15:46:38 	===== Ouverture de session =====
20/03/2015 - 15:48:03 	===== Fermeture de session =====

===============Finish Logging================


===============Init Logging================

20/03/2015 - 15:48:16 	===== Ouverture de session =====
20/03/2015 - 15:49:28 	Début du calcul
20/03/2015 - 15:49:28 	Nombre de positions : 500
20/03/2015 - 15:49:28 	Simulation inactivée
20/03/2015 - 15:49:28 	Lecture des conditions initiales
20/03/2015 - 15:49:28 	Fin du calcul
20/03/2015 - 15:49:45 	Début du calcul
20/03/2015 - 15:49:45 	Nombre de positions : 500
20/03/2015 - 15:49:45 	Simulation inactivée
20/03/2015 - 15:49:45 	Lecture des conditions initiales
20/03/2015 - 15:49:46 	Fin du calcul
20/03/2015 - 15:49:58 	Début du calcul
20/03/2015 - 15:49:58 	Nombre de positions : 500
20/03/2015 - 15:49:58 	Simulation inactivée
20/03/2015 - 15:49:58 	Lecture des conditions initiales
20/03/2015 - 15:49:59 	Fin du calcul
20/03/2015 - 15:50:05 	Début du calcul
20/03/2015 - 15:50:05 	Nombre de positions : 500
20/03/2015 - 15:50:05 	Simulation inactivée
20/03/2015 - 15:50:05 	Lecture des conditions initiales
20/03/2015 - 15:50:06 	Fin du calcul
20/03/2015 - 15:50:10 	Début du calcul
20/03/2015 - 15:50:10 	Nombre de positions : 500
20/03/2015 - 15:50:10 	Simulation inactivée
20/03/2015 - 15:50:10 	Lecture des conditions initiales
20/03/2015 - 15:50:11 	Fin du calcul
20/03/2015 - 15:52:36 	===== Fermeture de session =====

===============Finish Logging================


===============Init Logging================

20/03/2015 - 15:53:51 	===== Ouverture de session =====
20/03/2015 - 15:59:16 	Début du calcul
20/03/2015 - 15:59:16 	Nombre de positions : 500
20/03/2015 - 15:59:16 	Simulation inactivée
20/03/2015 - 15:59:16 	Lecture des conditions initiales
20/03/2015 - 15:59:17 	Fin du calcul
20/03/2015 - 16:08:03 	===== Fermeture de session =====

===============Finish Logging================


===============Init Logging================

20/03/2015 - 16:08:43 	===== Ouverture de session =====
20/03/2015 - 16:11:40 	Début du calcul
20/03/2015 - 16:11:40 	Nombre de positions : 500
20/03/2015 - 16:11:40 	Simulation inactivée
20/03/2015 - 16:11:40 	Lecture des conditions initiales
20/03/2015 - 16:11:40 	Fin du calcul
20/03/2015 - 16:21:55 	===== Fermeture de session =====

===============Finish Logging================


===============Init Logging================

20/03/2015 - 16:22:45 	===== Ouverture de session =====
20/03/2015 - 17:15:44 	Début du calcul
20/03/2015 - 17:15:44 	Nombre de positions : 500
20/03/2015 - 17:15:44 	Simulation inactivée
20/03/2015 - 17:15:44 	Lecture des conditions initiales
20/03/2015 - 17:15:45 	Fin du calcul
20/03/2015 - 17:15:48 	Début du calcul
20/03/2015 - 17:15:48 	Nombre de positions : 500
20/03/2015 - 17:15:48 	Simulation inactivée
20/03/2015 - 17:15:48 	Lecture des conditions initiales
20/03/2015 - 17:15:48 	Fin du calcul
20/03/2015 - 17:18:48 	Début du calcul
20/03/2015 - 17:18:48 	Nombre de positions : 500
20/03/2015 - 17:18:48 	Simulation inactivée
20/03/2015 - 17:18:48 	Lecture des conditions initiales
20/03/2015 - 17:18:48 	Fin du calcul
20/03/2015 - 17:19:54 	Début du calcul
20/03/2015 - 17:19:54 	Nombre de positions : 500
20/03/2015 - 17:19:54 	Simulation inactivée
20/03/2015 - 17:19:54 	Lecture des conditions initiales
20/03/2015 - 17:19:54 	Fin du calcul
20/03/2015 - 17:21:13 	Début du calcul
20/03/2015 - 17:21:13 	Nombre de positions : 100
20/03/2015 - 17:21:13 	Simulation inactivée
20/03/2015 - 17:21:13 	Lecture des conditions initiales
20/03/2015 - 17:21:14 	Fin du calcul
20/03/2015 - 17:21:16 	Début du calcul
20/03/2015 - 17:21:16 	Nombre de positions : 100
20/03/2015 - 17:21:16 	Simulation inactivée
20/03/2015 - 17:21:16 	Lecture des conditions initiales
20/03/2015 - 17:21:18 	Fin du calcul
20/03/2015 - 17:21:27 	Début du calcul
20/03/2015 - 17:21:27 	Nombre de positions : 150
20/03/2015 - 17:21:27 	Simulation inactivée
20/03/2015 - 17:21:27 	Lecture des conditions initiales
20/03/2015 - 17:21:28 	Fin du calcul
20/03/2015 - 17:21:44 	Début du calcul
20/03/2015 - 17:21:44 	Nombre de positions : 400
20/03/2015 - 17:21:44 	Simulation inactivée
20/03/2015 - 17:21:44 	Lecture des conditions initiales
20/03/2015 - 17:21:45 	Fin du calcul
20/03/2015 - 17:22:12 	Début du calcul
20/03/2015 - 17:22:12 	Nombre de positions : 400
20/03/2015 - 17:22:12 	Simulation inactivée
20/03/2015 - 17:22:12 	Lecture des conditions initiales
20/03/2015 - 17:22:13 	Fin du calcul
20/03/2015 - 17:22:53 	Début du calcul
20/03/2015 - 17:22:53 	Nombre de positions : 500
20/03/2015 - 17:22:53 	Simulation inactivée
20/03/2015 - 17:22:53 	Lecture des conditions initiales
20/03/2015 - 17:22:53 	Fin du calcul
20/03/2015 - 17:34:03 	Début du calcul
20/03/2015 - 17:34:03 	Nombre de positions : 500
20/03/2015 - 17:34:03 	Simulation inactivée
20/03/2015 - 17:34:03 	Lecture des conditions initiales
20/03/2015 - 17:34:03 	Fin du calcul
20/03/2015 - 17:35:08 	Début du calcul
20/03/2015 - 17:35:08 	Nombre de positions : 500
20/03/2015 - 17:35:08 	Simulation inactivée
20/03/2015 - 17:35:08 	Lecture des conditions initiales
20/03/2015 - 17:35:09 	Fin du calcul
20/03/2015 - 18:07:31 	Début du calcul
20/03/2015 - 18:07:31 	Nombre de positions : 500
20/03/2015 - 18:07:31 	Simulation inactivée
20/03/2015 - 18:07:31 	Lecture des conditions initiales
20/03/2015 - 18:07:32 	Fin du calcul
20/03/2015 - 18:53:48 	===== Fermeture de session =====

===============Finish Logging================


===============Init Logging================


===============Init Logging================

24/03/2015 - 10:41:55 	===== Ouverture de session =====
24/03/2015 - 10:51:40 	Début du calcul
24/03/2015 - 10:51:40 	Nombre de positions : 500
24/03/2015 - 10:51:40 	Simulation activée
24/03/2015 - 10:51:40 	Lecture des conditions initiales
24/03/2015 - 10:51:44 	Fin du calcul
24/03/2015 - 10:54:50 	Début du calcul
24/03/2015 - 10:54:50 	Nombre de positions : 500
24/03/2015 - 10:54:50 	Simulation activée
24/03/2015 - 10:54:50 	Lecture des conditions initiales

===============Init Logging================


===============Init Logging================

24/03/2015 - 13:49:22 	===== Ouverture de session =====
24/03/2015 - 13:49:58 	===== Fermeture de session =====

===============Finish Logging================

24/03/2015 - 13:49:22 	===== Ouverture de session =====
24/03/2015 - 13:49:58 	===== Fermeture de session =====

===============Finish Logging================


===============Init Logging================

20/03/2017 - 10:28:59 	===== Ouverture de session =====
20/03/2017 - 10:29:16 	===== Fermeture de session =====

===============Finish Logging================

