
===============Init Logging================

16/11/2004 - 11:09:10 	===== Ouverture de session =====
16/11/2004 - 11:09:12 	Computing bounding box
16/11/2004 - 11:12:14 	Début du calcul
16/11/2004 - 11:12:14 	Nombre de positions : 300
16/11/2004 - 11:12:14 	Simulation inactivée
16/11/2004 - 11:12:14 	Lecture des conditions initiales
16/11/2004 - 11:12:17 	Fin du calcul
16/11/2004 - 11:12:25 	Début du calcul
16/11/2004 - 11:12:25 	Nombre de positions : 300
16/11/2004 - 11:12:25 	Simulation inactivée
16/11/2004 - 11:12:25 	Lecture des conditions initiales
16/11/2004 - 11:12:29 	Fin du calcul
16/11/2004 - 11:12:34 	Début du calcul
16/11/2004 - 11:12:34 	Nombre de positions : 200
16/11/2004 - 11:12:34 	Simulation inactivée
16/11/2004 - 11:12:34 	Lecture des conditions initiales
16/11/2004 - 11:12:37 	Fin du calcul
16/11/2004 - 11:12:43 	Début du calcul
16/11/2004 - 11:12:43 	Nombre de positions : 100
16/11/2004 - 11:12:43 	Simulation inactivée
16/11/2004 - 11:12:43 	Lecture des conditions initiales
16/11/2004 - 11:12:46 	Fin du calcul
16/11/2004 - 11:12:51 	Début du calcul
16/11/2004 - 11:12:51 	Nombre de positions : 100
16/11/2004 - 11:12:51 	Simulation inactivée
16/11/2004 - 11:12:51 	Lecture des conditions initiales
16/11/2004 - 11:12:52 	Fin du calcul
16/11/2004 - 11:21:44 	Début du calcul
16/11/2004 - 11:21:44 	Nombre de positions : 100
16/11/2004 - 11:21:44 	Simulation inactivée
16/11/2004 - 11:21:44 	Lecture des conditions initiales
16/11/2004 - 11:21:45 	Fin du calcul
16/11/2004 - 11:23:46 	Début du calcul
16/11/2004 - 11:23:46 	Nombre de positions : 100
16/11/2004 - 11:23:46 	Simulation inactivée
16/11/2004 - 11:23:46 	Lecture des conditions initiales
16/11/2004 - 11:23:47 	Fin du calcul
16/11/2004 - 11:24:51 	Début du calcul
16/11/2004 - 11:24:51 	Nombre de positions : 100
16/11/2004 - 11:24:51 	Simulation inactivée
16/11/2004 - 11:24:51 	Lecture des conditions initiales
16/11/2004 - 11:24:52 	Fin du calcul
16/11/2004 - 11:27:01 	Début du calcul
16/11/2004 - 11:27:01 	Nombre de positions : 100
16/11/2004 - 11:27:01 	Simulation inactivée
16/11/2004 - 11:27:01 	Lecture des conditions initiales
16/11/2004 - 11:27:02 	Fin du calcul
16/11/2004 - 11:28:41 	Début du calcul
16/11/2004 - 11:28:41 	Nombre de positions : 100
16/11/2004 - 11:28:41 	Simulation inactivée
16/11/2004 - 11:28:41 	Lecture des conditions initiales
16/11/2004 - 11:28:42 	Fin du calcul
16/11/2004 - 11:28:47 	Début du calcul
16/11/2004 - 11:28:47 	Nombre de positions : 100
16/11/2004 - 11:28:47 	Simulation inactivée
16/11/2004 - 11:28:47 	Lecture des conditions initiales
16/11/2004 - 11:28:47 	Fin du calcul
16/11/2004 - 11:29:30 	Computing bounding box
16/11/2004 - 11:30:06 	Début du calcul
16/11/2004 - 11:30:06 	Nombre de positions : 100
16/11/2004 - 11:30:06 	Simulation inactivée
16/11/2004 - 11:30:06 	Lecture des conditions initiales
16/11/2004 - 11:30:07 	Fin du calcul
16/11/2004 - 11:32:33 	Début du calcul
16/11/2004 - 11:32:33 	Nombre de positions : 100
16/11/2004 - 11:32:33 	Simulation inactivée
16/11/2004 - 11:32:33 	Lecture des conditions initiales
16/11/2004 - 11:32:33 	Fin du calcul
16/11/2004 - 11:34:56 	Début du calcul
16/11/2004 - 11:34:56 	Nombre de positions : 100
16/11/2004 - 11:34:56 	Simulation inactivée
16/11/2004 - 11:34:56 	Lecture des conditions initiales
16/11/2004 - 11:34:57 	Fin du calcul
16/11/2004 - 11:35:48 	===== Fermeture de session =====

===============Finish Logging================


===============Init Logging================

16/11/2004 - 11:59:57 	===== Ouverture de session =====
16/11/2004 - 11:59:57 	Computing bounding box
16/11/2004 - 12:00:10 	Début du calcul
16/11/2004 - 12:00:10 	Nombre de positions : 100
16/11/2004 - 12:00:10 	Simulation inactivée
16/11/2004 - 12:00:10 	Lecture des conditions initiales
16/11/2004 - 12:00:10 	Fin du calcul
16/11/2004 - 12:03:02 	Début du calcul
16/11/2004 - 12:03:02 	Nombre de positions : 100
16/11/2004 - 12:03:02 	Simulation inactivée
16/11/2004 - 12:03:02 	Lecture des conditions initiales
16/11/2004 - 12:03:03 	Fin du calcul
16/11/2004 - 12:05:23 	Début du calcul
16/11/2004 - 12:05:23 	Nombre de positions : 300
16/11/2004 - 12:05:23 	Simulation inactivée
16/11/2004 - 12:05:23 	Lecture des conditions initiales
16/11/2004 - 12:05:25 	Fin du calcul
16/11/2004 - 12:19:47 	===== Fermeture de session =====

===============Finish Logging================


===============Init Logging================

16/11/2004 - 19:30:27 	===== Ouverture de session =====
16/11/2004 - 19:30:28 	Computing bounding box
16/11/2004 - 19:31:20 	===== Fermeture de session =====

===============Finish Logging================


===============Init Logging================

17/11/2004 - 13:02:01 	===== Ouverture de session =====
17/11/2004 - 13:02:02 	Computing bounding box
17/11/2004 - 13:02:37 	Début du calcul
17/11/2004 - 13:02:37 	Nombre de positions : 300
17/11/2004 - 13:02:37 	Simulation inactivée
17/11/2004 - 13:02:37 	Lecture des conditions initiales
17/11/2004 - 13:02:39 	Fin du calcul
17/11/2004 - 13:03:25 	Computing bounding box
17/11/2004 - 13:15:09 	===== Fermeture de session =====

===============Finish Logging================


===============Init Logging================

17/11/2004 - 19:37:18 	===== Ouverture de session =====
17/11/2004 - 19:37:20 	Computing bounding box
17/11/2004 - 19:41:06 	===== Fermeture de session =====

===============Finish Logging================


===============Init Logging================

23/11/2004 - 19:29:31 	===== Ouverture de session =====
23/11/2004 - 19:29:32 	Computing bounding box
23/11/2004 - 19:31:41 	Début du calcul
23/11/2004 - 19:31:41 	Nombre de positions : 300
23/11/2004 - 19:31:41 	Simulation inactivée
23/11/2004 - 19:31:41 	Lecture des conditions initiales
23/11/2004 - 19:31:43 	Fin du calcul
23/11/2004 - 19:33:18 	===== Fermeture de session =====

===============Finish Logging================


===============Init Logging================

23/11/2004 - 19:33:53 	===== Ouverture de session =====
23/11/2004 - 19:33:54 	Computing bounding box
23/11/2004 - 19:54:17 	===== Fermeture de session =====

===============Finish Logging================


===============Init Logging================

23/11/2004 - 19:54:27 	===== Ouverture de session =====
23/11/2004 - 19:54:27 	Computing bounding box
23/11/2004 - 20:20:56 	===== Fermeture de session =====

===============Finish Logging================


===============Init Logging================

24/11/2004 - 19:37:56 	===== Ouverture de session =====
24/11/2004 - 19:37:57 	Computing bounding box
24/11/2004 - 19:38:56 	Début du calcul
24/11/2004 - 19:38:56 	Nombre de positions : 300
24/11/2004 - 19:38:56 	Simulation inactivée
24/11/2004 - 19:38:56 	Lecture des conditions initiales
24/11/2004 - 19:38:58 	Fin du calcul
24/11/2004 - 19:40:40 	===== Fermeture de session =====

===============Finish Logging================

