
===============Init Logging================

25/05/2016 - 15:40:38 	===== Ouverture de session =====
25/05/2016 - 15:41:43 	===== Fermeture de session =====

===============Finish Logging================


===============Init Logging================

25/05/2016 - 17:04:45 	===== Ouverture de session =====
25/05/2016 - 17:04:55 	===== Fermeture de session =====

===============Finish Logging================


===============Init Logging================

25/05/2016 - 17:07:07 	===== Ouverture de session =====
25/05/2016 - 17:21:43 	Début du calcul
25/05/2016 - 17:21:43 	Nombre de positions : 20
25/05/2016 - 17:21:43 	Simulation inactivée
25/05/2016 - 17:21:43 	Lecture des conditions initiales
25/05/2016 - 17:21:44 	Analyse du système incorrecte
25/05/2016 - 17:21:44 	Abandon du calcul
25/05/2016 - 17:29:38 	Début du calcul
25/05/2016 - 17:29:38 	Nombre de positions : 20
25/05/2016 - 17:29:38 	Simulation inactivée
25/05/2016 - 17:29:38 	Lecture des conditions initiales
25/05/2016 - 17:29:40 	Analyse du système incorrecte
25/05/2016 - 17:29:40 	Abandon du calcul
25/05/2016 - 17:30:18 	Début du calcul
25/05/2016 - 17:30:18 	Nombre de positions : 20
25/05/2016 - 17:30:18 	Simulation inactivée
25/05/2016 - 17:30:18 	Lecture des conditions initiales
25/05/2016 - 17:30:19 	Analyse du système incorrecte
25/05/2016 - 17:30:19 	Abandon du calcul
25/05/2016 - 17:30:50 	Début du calcul
25/05/2016 - 17:30:50 	Nombre de positions : 20
25/05/2016 - 17:30:50 	Simulation inactivée
25/05/2016 - 17:30:50 	Lecture des conditions initiales
25/05/2016 - 17:30:52 	Analyse du système incorrecte
25/05/2016 - 17:30:52 	Abandon du calcul
25/05/2016 - 17:31:22 	Début du calcul
25/05/2016 - 17:31:22 	Nombre de positions : 20
25/05/2016 - 17:31:22 	Simulation inactivée
25/05/2016 - 17:31:22 	Lecture des conditions initiales
25/05/2016 - 17:31:23 	Analyse du système incorrecte
25/05/2016 - 17:31:23 	Abandon du calcul
25/05/2016 - 17:33:14 	Début du calcul
25/05/2016 - 17:33:14 	Nombre de positions : 20
25/05/2016 - 17:33:14 	Simulation inactivée
25/05/2016 - 17:33:14 	Lecture des conditions initiales
25/05/2016 - 17:33:16 	Analyse du système incorrecte
25/05/2016 - 17:33:16 	Abandon du calcul
25/05/2016 - 17:33:21 	Début du calcul
25/05/2016 - 17:33:21 	Nombre de positions : 20
25/05/2016 - 17:33:21 	Simulation inactivée
25/05/2016 - 17:33:21 	Lecture des conditions initiales
25/05/2016 - 17:33:22 	Analyse du système incorrecte
25/05/2016 - 17:33:22 	Abandon du calcul
25/05/2016 - 17:33:46 	===== Fermeture de session =====

===============Finish Logging================


===============Init Logging================

25/05/2016 - 17:35:37 	===== Ouverture de session =====
25/05/2016 - 17:40:06 	Début du calcul
25/05/2016 - 17:40:06 	Nombre de positions : 20
25/05/2016 - 17:40:06 	Simulation inactivée
25/05/2016 - 17:40:06 	Lecture des conditions initiales
25/05/2016 - 17:40:08 	Analyse du système incorrecte
25/05/2016 - 17:40:08 	Abandon du calcul
25/05/2016 - 17:48:36 	Début du calcul
25/05/2016 - 17:48:36 	Nombre de positions : 20
25/05/2016 - 17:48:36 	Simulation inactivée
25/05/2016 - 17:48:36 	Lecture des conditions initiales
25/05/2016 - 17:48:37 	Fin du calcul
25/05/2016 - 17:51:50 	===== Fermeture de session =====

===============Finish Logging================


===============Init Logging================

26/05/2016 - 17:41:09 	===== Ouverture de session =====
26/05/2016 - 17:41:29 	Début du calcul
26/05/2016 - 17:41:29 	Nombre de positions : 20
26/05/2016 - 17:41:29 	Simulation inactivée
26/05/2016 - 17:41:29 	Lecture des conditions initiales
26/05/2016 - 17:41:29 	Fin du calcul
26/05/2016 - 17:57:00 	Début du calcul
26/05/2016 - 17:57:00 	Nombre de positions : 20
26/05/2016 - 17:57:00 	Simulation inactivée
26/05/2016 - 17:57:00 	Lecture des conditions initiales
26/05/2016 - 17:57:00 	Fin du calcul
26/05/2016 - 17:57:43 	Début du calcul
26/05/2016 - 17:57:43 	Nombre de positions : 20
26/05/2016 - 17:57:43 	Simulation inactivée
26/05/2016 - 17:57:43 	Lecture des conditions initiales

===============Init Logging================

27/05/2016 - 13:09:53 	===== Ouverture de session =====
27/05/2016 - 13:18:52 	Début du calcul
27/05/2016 - 13:18:52 	Nombre de positions : 20
27/05/2016 - 13:18:52 	Simulation inactivée
27/05/2016 - 13:18:52 	Lecture des conditions initiales
27/05/2016 - 13:18:52 	Fin du calcul
27/05/2016 - 13:20:18 	Début du calcul
27/05/2016 - 13:20:18 	Nombre de positions : 20
27/05/2016 - 13:20:18 	Simulation inactivée
27/05/2016 - 13:20:18 	Lecture des conditions initiales
27/05/2016 - 13:20:24 	Fin du calcul
27/05/2016 - 13:20:40 	Début du calcul
27/05/2016 - 13:20:40 	Nombre de positions : 20
27/05/2016 - 13:20:40 	Simulation inactivée
27/05/2016 - 13:20:40 	Lecture des conditions initiales
27/05/2016 - 13:20:50 	Fin du calcul
27/05/2016 - 13:21:05 	Début du calcul
27/05/2016 - 13:21:05 	Nombre de positions : 20
27/05/2016 - 13:21:05 	Simulation inactivée
27/05/2016 - 13:21:05 	Lecture des conditions initiales
27/05/2016 - 13:21:09 	Fin du calcul
27/05/2016 - 13:21:32 	Début du calcul
27/05/2016 - 13:21:32 	Nombre de positions : 200
27/05/2016 - 13:21:32 	Simulation inactivée
27/05/2016 - 13:21:32 	Lecture des conditions initiales
27/05/2016 - 13:21:47 	Fin du calcul
27/05/2016 - 13:22:24 	Début du calcul
27/05/2016 - 13:22:24 	Nombre de positions : 180
27/05/2016 - 13:22:24 	Simulation inactivée
27/05/2016 - 13:22:24 	Lecture des conditions initiales
27/05/2016 - 13:22:35 	Fin du calcul
27/05/2016 - 13:22:42 	Début du calcul
27/05/2016 - 13:22:42 	Nombre de positions : 200
27/05/2016 - 13:22:42 	Simulation inactivée
27/05/2016 - 13:22:42 	Lecture des conditions initiales
27/05/2016 - 13:22:45 	Fin du calcul
27/05/2016 - 13:25:24 	Début du calcul
27/05/2016 - 13:25:24 	Nombre de positions : 200
27/05/2016 - 13:25:24 	Simulation inactivée
27/05/2016 - 13:25:24 	Lecture des conditions initiales
27/05/2016 - 13:25:30 	Fin du calcul
27/05/2016 - 13:26:52 	Début du calcul
27/05/2016 - 13:26:52 	Nombre de positions : 200
27/05/2016 - 13:26:52 	Simulation inactivée
27/05/2016 - 13:26:52 	Lecture des conditions initiales
27/05/2016 - 13:27:04 	Fin du calcul
27/05/2016 - 13:27:15 	Début du calcul
27/05/2016 - 13:27:15 	Nombre de positions : 199
27/05/2016 - 13:27:15 	Simulation inactivée
27/05/2016 - 13:27:15 	Lecture des conditions initiales
27/05/2016 - 13:27:19 	Fin du calcul
27/05/2016 - 13:27:28 	Début du calcul
27/05/2016 - 13:27:28 	Nombre de positions : 400
27/05/2016 - 13:27:28 	Simulation inactivée
27/05/2016 - 13:27:28 	Lecture des conditions initiales
27/05/2016 - 13:27:34 	Fin du calcul
27/05/2016 - 13:29:18 	Début du calcul
27/05/2016 - 13:29:18 	Nombre de positions : 400
27/05/2016 - 13:29:18 	Simulation inactivée
27/05/2016 - 13:29:18 	Lecture des conditions initiales
27/05/2016 - 13:29:21 	Fin du calcul
27/05/2016 - 13:29:49 	Début du calcul
27/05/2016 - 13:29:49 	Nombre de positions : 400
27/05/2016 - 13:29:49 	Simulation inactivée
27/05/2016 - 13:29:49 	Lecture des conditions initiales
27/05/2016 - 13:29:53 	Fin du calcul
27/05/2016 - 13:30:44 	===== Fermeture de session =====

===============Finish Logging================


===============Init Logging================

30/05/2016 - 12:53:17 	===== Ouverture de session =====
30/05/2016 - 13:01:53 	Début du calcul
30/05/2016 - 13:01:53 	Nombre de positions : 400
30/05/2016 - 13:01:53 	Simulation inactivée
30/05/2016 - 13:01:53 	Lecture des conditions initiales
30/05/2016 - 13:02:06 	Fin du calcul
30/05/2016 - 13:05:38 	Début du calcul
30/05/2016 - 13:05:38 	Nombre de positions : 400
30/05/2016 - 13:05:38 	Simulation inactivée
30/05/2016 - 13:05:38 	Lecture des conditions initiales
30/05/2016 - 13:05:53 	Fin du calcul
30/05/2016 - 13:06:15 	Début du calcul
30/05/2016 - 13:06:15 	Nombre de positions : 400
30/05/2016 - 13:06:15 	Simulation inactivée
30/05/2016 - 13:06:15 	Lecture des conditions initiales
30/05/2016 - 13:06:27 	Fin du calcul
30/05/2016 - 13:07:32 	Début du calcul
30/05/2016 - 13:07:32 	Nombre de positions : 200
30/05/2016 - 13:07:32 	Simulation inactivée
30/05/2016 - 13:07:32 	Lecture des conditions initiales
30/05/2016 - 13:07:38 	Fin du calcul
30/05/2016 - 13:10:19 	Début du calcul
30/05/2016 - 13:10:19 	Nombre de positions : 200
30/05/2016 - 13:10:19 	Simulation inactivée
30/05/2016 - 13:10:19 	Lecture des conditions initiales
30/05/2016 - 13:10:21 	Fin du calcul
30/05/2016 - 13:12:10 	Début du calcul
30/05/2016 - 13:12:10 	Nombre de positions : 200
30/05/2016 - 13:12:10 	Simulation inactivée
30/05/2016 - 13:12:10 	Lecture des conditions initiales
30/05/2016 - 13:12:14 	Fin du calcul
30/05/2016 - 13:12:34 	Début du calcul
30/05/2016 - 13:12:34 	Nombre de positions : 200
30/05/2016 - 13:12:34 	Simulation inactivée
30/05/2016 - 13:12:34 	Lecture des conditions initiales
30/05/2016 - 13:12:38 	Fin du calcul
30/05/2016 - 13:27:36 	===== Fermeture de session =====

===============Finish Logging================


===============Init Logging================

31/05/2016 - 12:45:05 	===== Ouverture de session =====
31/05/2016 - 12:45:26 	Début du calcul
31/05/2016 - 12:45:26 	Nombre de positions : 200
31/05/2016 - 12:45:26 	Simulation inactivée
31/05/2016 - 12:45:26 	Lecture des conditions initiales
31/05/2016 - 12:45:27 	Fin du calcul
31/05/2016 - 18:59:45 	===== Fermeture de session =====

===============Finish Logging================


===============Init Logging================

20/06/2016 - 10:45:03 	===== Ouverture de session =====
20/06/2016 - 10:45:11 	Début du calcul
20/06/2016 - 10:45:11 	Nombre de positions : 200
20/06/2016 - 10:45:11 	Simulation inactivée
20/06/2016 - 10:45:11 	Lecture des conditions initiales
20/06/2016 - 10:45:11 	Fin du calcul
20/06/2016 - 10:46:38 	===== Fermeture de session =====

===============Finish Logging================


===============Init Logging================

23/06/2016 - 10:08:23 	===== Ouverture de session =====
23/06/2016 - 10:10:44 	Début du calcul
23/06/2016 - 10:10:44 	Nombre de positions : 200
23/06/2016 - 10:10:44 	Simulation inactivée
23/06/2016 - 10:10:44 	Lecture des conditions initiales
23/06/2016 - 10:10:45 	Fin du calcul
23/06/2016 - 10:11:58 	===== Fermeture de session =====

===============Finish Logging================


===============Init Logging================

05/10/2016 - 10:32:35 	===== Ouverture de session =====
05/10/2016 - 10:32:50 	Début du calcul
05/10/2016 - 10:32:50 	Nombre de positions : 200
05/10/2016 - 10:32:50 	Simulation inactivée
05/10/2016 - 10:32:50 	Lecture des conditions initiales
05/10/2016 - 10:32:51 	Fin du calcul
05/10/2016 - 10:35:00 	===== Fermeture de session =====

===============Finish Logging================

