
===============Init Logging================

30/10/2014 - 18:06:11 	===== Ouverture de session =====
30/10/2014 - 18:07:03 	===== Fermeture de session =====

===============Finish Logging================


===============Init Logging================

30/10/2014 - 18:09:02 	===== Ouverture de session =====
30/10/2014 - 18:31:32 	Début du calcul
30/10/2014 - 18:31:32 	Nombre de positions : 120
30/10/2014 - 18:31:32 	Simulation inactivée
30/10/2014 - 18:31:32 	Lecture des conditions initiales
30/10/2014 - 18:31:34 	Fin du calcul
30/10/2014 - 18:31:57 	Début du calcul
30/10/2014 - 18:31:57 	Nombre de positions : 120
30/10/2014 - 18:31:57 	Simulation inactivée
30/10/2014 - 18:31:57 	Lecture des conditions initiales
30/10/2014 - 18:31:59 	Fin du calcul
30/10/2014 - 18:32:03 	Début du calcul
30/10/2014 - 18:32:03 	Nombre de positions : 120
30/10/2014 - 18:32:03 	Simulation inactivée
30/10/2014 - 18:32:03 	Lecture des conditions initiales
30/10/2014 - 18:32:04 	Fin du calcul
30/10/2014 - 18:33:28 	Début du calcul
30/10/2014 - 18:33:28 	Nombre de positions : 120
30/10/2014 - 18:33:28 	Simulation inactivée
30/10/2014 - 18:33:28 	Lecture des conditions initiales
30/10/2014 - 18:33:29 	Fin du calcul
30/10/2014 - 18:35:10 	Début du calcul
30/10/2014 - 18:35:10 	Nombre de positions : 120
30/10/2014 - 18:35:10 	Simulation inactivée
30/10/2014 - 18:35:10 	Lecture des conditions initiales
30/10/2014 - 18:35:10 	Fin du calcul
30/10/2014 - 18:35:56 	Début du calcul
30/10/2014 - 18:35:56 	Nombre de positions : 120
30/10/2014 - 18:35:56 	Simulation inactivée
30/10/2014 - 18:35:56 	Lecture des conditions initiales
30/10/2014 - 18:35:56 	Fin du calcul
30/10/2014 - 18:36:28 	Début du calcul
30/10/2014 - 18:36:28 	Nombre de positions : 120
30/10/2014 - 18:36:28 	Simulation inactivée
30/10/2014 - 18:36:28 	Lecture des conditions initiales
30/10/2014 - 18:36:28 	Fin du calcul
30/10/2014 - 18:38:16 	Début du calcul
30/10/2014 - 18:38:16 	Nombre de positions : 120
30/10/2014 - 18:38:16 	Simulation inactivée
30/10/2014 - 18:38:16 	Lecture des conditions initiales
30/10/2014 - 18:38:17 	Fin du calcul
30/10/2014 - 18:39:10 	Début du calcul
30/10/2014 - 18:39:10 	Nombre de positions : 120
30/10/2014 - 18:39:10 	Simulation inactivée
30/10/2014 - 18:39:10 	Lecture des conditions initiales
30/10/2014 - 18:39:12 	Fin du calcul
30/10/2014 - 18:39:19 	Début du calcul
30/10/2014 - 18:39:19 	Nombre de positions : 120
30/10/2014 - 18:39:19 	Simulation inactivée
30/10/2014 - 18:39:19 	Lecture des conditions initiales
30/10/2014 - 18:39:19 	Fin du calcul
30/10/2014 - 18:41:41 	Début du calcul
30/10/2014 - 18:41:41 	Nombre de positions : 120
30/10/2014 - 18:41:41 	Simulation inactivée
30/10/2014 - 18:41:41 	Lecture des conditions initiales
30/10/2014 - 18:41:42 	Fin du calcul
30/10/2014 - 18:42:06 	Début du calcul
30/10/2014 - 18:42:06 	Nombre de positions : 120
30/10/2014 - 18:42:06 	Simulation inactivée
30/10/2014 - 18:42:06 	Lecture des conditions initiales
30/10/2014 - 18:42:07 	Fin du calcul
30/10/2014 - 18:43:38 	Début du calcul
30/10/2014 - 18:43:38 	Nombre de positions : 120
30/10/2014 - 18:43:38 	Simulation inactivée
30/10/2014 - 18:43:38 	Lecture des conditions initiales
30/10/2014 - 18:43:39 	Fin du calcul
30/10/2014 - 18:44:30 	Début du calcul
30/10/2014 - 18:44:30 	Nombre de positions : 120
30/10/2014 - 18:44:30 	Simulation inactivée
30/10/2014 - 18:44:30 	Lecture des conditions initiales
30/10/2014 - 18:44:30 	Fin du calcul
30/10/2014 - 18:46:45 	Début du calcul
30/10/2014 - 18:46:45 	Nombre de positions : 120
30/10/2014 - 18:46:45 	Simulation inactivée
30/10/2014 - 18:46:45 	Lecture des conditions initiales
30/10/2014 - 18:46:46 	Fin du calcul
30/10/2014 - 18:46:57 	Début du calcul
30/10/2014 - 18:46:57 	Nombre de positions : 120
30/10/2014 - 18:46:57 	Simulation inactivée
30/10/2014 - 18:46:57 	Lecture des conditions initiales
30/10/2014 - 18:46:58 	Fin du calcul
30/10/2014 - 18:47:05 	Début du calcul
30/10/2014 - 18:47:05 	Nombre de positions : 120
30/10/2014 - 18:47:05 	Simulation inactivée
30/10/2014 - 18:47:05 	Lecture des conditions initiales
30/10/2014 - 18:47:05 	Fin du calcul
30/10/2014 - 18:48:24 	Début du calcul
30/10/2014 - 18:48:24 	Nombre de positions : 200
30/10/2014 - 18:48:24 	Simulation inactivée
30/10/2014 - 18:48:24 	Lecture des conditions initiales
30/10/2014 - 18:48:24 	Fin du calcul
30/10/2014 - 18:48:52 	Début du calcul
30/10/2014 - 18:48:52 	Nombre de positions : 100
30/10/2014 - 18:48:52 	Simulation inactivée
30/10/2014 - 18:48:52 	Lecture des conditions initiales
30/10/2014 - 18:48:54 	Fin du calcul
30/10/2014 - 18:48:59 	Début du calcul
30/10/2014 - 18:48:59 	Nombre de positions : 200
30/10/2014 - 18:48:59 	Simulation inactivée
30/10/2014 - 18:48:59 	Lecture des conditions initiales
30/10/2014 - 18:49:00 	Fin du calcul
30/10/2014 - 18:49:05 	Début du calcul
30/10/2014 - 18:49:05 	Nombre de positions : 200
30/10/2014 - 18:49:05 	Simulation inactivée
30/10/2014 - 18:49:05 	Lecture des conditions initiales
30/10/2014 - 18:49:05 	Fin du calcul
30/10/2014 - 18:51:21 	===== Fermeture de session =====

===============Finish Logging================


===============Init Logging================

31/10/2014 - 17:34:18 	===== Ouverture de session =====
31/10/2014 - 17:36:43 	Début du calcul
31/10/2014 - 17:36:43 	Nombre de positions : 200
31/10/2014 - 17:36:43 	Simulation inactivée
31/10/2014 - 17:36:43 	Lecture des conditions initiales
31/10/2014 - 17:36:43 	Fin du calcul
31/10/2014 - 17:37:26 	Début du calcul
31/10/2014 - 17:37:26 	Nombre de positions : 200
31/10/2014 - 17:37:26 	Simulation inactivée
31/10/2014 - 17:37:26 	Lecture des conditions initiales
31/10/2014 - 17:37:26 	Fin du calcul
31/10/2014 - 17:50:16 	===== Fermeture de session =====

===============Finish Logging================


===============Init Logging================

31/10/2014 - 17:51:36 	===== Ouverture de session =====
31/10/2014 - 17:51:45 	Début du calcul
31/10/2014 - 17:51:45 	Nombre de positions : 200
31/10/2014 - 17:51:45 	Simulation inactivée
31/10/2014 - 17:51:45 	Lecture des conditions initiales
31/10/2014 - 17:51:45 	Fin du calcul
31/10/2014 - 17:51:50 	===== Fermeture de session =====

===============Finish Logging================


===============Init Logging================


===============Init Logging================


===============Init Logging================

15/11/2016 - 09:56:47 	===== Ouverture de session =====
15/11/2016 - 09:57:05 	===== Fermeture de session =====

===============Finish Logging================

