
===============Init Logging================

20/11/2015 - 11:44:39 	===== Ouverture de session =====
20/11/2015 - 13:43:41 	Début du calcul
20/11/2015 - 13:43:41 	Nombre de positions : 100
20/11/2015 - 13:43:41 	Simulation activée
20/11/2015 - 13:43:41 	Lecture des conditions initiales
20/11/2015 - 13:43:42 	Fin du calcul
20/11/2015 - 13:43:44 	Début du calcul
20/11/2015 - 13:43:44 	Nombre de positions : 100
20/11/2015 - 13:43:44 	Simulation activée
20/11/2015 - 13:43:44 	Lecture des conditions initiales
20/11/2015 - 13:43:46 	Fin du calcul
20/11/2015 - 13:43:52 	Début du calcul
20/11/2015 - 13:43:52 	Nombre de positions : 100
20/11/2015 - 13:43:52 	Simulation activée
20/11/2015 - 13:43:52 	Lecture des conditions initiales
20/11/2015 - 13:43:54 	Fin du calcul
20/11/2015 - 13:43:55 	Début du calcul
20/11/2015 - 13:43:55 	Nombre de positions : 100
20/11/2015 - 13:43:55 	Simulation activée
20/11/2015 - 13:43:55 	Lecture des conditions initiales
20/11/2015 - 13:43:57 	Fin du calcul
20/11/2015 - 13:49:00 	Début du calcul
20/11/2015 - 13:49:00 	Nombre de positions : 100
20/11/2015 - 13:49:00 	Simulation activée
20/11/2015 - 13:49:00 	Lecture des conditions initiales
20/11/2015 - 13:49:01 	Fin du calcul
20/11/2015 - 14:43:27 	Début du calcul
20/11/2015 - 14:43:27 	Nombre de positions : 1000
20/11/2015 - 14:43:27 	Simulation activée
20/11/2015 - 14:43:27 	Lecture des conditions initiales
20/11/2015 - 14:43:37 	Fin du calcul
20/11/2015 - 14:48:13 	Début du calcul
20/11/2015 - 14:48:13 	Nombre de positions : 1000
20/11/2015 - 14:48:13 	Simulation activée
20/11/2015 - 14:48:13 	Lecture des conditions initiales
20/11/2015 - 14:48:24 	Fin du calcul
20/11/2015 - 14:48:27 	Début du calcul
20/11/2015 - 14:48:27 	Nombre de positions : 1000
20/11/2015 - 14:48:27 	Simulation activée
20/11/2015 - 14:48:27 	Lecture des conditions initiales
20/11/2015 - 14:48:43 	===== Fermeture de session =====

===============Finish Logging================


===============Init Logging================

20/11/2015 - 14:49:56 	===== Ouverture de session =====
20/11/2015 - 14:50:14 	Début du calcul
20/11/2015 - 14:50:14 	Nombre de positions : 1000
20/11/2015 - 14:50:14 	Simulation inactivée
20/11/2015 - 14:50:14 	Lecture des conditions initiales
20/11/2015 - 14:50:14 	Fin du calcul
20/11/2015 - 14:53:09 	Début du calcul
20/11/2015 - 14:53:09 	Nombre de positions : 1000
20/11/2015 - 14:53:09 	Simulation inactivée
20/11/2015 - 14:53:09 	Lecture des conditions initiales
20/11/2015 - 14:53:09 	Fin du calcul
20/11/2015 - 14:53:45 	Début du calcul
20/11/2015 - 14:53:45 	Nombre de positions : 1000
20/11/2015 - 14:53:45 	Simulation inactivée
20/11/2015 - 14:53:45 	Lecture des conditions initiales
20/11/2015 - 14:53:45 	Fin du calcul
20/11/2015 - 14:54:21 	Début du calcul
20/11/2015 - 14:54:21 	Nombre de positions : 1000
20/11/2015 - 14:54:21 	Simulation inactivée
20/11/2015 - 14:54:21 	Lecture des conditions initiales
20/11/2015 - 14:54:22 	Fin du calcul
20/11/2015 - 14:54:51 	Début du calcul
20/11/2015 - 14:54:51 	Nombre de positions : 1000
20/11/2015 - 14:54:51 	Simulation inactivée
20/11/2015 - 14:54:51 	Lecture des conditions initiales
20/11/2015 - 14:54:52 	Fin du calcul
20/11/2015 - 15:03:10 	Début du calcul
20/11/2015 - 15:03:10 	Nombre de positions : 1000
20/11/2015 - 15:03:10 	Simulation inactivée
20/11/2015 - 15:03:10 	Lecture des conditions initiales
20/11/2015 - 15:03:10 	Fin du calcul
20/11/2015 - 16:10:54 	===== Fermeture de session =====

===============Finish Logging================


===============Init Logging================

20/11/2015 - 16:14:53 	===== Ouverture de session =====
20/11/2015 - 16:16:19 	Début du calcul
20/11/2015 - 16:16:19 	Nombre de positions : 1000
20/11/2015 - 16:16:19 	Simulation inactivée
20/11/2015 - 16:16:19 	Lecture des conditions initiales
20/11/2015 - 16:16:20 	Fin du calcul
20/11/2015 - 16:21:36 	Début du calcul
20/11/2015 - 16:21:36 	Nombre de positions : 1000
20/11/2015 - 16:21:36 	Simulation inactivée
20/11/2015 - 16:21:36 	Lecture des conditions initiales
20/11/2015 - 16:21:36 	Fin du calcul
20/11/2015 - 17:16:38 	===== Fermeture de session =====

===============Finish Logging================


===============Init Logging================

23/11/2015 - 10:33:21 	===== Ouverture de session =====
23/11/2015 - 11:08:51 	Début du calcul
23/11/2015 - 11:08:51 	Nombre de positions : 1000
23/11/2015 - 11:08:51 	Simulation inactivée
23/11/2015 - 11:08:51 	Lecture des conditions initiales
23/11/2015 - 11:08:53 	Fin du calcul
23/11/2015 - 11:08:56 	Début du calcul
23/11/2015 - 11:08:56 	Nombre de positions : 1000
23/11/2015 - 11:08:56 	Simulation inactivée
23/11/2015 - 11:08:56 	Lecture des conditions initiales
23/11/2015 - 11:08:56 	Fin du calcul
23/11/2015 - 11:09:09 	===== Fermeture de session =====

===============Finish Logging================


===============Init Logging================

25/11/2015 - 11:16:11 	===== Ouverture de session =====
25/11/2015 - 11:21:41 	Début du calcul
25/11/2015 - 11:21:41 	Nombre de positions : 100
25/11/2015 - 11:21:41 	Simulation inactivée
25/11/2015 - 11:21:41 	Lecture des conditions initiales
25/11/2015 - 11:21:41 	Fin du calcul
25/11/2015 - 11:21:44 	Début du calcul
25/11/2015 - 11:21:44 	Nombre de positions : 100
25/11/2015 - 11:21:44 	Simulation activée
25/11/2015 - 11:21:44 	Lecture des conditions initiales
25/11/2015 - 11:21:45 	Fin du calcul
25/11/2015 - 11:46:16 	===== Fermeture de session =====

===============Finish Logging================


===============Init Logging================

25/11/2015 - 20:51:13 	===== Ouverture de session =====
25/11/2015 - 20:54:13 	Début du calcul
25/11/2015 - 20:54:13 	Nombre de positions : 100
25/11/2015 - 20:54:13 	Simulation inactivée
25/11/2015 - 20:54:13 	Lecture des conditions initiales
25/11/2015 - 20:54:21 	Fin du calcul
25/11/2015 - 20:54:38 	Début du calcul
25/11/2015 - 20:54:38 	Nombre de positions : 100
25/11/2015 - 20:54:38 	Simulation activée
25/11/2015 - 20:54:38 	Lecture des conditions initiales
25/11/2015 - 20:54:42 	Fin du calcul
25/11/2015 - 20:54:46 	Début du calcul
25/11/2015 - 20:54:46 	Nombre de positions : 100
25/11/2015 - 20:54:46 	Simulation activée
25/11/2015 - 20:54:46 	Lecture des conditions initiales
25/11/2015 - 20:54:49 	Fin du calcul
25/11/2015 - 20:54:56 	Début du calcul
25/11/2015 - 20:54:56 	Nombre de positions : 100
25/11/2015 - 20:54:56 	Simulation activée
25/11/2015 - 20:54:56 	Lecture des conditions initiales
25/11/2015 - 20:54:58 	Fin du calcul
25/11/2015 - 21:21:43 	Début du calcul
25/11/2015 - 21:21:43 	Nombre de positions : 100
25/11/2015 - 21:21:43 	Simulation activée
25/11/2015 - 21:21:43 	Lecture des conditions initiales
25/11/2015 - 21:21:46 	Fin du calcul
25/11/2015 - 22:03:11 	Début du calcul
25/11/2015 - 22:03:11 	Nombre de positions : 100
25/11/2015 - 22:03:11 	Simulation activée
25/11/2015 - 22:03:11 	Lecture des conditions initiales
25/11/2015 - 22:03:14 	Fin du calcul
25/11/2015 - 22:26:37 	===== Fermeture de session =====

===============Finish Logging================


===============Init Logging================


===============Init Logging================

02/12/2015 - 12:39:33 	===== Ouverture de session =====
02/12/2015 - 12:44:27 	===== Fermeture de session =====

===============Finish Logging================

02/12/2015 - 12:39:33 	===== Ouverture de session =====
02/12/2015 - 12:44:27 	===== Fermeture de session =====

===============Finish Logging================


===============Init Logging================

23/11/2017 - 09:09:58 	===== Ouverture de session =====
23/11/2017 - 09:15:14 	Début du calcul
23/11/2017 - 09:15:14 	Nombre de positions : 1
23/11/2017 - 09:15:14 	Simulation activée
23/11/2017 - 09:15:14 	Lecture des conditions initiales
23/11/2017 - 09:15:14 	Fin du calcul
23/11/2017 - 09:15:50 	Début du calcul
23/11/2017 - 09:15:50 	Nombre de positions : 100
23/11/2017 - 09:15:50 	Simulation activée
23/11/2017 - 09:15:50 	Lecture des conditions initiales
23/11/2017 - 09:15:52 	Fin du calcul
23/11/2017 - 09:15:54 	Début du calcul
23/11/2017 - 09:15:54 	Nombre de positions : 100
23/11/2017 - 09:15:54 	Simulation activée
23/11/2017 - 09:15:54 	Lecture des conditions initiales
23/11/2017 - 09:15:56 	Fin du calcul
23/11/2017 - 09:15:58 	Début du calcul
23/11/2017 - 09:15:58 	Nombre de positions : 100
23/11/2017 - 09:15:58 	Simulation activée
23/11/2017 - 09:15:58 	Lecture des conditions initiales
23/11/2017 - 09:16:00 	Fin du calcul
23/11/2017 - 09:17:57 	Début du calcul
23/11/2017 - 09:17:57 	Nombre de positions : 100
23/11/2017 - 09:17:57 	Simulation activée
23/11/2017 - 09:17:57 	Lecture des conditions initiales
23/11/2017 - 09:17:58 	Fin du calcul
23/11/2017 - 09:18:03 	Début du calcul
23/11/2017 - 09:18:03 	Nombre de positions : 100
23/11/2017 - 09:18:03 	Simulation activée
23/11/2017 - 09:18:03 	Lecture des conditions initiales
23/11/2017 - 09:18:05 	Fin du calcul
23/11/2017 - 09:18:08 	Début du calcul
23/11/2017 - 09:18:08 	Nombre de positions : 100
23/11/2017 - 09:18:08 	Simulation activée
23/11/2017 - 09:18:08 	Lecture des conditions initiales
23/11/2017 - 09:18:10 	Fin du calcul
23/11/2017 - 09:18:12 	Début du calcul
23/11/2017 - 09:18:12 	Nombre de positions : 100
23/11/2017 - 09:18:12 	Simulation activée
23/11/2017 - 09:18:12 	Lecture des conditions initiales
23/11/2017 - 09:18:14 	Fin du calcul
23/11/2017 - 09:18:19 	Début du calcul
23/11/2017 - 09:18:19 	Nombre de positions : 100
23/11/2017 - 09:18:19 	Simulation activée
23/11/2017 - 09:18:19 	Lecture des conditions initiales
23/11/2017 - 09:18:20 	Fin du calcul
23/11/2017 - 09:18:26 	Début du calcul
23/11/2017 - 09:18:26 	Nombre de positions : 100
23/11/2017 - 09:18:26 	Simulation activée
23/11/2017 - 09:18:26 	Lecture des conditions initiales
23/11/2017 - 09:18:27 	Fin du calcul
23/11/2017 - 09:18:29 	Début du calcul
23/11/2017 - 09:18:29 	Nombre de positions : 100
23/11/2017 - 09:18:29 	Simulation activée
23/11/2017 - 09:18:29 	Lecture des conditions initiales
23/11/2017 - 09:18:30 	Fin du calcul
23/11/2017 - 09:18:31 	Début du calcul
23/11/2017 - 09:18:31 	Nombre de positions : 100
23/11/2017 - 09:18:31 	Simulation activée
23/11/2017 - 09:18:31 	Lecture des conditions initiales
23/11/2017 - 09:18:33 	Fin du calcul
23/11/2017 - 09:19:05 	Début du calcul
23/11/2017 - 09:19:05 	Nombre de positions : 100
23/11/2017 - 09:19:05 	Simulation activée
23/11/2017 - 09:19:05 	Lecture des conditions initiales
23/11/2017 - 09:19:07 	Fin du calcul
23/11/2017 - 09:29:38 	Début du calcul
23/11/2017 - 09:29:38 	Nombre de positions : 100
23/11/2017 - 09:29:38 	Simulation activée
23/11/2017 - 09:29:38 	Lecture des conditions initiales
23/11/2017 - 09:29:40 	Fin du calcul
23/11/2017 - 09:29:51 	Début du calcul
23/11/2017 - 09:29:51 	Nombre de positions : 100
23/11/2017 - 09:29:51 	Simulation activée
23/11/2017 - 09:29:51 	Lecture des conditions initiales
23/11/2017 - 09:29:52 	Fin du calcul
23/11/2017 - 09:29:53 	Début du calcul
23/11/2017 - 09:29:53 	Nombre de positions : 100
23/11/2017 - 09:29:54 	Simulation activée
23/11/2017 - 09:29:54 	Lecture des conditions initiales
23/11/2017 - 09:29:55 	Fin du calcul
23/11/2017 - 09:29:56 	Début du calcul
23/11/2017 - 09:29:56 	Nombre de positions : 100
23/11/2017 - 09:29:56 	Simulation activée
23/11/2017 - 09:29:56 	Lecture des conditions initiales
23/11/2017 - 09:29:58 	Fin du calcul
23/11/2017 - 09:32:11 	Début du calcul
23/11/2017 - 09:32:11 	Nombre de positions : 100
23/11/2017 - 09:32:11 	Simulation activée
23/11/2017 - 09:32:11 	Lecture des conditions initiales
23/11/2017 - 09:32:13 	Fin du calcul
23/11/2017 - 09:32:16 	Début du calcul
23/11/2017 - 09:32:16 	Nombre de positions : 100
23/11/2017 - 09:32:16 	Simulation activée
23/11/2017 - 09:32:16 	Lecture des conditions initiales
23/11/2017 - 09:32:17 	Fin du calcul
23/11/2017 - 09:32:22 	Début du calcul
23/11/2017 - 09:32:22 	Nombre de positions : 100
23/11/2017 - 09:32:22 	Simulation activée
23/11/2017 - 09:32:22 	Lecture des conditions initiales
23/11/2017 - 09:32:24 	Fin du calcul
23/11/2017 - 09:32:25 	Début du calcul
23/11/2017 - 09:32:25 	Nombre de positions : 100
23/11/2017 - 09:32:25 	Simulation activée
23/11/2017 - 09:32:25 	Lecture des conditions initiales
23/11/2017 - 09:32:26 	Fin du calcul
23/11/2017 - 12:56:22 	Début du calcul
23/11/2017 - 12:56:22 	Nombre de positions : 100
23/11/2017 - 12:56:22 	Simulation activée
23/11/2017 - 12:56:22 	Lecture des conditions initiales
23/11/2017 - 12:56:23 	Fin du calcul
23/11/2017 - 12:57:52 	Début du calcul
23/11/2017 - 12:57:52 	Nombre de positions : 100
23/11/2017 - 12:57:52 	Simulation activée
23/11/2017 - 12:57:52 	Lecture des conditions initiales
23/11/2017 - 12:57:55 	Analyse du système incorrecte
23/11/2017 - 12:57:55 	Abandon du calcul
23/11/2017 - 13:03:39 	Début du calcul
23/11/2017 - 13:03:39 	Nombre de positions : 100
23/11/2017 - 13:03:39 	Simulation activée
23/11/2017 - 13:03:39 	Lecture des conditions initiales
23/11/2017 - 13:03:41 	Analyse du système incorrecte
23/11/2017 - 13:03:41 	Abandon du calcul
23/11/2017 - 13:03:52 	Début du calcul
23/11/2017 - 13:03:52 	Nombre de positions : 100
23/11/2017 - 13:03:52 	Simulation activée
23/11/2017 - 13:03:52 	Lecture des conditions initiales
23/11/2017 - 13:03:57 	Analyse du système incorrecte
23/11/2017 - 13:03:57 	Abandon du calcul
23/11/2017 - 13:20:10 	Début du calcul
23/11/2017 - 13:20:10 	Nombre de positions : 100
23/11/2017 - 13:20:10 	Simulation activée
23/11/2017 - 13:20:11 	Lecture des conditions initiales
23/11/2017 - 13:20:51 	Analyse du système incorrecte
23/11/2017 - 13:20:51 	Abandon du calcul
23/11/2017 - 13:21:28 	Début du calcul
23/11/2017 - 13:21:28 	Nombre de positions : 100
23/11/2017 - 13:21:28 	Simulation activée
23/11/2017 - 13:21:28 	Lecture des conditions initiales
23/11/2017 - 13:21:30 	Fin du calcul
23/11/2017 - 13:21:33 	Début du calcul
23/11/2017 - 13:21:33 	Nombre de positions : 100
23/11/2017 - 13:21:33 	Simulation activée
23/11/2017 - 13:21:33 	Lecture des conditions initiales
23/11/2017 - 13:21:35 	Fin du calcul
23/11/2017 - 13:27:29 	Début du calcul
23/11/2017 - 13:27:29 	Nombre de positions : 100
23/11/2017 - 13:27:29 	Simulation activée
23/11/2017 - 13:27:29 	Lecture des conditions initiales
23/11/2017 - 13:27:31 	Fin du calcul
23/11/2017 - 13:33:19 	Début du calcul
23/11/2017 - 13:33:19 	Nombre de positions : 100
23/11/2017 - 13:33:20 	Simulation activée
23/11/2017 - 13:33:20 	Lecture des conditions initiales
23/11/2017 - 13:33:21 	Fin du calcul
23/11/2017 - 15:27:58 	===== Fermeture de session =====

===============Finish Logging================


===============Init Logging================

