
===============Init Logging================

13/11/2004 - 11:52:24 	===== Ouverture de session =====
13/11/2004 - 11:52:24 	Computing bounding box
13/11/2004 - 11:52:47 	===== Fermeture de session =====

===============Finish Logging================


===============Init Logging================

14/11/2004 - 09:55:31 	===== Ouverture de session =====
14/11/2004 - 09:55:31 	Computing bounding box
14/11/2004 - 09:59:07 	Computing bounding box
14/11/2004 - 10:00:21 	===== Fermeture de session =====

===============Finish Logging================


===============Init Logging================

13/11/2006 - 22:23:45 	===== Ouverture de session =====
13/11/2006 - 22:23:45 	Computing bounding box
13/11/2006 - 22:25:32 	===== Fermeture de session =====

===============Finish Logging================


===============Init Logging================

30/09/2013 - 23:23:58 	===== Ouverture de session =====
30/09/2013 - 23:25:22 	===== Fermeture de session =====

===============Finish Logging================

