
===============Init Logging================

08/11/2004 - 08:05:23 	===== Ouverture de session =====
08/11/2004 - 08:05:23 	Computing bounding box
08/11/2004 - 08:05:28 	===== Fermeture de session =====

===============Finish Logging================


===============Init Logging================

03/01/2005 - 08:30:26 	===== Ouverture de session =====
03/01/2005 - 08:30:26 	Computing bounding box
03/01/2005 - 08:30:57 	===== Fermeture de session =====

===============Finish Logging================


===============Init Logging================

05/01/2005 - 13:21:50 	===== Ouverture de session =====
05/01/2005 - 13:21:50 	Computing bounding box
05/01/2005 - 13:24:18 	Début du calcul
05/01/2005 - 13:24:18 	Nombre de positions : 100
05/01/2005 - 13:24:18 	Simulation inactivée
05/01/2005 - 13:24:18 	Lecture des conditions initiales
05/01/2005 - 13:24:19 	Fin du calcul
05/01/2005 - 13:25:52 	===== Fermeture de session =====

===============Finish Logging================


===============Init Logging================

26/05/2005 - 12:48:47 	===== Ouverture de session =====
26/05/2005 - 12:48:47 	Computing bounding box
26/05/2005 - 12:49:42 	===== Fermeture de session =====

===============Finish Logging================


===============Init Logging================

13/06/2005 - 07:29:28 	===== Ouverture de session =====
13/06/2005 - 07:29:28 	Computing bounding box
13/06/2005 - 07:29:41 	===== Fermeture de session =====

===============Finish Logging================


===============Init Logging================

15/06/2006 - 11:44:27 	===== Ouverture de session =====
15/06/2006 - 11:44:39 	===== Fermeture de session =====

===============Finish Logging================


===============Init Logging================

15/01/2007 - 07:53:26 	===== Ouverture de session =====
15/01/2007 - 07:53:34 	===== Fermeture de session =====

===============Finish Logging================


===============Init Logging================

15/01/2007 - 07:53:25 	===== Ouverture de session =====
15/01/2007 - 07:53:34 	===== Fermeture de session =====

===============Finish Logging================


===============Init Logging================

21/05/2007 - 13:12:58 	===== Ouverture de session =====
21/05/2007 - 13:13:16 	===== Fermeture de session =====

===============Finish Logging================


===============Init Logging================

21/05/2007 - 13:12:56 	===== Ouverture de session =====
21/05/2007 - 13:13:16 	===== Fermeture de session =====

===============Finish Logging================


===============Init Logging================

24/05/2007 - 17:00:11 	===== Ouverture de session =====
24/05/2007 - 17:00:53 	===== Fermeture de session =====

===============Finish Logging================


===============Init Logging================

24/05/2007 - 17:00:09 	===== Ouverture de session =====
24/05/2007 - 17:00:53 	===== Fermeture de session =====

===============Finish Logging================


===============Init Logging================

07/01/2008 - 07:33:40 	===== Ouverture de session =====
07/01/2008 - 07:33:55 	===== Fermeture de session =====

===============Finish Logging================


===============Init Logging================

07/01/2008 - 07:33:39 	===== Ouverture de session =====
07/01/2008 - 07:33:55 	===== Fermeture de session =====

===============Finish Logging================


===============Init Logging================

09/06/2008 - 07:50:47 	===== Ouverture de session =====
09/06/2008 - 07:51:37 	===== Fermeture de session =====

===============Finish Logging================


===============Init Logging================

09/06/2008 - 07:50:45 	===== Ouverture de session =====
09/06/2008 - 07:51:37 	===== Fermeture de session =====

===============Finish Logging================


===============Init Logging================

10/10/2011 - 13:49:43 	===== Ouverture de session =====
10/10/2011 - 13:51:30 	===== Fermeture de session =====

===============Finish Logging================


===============Init Logging================

10/10/2011 - 13:52:06 	===== Ouverture de session =====
10/10/2011 - 13:53:11 	===== Fermeture de session =====

===============Finish Logging================


===============Init Logging================

11/10/2011 - 12:53:19 	===== Ouverture de session =====
11/10/2011 - 12:53:49 	===== Fermeture de session =====

===============Finish Logging================


===============Init Logging================

11/10/2011 - 12:53:58 	===== Ouverture de session =====
11/10/2011 - 12:54:14 	===== Fermeture de session =====

===============Finish Logging================

