
===============Init Logging================

15/11/2004 - 19:19:39 	===== Ouverture de session =====
15/11/2004 - 19:19:40 	Computing bounding box
15/11/2004 - 19:22:05 	Début du calcul
15/11/2004 - 19:22:05 	Nombre de positions : 100
15/11/2004 - 19:22:05 	Simulation inactivée
15/11/2004 - 19:22:05 	Lecture des conditions initiales
15/11/2004 - 19:22:06 	Fin du calcul
15/11/2004 - 19:29:35 	Début du calcul
15/11/2004 - 19:29:35 	Nombre de positions : 100
15/11/2004 - 19:29:35 	Simulation inactivée
15/11/2004 - 19:29:35 	Lecture des conditions initiales
15/11/2004 - 19:29:35 	Fin du calcul
15/11/2004 - 19:32:53 	Début du calcul
15/11/2004 - 19:32:53 	Nombre de positions : 100
15/11/2004 - 19:32:53 	Simulation inactivée
15/11/2004 - 19:32:53 	Lecture des conditions initiales
15/11/2004 - 19:32:53 	Fin du calcul
15/11/2004 - 19:40:34 	===== Fermeture de session =====

===============Finish Logging================


===============Init Logging================

15/11/2004 - 20:52:55 	===== Ouverture de session =====
15/11/2004 - 20:52:56 	Computing bounding box
15/11/2004 - 20:56:15 	Computing bounding box
15/11/2004 - 20:56:15 	Computing bounding box
15/11/2004 - 20:56:31 	Computing bounding box
15/11/2004 - 20:57:06 	Computing bounding box
15/11/2004 - 20:57:07 	Computing bounding box
15/11/2004 - 20:57:30 	Computing bounding box
15/11/2004 - 20:57:30 	Computing bounding box
15/11/2004 - 20:57:55 	Computing bounding box
15/11/2004 - 20:57:55 	Computing bounding box
15/11/2004 - 20:58:09 	Computing bounding box
15/11/2004 - 20:58:15 	Computing bounding box
15/11/2004 - 20:59:39 	Computing bounding box
15/11/2004 - 21:00:04 	Computing bounding box
15/11/2004 - 21:00:04 	Computing bounding box
15/11/2004 - 21:00:28 	Computing bounding box
15/11/2004 - 21:00:28 	Computing bounding box
15/11/2004 - 21:00:48 	Computing bounding box
15/11/2004 - 21:00:48 	Computing bounding box
15/11/2004 - 21:01:44 	Computing bounding box
15/11/2004 - 21:01:44 	Computing bounding box
15/11/2004 - 21:09:05 	===== Fermeture de session =====

===============Finish Logging================


===============Init Logging================

15/11/2004 - 21:09:21 	===== Ouverture de session =====
15/11/2004 - 21:09:21 	Computing bounding box
15/11/2004 - 21:10:05 	Début du calcul
15/11/2004 - 21:10:05 	Nombre de positions : 100
15/11/2004 - 21:10:05 	Simulation inactivée
15/11/2004 - 21:10:05 	Lecture des conditions initiales
15/11/2004 - 21:10:05 	Fin du calcul
15/11/2004 - 21:13:20 	Computing bounding box
15/11/2004 - 21:13:20 	Computing bounding box
15/11/2004 - 21:13:38 	Computing bounding box
15/11/2004 - 21:13:38 	Computing bounding box
15/11/2004 - 21:13:52 	Computing bounding box
15/11/2004 - 21:13:53 	Computing bounding box
15/11/2004 - 21:13:58 	Computing bounding box
15/11/2004 - 21:14:14 	Computing bounding box
15/11/2004 - 21:14:15 	Computing bounding box
15/11/2004 - 21:14:35 	Computing bounding box
15/11/2004 - 21:14:35 	Computing bounding box
15/11/2004 - 21:14:46 	Computing bounding box
15/11/2004 - 21:14:47 	Computing bounding box
15/11/2004 - 21:14:53 	Computing bounding box
15/11/2004 - 21:15:32 	Computing bounding box
15/11/2004 - 21:15:32 	Computing bounding box
15/11/2004 - 21:15:42 	Computing bounding box
15/11/2004 - 21:15:58 	Computing bounding box
15/11/2004 - 21:15:58 	Computing bounding box
15/11/2004 - 21:28:31 	Début du calcul
15/11/2004 - 21:28:31 	Nombre de positions : 100
15/11/2004 - 21:28:31 	Simulation inactivée
15/11/2004 - 21:28:31 	Lecture des conditions initiales
15/11/2004 - 21:28:39 	Analyse du système incorrecte
15/11/2004 - 21:28:39 	Abandon du calcul
15/11/2004 - 21:30:36 	Début du calcul
15/11/2004 - 21:30:36 	Nombre de positions : 100
15/11/2004 - 21:30:36 	Simulation inactivée
15/11/2004 - 21:30:36 	Lecture des conditions initiales
15/11/2004 - 21:30:37 	Fin du calcul
15/11/2004 - 21:30:47 	Début du calcul
15/11/2004 - 21:30:47 	Nombre de positions : 100
15/11/2004 - 21:30:47 	Simulation inactivée
15/11/2004 - 21:30:47 	Lecture des conditions initiales
15/11/2004 - 21:30:48 	Fin du calcul
15/11/2004 - 21:32:46 	Début du calcul
15/11/2004 - 21:32:46 	Nombre de positions : 100
15/11/2004 - 21:32:46 	Simulation inactivée
15/11/2004 - 21:32:46 	Lecture des conditions initiales
15/11/2004 - 21:32:47 	Fin du calcul
15/11/2004 - 21:36:02 	===== Fermeture de session =====

===============Finish Logging================


===============Init Logging================

15/11/2004 - 21:49:18 	===== Ouverture de session =====
15/11/2004 - 21:49:19 	Computing bounding box
15/11/2004 - 21:50:37 	===== Fermeture de session =====

===============Finish Logging================


===============Init Logging================

15/11/2004 - 22:01:32 	===== Ouverture de session =====
15/11/2004 - 22:01:32 	Computing bounding box
15/11/2004 - 22:14:19 	Computing bounding box
15/11/2004 - 22:17:06 	===== Fermeture de session =====

===============Finish Logging================


===============Init Logging================

15/11/2004 - 22:17:21 	===== Ouverture de session =====
15/11/2004 - 22:17:22 	Computing bounding box
15/11/2004 - 22:19:34 	===== Fermeture de session =====

===============Finish Logging================


===============Init Logging================

15/11/2004 - 22:22:19 	===== Ouverture de session =====
15/11/2004 - 22:22:20 	Computing bounding box
15/11/2004 - 22:23:18 	===== Fermeture de session =====

===============Finish Logging================


===============Init Logging================

15/11/2004 - 22:23:44 	===== Ouverture de session =====
15/11/2004 - 22:23:44 	Computing bounding box
15/11/2004 - 22:34:42 	Computing bounding box
15/11/2004 - 22:34:42 	Computing bounding box
15/11/2004 - 22:35:55 	Computing bounding box
15/11/2004 - 22:35:55 	Computing bounding box
15/11/2004 - 22:36:16 	Computing bounding box
15/11/2004 - 22:36:16 	Computing bounding box
15/11/2004 - 22:41:25 	Début du calcul
15/11/2004 - 22:41:25 	Nombre de positions : 100
15/11/2004 - 22:41:25 	Simulation inactivée
15/11/2004 - 22:41:25 	Lecture des conditions initiales
15/11/2004 - 22:41:27 	Fin du calcul
15/11/2004 - 22:41:32 	Début du calcul
15/11/2004 - 22:41:32 	Nombre de positions : 100
15/11/2004 - 22:41:32 	Simulation inactivée
15/11/2004 - 22:41:32 	Lecture des conditions initiales
15/11/2004 - 22:41:33 	Fin du calcul
15/11/2004 - 22:44:35 	===== Fermeture de session =====

===============Finish Logging================

