
===============Init Logging================

13/11/2004 - 11:53:40 	===== Ouverture de session =====
13/11/2004 - 11:53:40 	Computing bounding box
13/11/2004 - 11:54:42 	===== Fermeture de session =====

===============Finish Logging================


===============Init Logging================

14/11/2004 - 09:56:08 	===== Ouverture de session =====
14/11/2004 - 09:56:08 	Computing bounding box
14/11/2004 - 09:59:37 	Computing bounding box
14/11/2004 - 10:00:45 	===== Fermeture de session =====

===============Finish Logging================


===============Init Logging================

24/11/2004 - 19:23:24 	===== Ouverture de session =====
24/11/2004 - 19:23:24 	Computing bounding box
24/11/2004 - 19:31:54 	===== Fermeture de session =====

===============Finish Logging================


===============Init Logging================

13/11/2006 - 22:24:20 	===== Ouverture de session =====
13/11/2006 - 22:24:21 	Computing bounding box
13/11/2006 - 22:25:26 	===== Fermeture de session =====

===============Finish Logging================

