
===============Init Logging================

22/02/2008 - 10:55:46 	===== Ouverture de session =====
22/02/2008 - 10:56:13 	===== Fermeture de session =====

===============Finish Logging================


===============Init Logging================

22/02/2008 - 15:52:41 	===== Ouverture de session =====
22/02/2008 - 15:52:54 	===== Fermeture de session =====

===============Finish Logging================


===============Init Logging================

22/02/2008 - 15:54:15 	===== Ouverture de session =====
22/02/2008 - 15:58:52 	Début du calcul
22/02/2008 - 15:58:52 	Nombre de positions : 360
22/02/2008 - 15:58:52 	Simulation inactivée
22/02/2008 - 15:58:52 	Lecture des conditions initiales
22/02/2008 - 15:58:53 	Fin du calcul
22/02/2008 - 16:04:50 	Début du calcul
22/02/2008 - 16:04:50 	Nombre de positions : 360
22/02/2008 - 16:04:50 	Simulation inactivée
22/02/2008 - 16:04:50 	Lecture des conditions initiales
22/02/2008 - 16:04:50 	Fin du calcul
22/02/2008 - 16:06:25 	===== Fermeture de session =====

===============Finish Logging================


===============Init Logging================

22/02/2008 - 20:09:03 	===== Ouverture de session =====
22/02/2008 - 20:09:53 	===== Fermeture de session =====

===============Finish Logging================


===============Init Logging================

22/02/2008 - 20:24:55 	===== Ouverture de session =====
22/02/2008 - 20:25:01 	===== Fermeture de session =====

===============Finish Logging================


===============Init Logging================

25/02/2008 - 10:08:20 	===== Ouverture de session =====
25/02/2008 - 10:13:43 	===== Fermeture de session =====

===============Finish Logging================


===============Init Logging================

25/02/2008 - 10:27:08 	===== Ouverture de session =====
25/02/2008 - 10:42:55 	Début du calcul
25/02/2008 - 10:42:55 	Nombre de positions : 360
25/02/2008 - 10:42:55 	Simulation inactivée
25/02/2008 - 10:42:55 	Lecture des conditions initiales
25/02/2008 - 10:42:57 	Fin du calcul
25/02/2008 - 10:43:58 	Début du calcul
25/02/2008 - 10:43:58 	Nombre de positions : 360
25/02/2008 - 10:43:58 	Simulation inactivée
25/02/2008 - 10:43:58 	Lecture des conditions initiales
25/02/2008 - 10:43:59 	Fin du calcul
25/02/2008 - 10:44:19 	===== Fermeture de session =====

===============Finish Logging================


===============Init Logging================

25/02/2008 - 10:44:34 	===== Ouverture de session =====
25/02/2008 - 10:46:40 	Début du calcul
25/02/2008 - 10:46:40 	Nombre de positions : 360
25/02/2008 - 10:46:40 	Simulation inactivée
25/02/2008 - 10:46:40 	Lecture des conditions initiales
25/02/2008 - 10:46:43 	Fin du calcul
25/02/2008 - 10:47:24 	Début du calcul
25/02/2008 - 10:47:24 	Nombre de positions : 360
25/02/2008 - 10:47:24 	Simulation inactivée
25/02/2008 - 10:47:24 	Lecture des conditions initiales
25/02/2008 - 10:47:27 	Fin du calcul
25/02/2008 - 10:48:07 	Début du calcul
25/02/2008 - 10:48:07 	Nombre de positions : 360
25/02/2008 - 10:48:07 	Simulation inactivée
25/02/2008 - 10:48:07 	Lecture des conditions initiales
25/02/2008 - 10:48:09 	Fin du calcul
25/02/2008 - 10:48:21 	Début du calcul
25/02/2008 - 10:48:21 	Nombre de positions : 361
25/02/2008 - 10:48:21 	Simulation inactivée
25/02/2008 - 10:48:21 	Lecture des conditions initiales
25/02/2008 - 10:48:22 	Fin du calcul
25/02/2008 - 10:48:29 	Début du calcul
25/02/2008 - 10:48:29 	Nombre de positions : 361
25/02/2008 - 10:48:29 	Simulation inactivée
25/02/2008 - 10:48:29 	Lecture des conditions initiales
25/02/2008 - 10:48:31 	Fin du calcul
25/02/2008 - 10:48:41 	Début du calcul
25/02/2008 - 10:48:41 	Nombre de positions : 361
25/02/2008 - 10:48:41 	Simulation inactivée
25/02/2008 - 10:48:41 	Lecture des conditions initiales
25/02/2008 - 10:48:42 	Fin du calcul
25/02/2008 - 10:48:51 	Début du calcul
25/02/2008 - 10:48:51 	Nombre de positions : 361
25/02/2008 - 10:48:51 	Simulation inactivée
25/02/2008 - 10:48:51 	Lecture des conditions initiales
25/02/2008 - 10:48:53 	Fin du calcul
25/02/2008 - 10:48:57 	Début du calcul
25/02/2008 - 10:48:57 	Nombre de positions : 361
25/02/2008 - 10:48:57 	Simulation inactivée
25/02/2008 - 10:48:57 	Lecture des conditions initiales
25/02/2008 - 10:49:00 	Fin du calcul
25/02/2008 - 10:49:44 	Début du calcul
25/02/2008 - 10:49:44 	Nombre de positions : 361
25/02/2008 - 10:49:44 	Simulation inactivée
25/02/2008 - 10:49:44 	Lecture des conditions initiales
25/02/2008 - 10:49:47 	Fin du calcul
25/02/2008 - 10:49:52 	Début du calcul
25/02/2008 - 10:49:52 	Nombre de positions : 361
25/02/2008 - 10:49:52 	Simulation inactivée
25/02/2008 - 10:49:52 	Lecture des conditions initiales
25/02/2008 - 10:49:54 	Fin du calcul
25/02/2008 - 10:50:01 	Début du calcul
25/02/2008 - 10:50:01 	Nombre de positions : 361
25/02/2008 - 10:50:01 	Simulation inactivée
25/02/2008 - 10:50:01 	Lecture des conditions initiales
25/02/2008 - 10:50:04 	Fin du calcul
25/02/2008 - 10:50:53 	Début du calcul
25/02/2008 - 10:50:53 	Nombre de positions : 361
25/02/2008 - 10:50:53 	Simulation inactivée
25/02/2008 - 10:50:53 	Lecture des conditions initiales
25/02/2008 - 10:50:55 	Fin du calcul
25/02/2008 - 10:51:05 	Début du calcul
25/02/2008 - 10:51:05 	Nombre de positions : 361
25/02/2008 - 10:51:05 	Simulation inactivée
25/02/2008 - 10:51:05 	Lecture des conditions initiales
25/02/2008 - 10:51:07 	Fin du calcul
25/02/2008 - 10:51:12 	Début du calcul
25/02/2008 - 10:51:12 	Nombre de positions : 20
25/02/2008 - 10:51:12 	Simulation inactivée
25/02/2008 - 10:51:12 	Lecture des conditions initiales
25/02/2008 - 10:51:13 	Fin du calcul
25/02/2008 - 10:51:17 	Début du calcul
25/02/2008 - 10:51:17 	Nombre de positions : 10
25/02/2008 - 10:51:17 	Simulation inactivée
25/02/2008 - 10:51:17 	Lecture des conditions initiales
25/02/2008 - 10:51:18 	Fin du calcul
25/02/2008 - 10:51:24 	Début du calcul
25/02/2008 - 10:51:24 	Nombre de positions : 100
25/02/2008 - 10:51:24 	Simulation inactivée
25/02/2008 - 10:51:24 	Lecture des conditions initiales
25/02/2008 - 10:51:25 	Fin du calcul
25/02/2008 - 10:51:32 	Début du calcul
25/02/2008 - 10:51:32 	Nombre de positions : 100
25/02/2008 - 10:51:32 	Simulation inactivée
25/02/2008 - 10:51:32 	Lecture des conditions initiales
25/02/2008 - 10:51:33 	Fin du calcul
25/02/2008 - 10:55:53 	Début du calcul
25/02/2008 - 10:55:53 	Nombre de positions : 75
25/02/2008 - 10:55:53 	Simulation inactivée
25/02/2008 - 10:55:53 	Lecture des conditions initiales
25/02/2008 - 10:55:55 	Fin du calcul
25/02/2008 - 10:56:05 	Début du calcul
25/02/2008 - 10:56:05 	Nombre de positions : 75
25/02/2008 - 10:56:05 	Simulation inactivée
25/02/2008 - 10:56:05 	Lecture des conditions initiales
25/02/2008 - 10:56:06 	Fin du calcul
25/02/2008 - 11:00:09 	Début du calcul
25/02/2008 - 11:00:09 	Nombre de positions : 75
25/02/2008 - 11:00:09 	Simulation inactivée
25/02/2008 - 11:00:09 	Lecture des conditions initiales
25/02/2008 - 11:00:09 	Fin du calcul
25/02/2008 - 11:25:30 	Début du calcul
25/02/2008 - 11:25:30 	Nombre de positions : 75
25/02/2008 - 11:25:30 	Simulation inactivée
25/02/2008 - 11:25:30 	Lecture des conditions initiales
25/02/2008 - 11:25:31 	Fin du calcul
25/02/2008 - 11:27:21 	Début du calcul
25/02/2008 - 11:27:21 	Nombre de positions : 75
25/02/2008 - 11:27:21 	Simulation inactivée
25/02/2008 - 11:27:21 	Lecture des conditions initiales
25/02/2008 - 11:27:22 	Fin du calcul
25/02/2008 - 11:27:33 	Début du calcul
25/02/2008 - 11:27:33 	Nombre de positions : 75
25/02/2008 - 11:27:33 	Simulation inactivée
25/02/2008 - 11:27:33 	Lecture des conditions initiales
25/02/2008 - 11:27:35 	Fin du calcul
25/02/2008 - 11:27:48 	Début du calcul
25/02/2008 - 11:27:48 	Nombre de positions : 75
25/02/2008 - 11:27:48 	Simulation inactivée
25/02/2008 - 11:27:48 	Lecture des conditions initiales
25/02/2008 - 11:27:49 	Fin du calcul
25/02/2008 - 11:27:55 	Début du calcul
25/02/2008 - 11:27:55 	Nombre de positions : 75
25/02/2008 - 11:27:55 	Simulation inactivée
25/02/2008 - 11:27:55 	Lecture des conditions initiales
25/02/2008 - 11:27:56 	Fin du calcul
25/02/2008 - 11:29:54 	===== Fermeture de session =====

===============Finish Logging================


===============Init Logging================

25/02/2008 - 11:42:05 	===== Ouverture de session =====
25/02/2008 - 11:42:39 	Début du calcul
25/02/2008 - 11:42:39 	Nombre de positions : 360
25/02/2008 - 11:42:39 	Simulation inactivée
25/02/2008 - 11:42:39 	Lecture des conditions initiales
25/02/2008 - 11:42:42 	Fin du calcul
25/02/2008 - 11:46:09 	Début du calcul
25/02/2008 - 11:46:09 	Nombre de positions : 360
25/02/2008 - 11:46:09 	Simulation inactivée
25/02/2008 - 11:46:09 	Lecture des conditions initiales
25/02/2008 - 11:46:21 	Analyse du système incorrecte
25/02/2008 - 11:46:21 	Abandon du calcul
25/02/2008 - 11:47:52 	Début du calcul
25/02/2008 - 11:47:52 	Nombre de positions : 360
25/02/2008 - 11:47:52 	Simulation inactivée
25/02/2008 - 11:47:52 	Lecture des conditions initiales
25/02/2008 - 11:47:56 	Analyse du système incorrecte
25/02/2008 - 11:47:56 	Abandon du calcul
25/02/2008 - 11:49:16 	Début du calcul
25/02/2008 - 11:49:16 	Nombre de positions : 360
25/02/2008 - 11:49:16 	Simulation inactivée
25/02/2008 - 11:49:16 	Lecture des conditions initiales
25/02/2008 - 11:49:21 	Analyse du système incorrecte
25/02/2008 - 11:49:21 	Abandon du calcul
25/02/2008 - 11:49:46 	Début du calcul
25/02/2008 - 11:49:46 	Nombre de positions : 360
25/02/2008 - 11:49:46 	Simulation inactivée
25/02/2008 - 11:49:46 	Lecture des conditions initiales
25/02/2008 - 11:49:47 	Analyse du système incorrecte
25/02/2008 - 11:49:47 	Abandon du calcul
25/02/2008 - 11:53:40 	Début du calcul
25/02/2008 - 11:53:40 	Nombre de positions : 360
25/02/2008 - 11:53:40 	Simulation inactivée
25/02/2008 - 11:53:40 	Lecture des conditions initiales
25/02/2008 - 11:53:42 	Fin du calcul
25/02/2008 - 11:58:30 	===== Fermeture de session =====

===============Finish Logging================


===============Init Logging================

25/02/2008 - 18:35:01 	===== Ouverture de session =====
25/02/2008 - 18:37:07 	Début du calcul
25/02/2008 - 18:37:07 	Nombre de positions : 360
25/02/2008 - 18:37:07 	Simulation inactivée
25/02/2008 - 18:37:07 	Lecture des conditions initiales
25/02/2008 - 18:37:09 	Fin du calcul
25/02/2008 - 18:39:15 	Début du calcul
25/02/2008 - 18:39:15 	Nombre de positions : 360
25/02/2008 - 18:39:15 	Simulation inactivée
25/02/2008 - 18:39:15 	Lecture des conditions initiales
25/02/2008 - 18:39:17 	Fin du calcul
25/02/2008 - 18:41:26 	===== Fermeture de session =====

===============Finish Logging================


===============Init Logging================

25/02/2008 - 18:41:51 	===== Ouverture de session =====
25/02/2008 - 18:42:27 	Début du calcul
25/02/2008 - 18:42:27 	Nombre de positions : 360
25/02/2008 - 18:42:27 	Simulation inactivée
25/02/2008 - 18:42:27 	Lecture des conditions initiales
25/02/2008 - 18:42:29 	Fin du calcul
25/02/2008 - 18:49:16 	===== Fermeture de session =====

===============Finish Logging================


===============Init Logging================

25/02/2008 - 19:35:29 	===== Ouverture de session =====
25/02/2008 - 19:36:07 	Début du calcul
25/02/2008 - 19:36:07 	Nombre de positions : 360
25/02/2008 - 19:36:07 	Simulation inactivée
25/02/2008 - 19:36:07 	Lecture des conditions initiales
25/02/2008 - 19:36:09 	Fin du calcul
25/02/2008 - 19:37:08 	===== Fermeture de session =====

===============Finish Logging================


===============Init Logging================

25/02/2008 - 20:03:50 	===== Ouverture de session =====
25/02/2008 - 20:04:04 	Début du calcul
25/02/2008 - 20:04:04 	Nombre de positions : 360
25/02/2008 - 20:04:04 	Simulation inactivée
25/02/2008 - 20:04:04 	Lecture des conditions initiales
25/02/2008 - 20:04:06 	Fin du calcul
25/02/2008 - 20:08:28 	Début du calcul
25/02/2008 - 20:08:28 	Nombre de positions : 100
25/02/2008 - 20:08:28 	Simulation inactivée
25/02/2008 - 20:08:28 	Lecture des conditions initiales
25/02/2008 - 20:08:30 	Fin du calcul
25/02/2008 - 20:08:34 	Début du calcul
25/02/2008 - 20:08:34 	Nombre de positions : 360
25/02/2008 - 20:08:34 	Simulation inactivée
25/02/2008 - 20:08:34 	Lecture des conditions initiales
25/02/2008 - 20:08:36 	Fin du calcul
25/02/2008 - 20:08:48 	Début du calcul
25/02/2008 - 20:08:48 	Nombre de positions : 360
25/02/2008 - 20:08:48 	Simulation inactivée
25/02/2008 - 20:08:48 	Lecture des conditions initiales
25/02/2008 - 20:08:50 	Fin du calcul
25/02/2008 - 20:09:19 	Début du calcul
25/02/2008 - 20:09:19 	Nombre de positions : 100
25/02/2008 - 20:09:19 	Simulation inactivée
25/02/2008 - 20:09:19 	Lecture des conditions initiales
25/02/2008 - 20:09:20 	Fin du calcul
25/02/2008 - 20:17:53 	===== Fermeture de session =====

===============Finish Logging================


===============Init Logging================

26/02/2008 - 09:28:03 	===== Ouverture de session =====
26/02/2008 - 09:46:12 	Début du calcul
26/02/2008 - 09:46:12 	Nombre de positions : 100
26/02/2008 - 09:46:12 	Simulation inactivée
26/02/2008 - 09:46:12 	Lecture des conditions initiales
26/02/2008 - 09:46:12 	Fin du calcul
26/02/2008 - 10:07:15 	Début du calcul
26/02/2008 - 10:07:15 	Nombre de positions : 100
26/02/2008 - 10:07:15 	Simulation inactivée
26/02/2008 - 10:07:15 	Lecture des conditions initiales
26/02/2008 - 10:07:15 	Fin du calcul
26/02/2008 - 10:08:51 	Début du calcul
26/02/2008 - 10:08:51 	Nombre de positions : 100
26/02/2008 - 10:08:51 	Simulation inactivée
26/02/2008 - 10:08:51 	Lecture des conditions initiales
26/02/2008 - 10:08:51 	Fin du calcul
26/02/2008 - 10:21:24 	Début du calcul
26/02/2008 - 10:21:24 	Nombre de positions : 100
26/02/2008 - 10:21:24 	Simulation inactivée
26/02/2008 - 10:21:24 	Lecture des conditions initiales
26/02/2008 - 10:21:24 	Fin du calcul
26/02/2008 - 10:24:58 	===== Fermeture de session =====

===============Finish Logging================


===============Init Logging================

30/05/2008 - 12:29:30 	===== Ouverture de session =====
30/05/2008 - 12:29:48 	===== Fermeture de session =====

===============Finish Logging================

